[32m2024-08-18 15:43:10 -0400[0m - dagster - [34mDEBUG[0m - earthquake_pipeline - 3e97a6ff-1eb0-4f41-819a-136ae704b791 - 53405 - LOGS_CAPTURED - Started capturing logs in process (pid: 53405).
[32m2024-08-18 15:43:10 -0400[0m - dagster - [34mDEBUG[0m - earthquake_pipeline - 3e97a6ff-1eb0-4f41-819a-136ae704b791 - 53405 - raw_earthquake - STEP_START - Started execution of step "raw_earthquake".
[32m2024-08-18 15:43:10 -0400[0m - dagster - [34mINFO[0m - earthquake_pipeline - 3e97a6ff-1eb0-4f41-819a-136ae704b791 - raw_earthquake - Triggering Airbyte sync for connection ID: 6ea9dba8-00d9-497d-a0ec-e9b30bf2363a
[32m2024-08-18 15:43:10 -0400[0m - dagster - [34mINFO[0m - earthquake_pipeline - 3e97a6ff-1eb0-4f41-819a-136ae704b791 - raw_earthquake - Checking Airbyte server health at http://localhost:8001/api/public/v1/health
[32m2024-08-18 15:43:10 -0400[0m - dagster - [34mINFO[0m - earthquake_pipeline - 3e97a6ff-1eb0-4f41-819a-136ae704b791 - raw_earthquake - Airbyte connection is valid.
[32m2024-08-18 15:43:10 -0400[0m - dagster - [34mINFO[0m - earthquake_pipeline - 3e97a6ff-1eb0-4f41-819a-136ae704b791 - raw_earthquake - Triggering Airbyte sync job with connection ID: 6ea9dba8-00d9-497d-a0ec-e9b30bf2363a at http://localhost:8001/api/public/v1/jobs
[32m2024-08-18 15:43:10 -0400[0m - dagster - [34mDEBUG[0m - earthquake_pipeline - 3e97a6ff-1eb0-4f41-819a-136ae704b791 - raw_earthquake - Sync job trigger response: Status code: 200 - Response text: {"jobId":303,"status":"running","jobType":"sync","startTime":"2024-08-18T19:43:10Z","connectionId":"6ea9dba8-00d9-497d-a0ec-e9b30bf2363a","duration":"PT0S"}
[32m2024-08-18 15:43:10 -0400[0m - dagster - [34mINFO[0m - earthquake_pipeline - 3e97a6ff-1eb0-4f41-819a-136ae704b791 - raw_earthquake - Sync job triggered successfully. Job ID: 303
[32m2024-08-18 15:43:10 -0400[0m - dagster - [34mINFO[0m - earthquake_pipeline - 3e97a6ff-1eb0-4f41-819a-136ae704b791 - raw_earthquake - Checking status of Airbyte sync job with Job ID: 303
[32m2024-08-18 15:43:10 -0400[0m - dagster - [34mDEBUG[0m - earthquake_pipeline - 3e97a6ff-1eb0-4f41-819a-136ae704b791 - raw_earthquake - Requesting job status from http://localhost:8001/api/public/v1/jobs/303
[32m2024-08-18 15:43:10 -0400[0m - dagster - [34mDEBUG[0m - earthquake_pipeline - 3e97a6ff-1eb0-4f41-819a-136ae704b791 - raw_earthquake - Job status response: Status code: 200 - Response text: {"jobId":303,"status":"running","jobType":"sync","startTime":"2024-08-18T19:43:10Z","connectionId":"6ea9dba8-00d9-497d-a0ec-e9b30bf2363a","duration":"PT0S","bytesSynced":0,"rowsSynced":0}
[32m2024-08-18 15:43:10 -0400[0m - dagster - [34mINFO[0m - earthquake_pipeline - 3e97a6ff-1eb0-4f41-819a-136ae704b791 - raw_earthquake - Job 303 is still in progress. Checking again in 10 seconds.
[32m2024-08-18 15:43:20 -0400[0m - dagster - [34mDEBUG[0m - earthquake_pipeline - 3e97a6ff-1eb0-4f41-819a-136ae704b791 - raw_earthquake - Requesting job status from http://localhost:8001/api/public/v1/jobs/303
[32m2024-08-18 15:43:20 -0400[0m - dagster - [34mDEBUG[0m - earthquake_pipeline - 3e97a6ff-1eb0-4f41-819a-136ae704b791 - raw_earthquake - Job status response: Status code: 200 - Response text: {"jobId":303,"status":"running","jobType":"sync","startTime":"2024-08-18T19:43:10Z","connectionId":"6ea9dba8-00d9-497d-a0ec-e9b30bf2363a","duration":"PT0S","bytesSynced":0,"rowsSynced":0}
[32m2024-08-18 15:43:20 -0400[0m - dagster - [34mINFO[0m - earthquake_pipeline - 3e97a6ff-1eb0-4f41-819a-136ae704b791 - raw_earthquake - Job 303 is still in progress. Checking again in 10 seconds.
[32m2024-08-18 15:43:30 -0400[0m - dagster - [34mDEBUG[0m - earthquake_pipeline - 3e97a6ff-1eb0-4f41-819a-136ae704b791 - raw_earthquake - Requesting job status from http://localhost:8001/api/public/v1/jobs/303
[32m2024-08-18 15:43:31 -0400[0m - dagster - [34mDEBUG[0m - earthquake_pipeline - 3e97a6ff-1eb0-4f41-819a-136ae704b791 - raw_earthquake - Job status response: Status code: 200 - Response text: {"jobId":303,"status":"running","jobType":"sync","startTime":"2024-08-18T19:43:10Z","connectionId":"6ea9dba8-00d9-497d-a0ec-e9b30bf2363a","duration":"PT0S","bytesSynced":0,"rowsSynced":0}
[32m2024-08-18 15:43:31 -0400[0m - dagster - [34mINFO[0m - earthquake_pipeline - 3e97a6ff-1eb0-4f41-819a-136ae704b791 - raw_earthquake - Job 303 is still in progress. Checking again in 10 seconds.
[32m2024-08-18 15:43:41 -0400[0m - dagster - [34mDEBUG[0m - earthquake_pipeline - 3e97a6ff-1eb0-4f41-819a-136ae704b791 - raw_earthquake - Requesting job status from http://localhost:8001/api/public/v1/jobs/303
[32m2024-08-18 15:43:41 -0400[0m - dagster - [34mDEBUG[0m - earthquake_pipeline - 3e97a6ff-1eb0-4f41-819a-136ae704b791 - raw_earthquake - Job status response: Status code: 200 - Response text: {"jobId":303,"status":"succeeded","jobType":"sync","startTime":"2024-08-18T19:43:10Z","connectionId":"6ea9dba8-00d9-497d-a0ec-e9b30bf2363a","lastUpdatedAt":"2024-08-18T19:43:40Z","duration":"PT30S","bytesSynced":139711,"rowsSynced":1}
[32m2024-08-18 15:43:41 -0400[0m - dagster - [34mINFO[0m - earthquake_pipeline - 3e97a6ff-1eb0-4f41-819a-136ae704b791 - raw_earthquake - Airbyte sync job 303 completed successfully.
[32m2024-08-18 15:43:41 -0400[0m - dagster - [34mDEBUG[0m - earthquake_pipeline - 3e97a6ff-1eb0-4f41-819a-136ae704b791 - 53405 - raw_earthquake - STEP_OUTPUT - Yielded output "result" of type "Nothing". (Type check passed).
[32m2024-08-18 15:43:41 -0400[0m - dagster - [34mDEBUG[0m - earthquake_pipeline - 3e97a6ff-1eb0-4f41-819a-136ae704b791 - 53405 - raw_earthquake - STEP_SUCCESS - Finished execution of step "raw_earthquake" in 30.95s.
