[32m2024-08-18 15:19:10 -0400[0m - dagster - [34mDEBUG[0m - earthquake_pipeline - a5af6625-75ad-4c28-b4d2-fa8a5c480760 - 50373 - LOGS_CAPTURED - Started capturing logs in process (pid: 50373).
[32m2024-08-18 15:19:10 -0400[0m - dagster - [34mDEBUG[0m - earthquake_pipeline - a5af6625-75ad-4c28-b4d2-fa8a5c480760 - 50373 - raw_earthquake - STEP_START - Started execution of step "raw_earthquake".
[32m2024-08-18 15:19:10 -0400[0m - dagster - [34mINFO[0m - earthquake_pipeline - a5af6625-75ad-4c28-b4d2-fa8a5c480760 - raw_earthquake - Triggering Airbyte sync for connection ID: 6ea9dba8-00d9-497d-a0ec-e9b30bf2363a
[32m2024-08-18 15:19:10 -0400[0m - dagster - [34mINFO[0m - earthquake_pipeline - a5af6625-75ad-4c28-b4d2-fa8a5c480760 - raw_earthquake - Checking Airbyte server health at http://localhost:8001/api/public/v1/health
[32m2024-08-18 15:19:10 -0400[0m - dagster - [34mINFO[0m - earthquake_pipeline - a5af6625-75ad-4c28-b4d2-fa8a5c480760 - raw_earthquake - Airbyte connection is valid.
[32m2024-08-18 15:19:10 -0400[0m - dagster - [34mINFO[0m - earthquake_pipeline - a5af6625-75ad-4c28-b4d2-fa8a5c480760 - raw_earthquake - Triggering Airbyte sync job with connection ID: 6ea9dba8-00d9-497d-a0ec-e9b30bf2363a at http://localhost:8001/api/public/v1/jobs
[32m2024-08-18 15:19:14 -0400[0m - dagster - [34mDEBUG[0m - earthquake_pipeline - a5af6625-75ad-4c28-b4d2-fa8a5c480760 - raw_earthquake - Sync job trigger response: Status code: 200 - Response text: {"jobId":281,"status":"running","jobType":"sync","startTime":"2024-08-18T19:19:13Z","connectionId":"6ea9dba8-00d9-497d-a0ec-e9b30bf2363a","duration":"PT0S"}
[32m2024-08-18 15:19:14 -0400[0m - dagster - [34mINFO[0m - earthquake_pipeline - a5af6625-75ad-4c28-b4d2-fa8a5c480760 - raw_earthquake - Sync job triggered successfully. Job ID: 281
[32m2024-08-18 15:19:14 -0400[0m - dagster - [34mINFO[0m - earthquake_pipeline - a5af6625-75ad-4c28-b4d2-fa8a5c480760 - raw_earthquake - Checking status of Airbyte sync job with Job ID: 281
[32m2024-08-18 15:19:14 -0400[0m - dagster - [34mDEBUG[0m - earthquake_pipeline - a5af6625-75ad-4c28-b4d2-fa8a5c480760 - raw_earthquake - Requesting job status from http://localhost:8001/api/public/v1/jobs/281
[32m2024-08-18 15:19:14 -0400[0m - dagster - [34mDEBUG[0m - earthquake_pipeline - a5af6625-75ad-4c28-b4d2-fa8a5c480760 - raw_earthquake - Job status response: Status code: 200 - Response text: {"jobId":281,"status":"running","jobType":"sync","startTime":"2024-08-18T19:19:13Z","connectionId":"6ea9dba8-00d9-497d-a0ec-e9b30bf2363a","duration":"PT0S","bytesSynced":0,"rowsSynced":0}
[32m2024-08-18 15:19:14 -0400[0m - dagster - [34mINFO[0m - earthquake_pipeline - a5af6625-75ad-4c28-b4d2-fa8a5c480760 - raw_earthquake - Job 281 is still in progress. Checking again in 10 seconds.
[32m2024-08-18 15:19:24 -0400[0m - dagster - [34mDEBUG[0m - earthquake_pipeline - a5af6625-75ad-4c28-b4d2-fa8a5c480760 - raw_earthquake - Requesting job status from http://localhost:8001/api/public/v1/jobs/281
[32m2024-08-18 15:19:24 -0400[0m - dagster - [34mDEBUG[0m - earthquake_pipeline - a5af6625-75ad-4c28-b4d2-fa8a5c480760 - raw_earthquake - Job status response: Status code: 200 - Response text: {"jobId":281,"status":"running","jobType":"sync","startTime":"2024-08-18T19:19:13Z","connectionId":"6ea9dba8-00d9-497d-a0ec-e9b30bf2363a","duration":"PT0S","bytesSynced":0,"rowsSynced":0}
[32m2024-08-18 15:19:24 -0400[0m - dagster - [34mINFO[0m - earthquake_pipeline - a5af6625-75ad-4c28-b4d2-fa8a5c480760 - raw_earthquake - Job 281 is still in progress. Checking again in 10 seconds.
[32m2024-08-18 15:19:34 -0400[0m - dagster - [34mDEBUG[0m - earthquake_pipeline - a5af6625-75ad-4c28-b4d2-fa8a5c480760 - raw_earthquake - Requesting job status from http://localhost:8001/api/public/v1/jobs/281
[32m2024-08-18 15:19:34 -0400[0m - dagster - [34mDEBUG[0m - earthquake_pipeline - a5af6625-75ad-4c28-b4d2-fa8a5c480760 - raw_earthquake - Job status response: Status code: 200 - Response text: {"jobId":281,"status":"running","jobType":"sync","startTime":"2024-08-18T19:19:13Z","connectionId":"6ea9dba8-00d9-497d-a0ec-e9b30bf2363a","duration":"PT0S","bytesSynced":0,"rowsSynced":0}
[32m2024-08-18 15:19:34 -0400[0m - dagster - [34mINFO[0m - earthquake_pipeline - a5af6625-75ad-4c28-b4d2-fa8a5c480760 - raw_earthquake - Job 281 is still in progress. Checking again in 10 seconds.
[32m2024-08-18 15:19:45 -0400[0m - dagster - [34mDEBUG[0m - earthquake_pipeline - a5af6625-75ad-4c28-b4d2-fa8a5c480760 - raw_earthquake - Requesting job status from http://localhost:8001/api/public/v1/jobs/281
[32m2024-08-18 15:19:45 -0400[0m - dagster - [34mDEBUG[0m - earthquake_pipeline - a5af6625-75ad-4c28-b4d2-fa8a5c480760 - raw_earthquake - Job status response: Status code: 200 - Response text: {"jobId":281,"status":"running","jobType":"sync","startTime":"2024-08-18T19:19:13Z","connectionId":"6ea9dba8-00d9-497d-a0ec-e9b30bf2363a","duration":"PT0S","bytesSynced":0,"rowsSynced":0}
[32m2024-08-18 15:19:45 -0400[0m - dagster - [34mINFO[0m - earthquake_pipeline - a5af6625-75ad-4c28-b4d2-fa8a5c480760 - raw_earthquake - Job 281 is still in progress. Checking again in 10 seconds.
[32m2024-08-18 15:19:55 -0400[0m - dagster - [34mDEBUG[0m - earthquake_pipeline - a5af6625-75ad-4c28-b4d2-fa8a5c480760 - raw_earthquake - Requesting job status from http://localhost:8001/api/public/v1/jobs/281
[32m2024-08-18 15:19:55 -0400[0m - dagster - [34mDEBUG[0m - earthquake_pipeline - a5af6625-75ad-4c28-b4d2-fa8a5c480760 - raw_earthquake - Job status response: Status code: 200 - Response text: {"jobId":281,"status":"succeeded","jobType":"sync","startTime":"2024-08-18T19:19:13Z","connectionId":"6ea9dba8-00d9-497d-a0ec-e9b30bf2363a","lastUpdatedAt":"2024-08-18T19:19:53Z","duration":"PT40S","bytesSynced":139041,"rowsSynced":1}
[32m2024-08-18 15:19:55 -0400[0m - dagster - [34mINFO[0m - earthquake_pipeline - a5af6625-75ad-4c28-b4d2-fa8a5c480760 - raw_earthquake - Airbyte sync job 281 completed successfully.
[32m2024-08-18 15:19:55 -0400[0m - dagster - [34mDEBUG[0m - earthquake_pipeline - a5af6625-75ad-4c28-b4d2-fa8a5c480760 - 50373 - raw_earthquake - STEP_OUTPUT - Yielded output "result" of type "Nothing". (Type check passed).
[32m2024-08-18 15:19:55 -0400[0m - dagster - [34mDEBUG[0m - earthquake_pipeline - a5af6625-75ad-4c28-b4d2-fa8a5c480760 - 50373 - raw_earthquake - STEP_SUCCESS - Finished execution of step "raw_earthquake" in 44.96s.
