[32m2024-08-18 15:31:13 -0400[0m - dagster - [34mDEBUG[0m - earthquake_pipeline - 47c16aba-e46f-4f7c-a9df-959419bcd1be - 51928 - LOGS_CAPTURED - Started capturing logs in process (pid: 51928).
[32m2024-08-18 15:31:13 -0400[0m - dagster - [34mDEBUG[0m - earthquake_pipeline - 47c16aba-e46f-4f7c-a9df-959419bcd1be - 51928 - raw_earthquake - STEP_START - Started execution of step "raw_earthquake".
[32m2024-08-18 15:31:13 -0400[0m - dagster - [34mINFO[0m - earthquake_pipeline - 47c16aba-e46f-4f7c-a9df-959419bcd1be - raw_earthquake - Triggering Airbyte sync for connection ID: 6ea9dba8-00d9-497d-a0ec-e9b30bf2363a
[32m2024-08-18 15:31:13 -0400[0m - dagster - [34mINFO[0m - earthquake_pipeline - 47c16aba-e46f-4f7c-a9df-959419bcd1be - raw_earthquake - Checking Airbyte server health at http://localhost:8001/api/public/v1/health
[32m2024-08-18 15:31:13 -0400[0m - dagster - [34mINFO[0m - earthquake_pipeline - 47c16aba-e46f-4f7c-a9df-959419bcd1be - raw_earthquake - Airbyte connection is valid.
[32m2024-08-18 15:31:13 -0400[0m - dagster - [34mINFO[0m - earthquake_pipeline - 47c16aba-e46f-4f7c-a9df-959419bcd1be - raw_earthquake - Triggering Airbyte sync job with connection ID: 6ea9dba8-00d9-497d-a0ec-e9b30bf2363a at http://localhost:8001/api/public/v1/jobs
[32m2024-08-18 15:31:13 -0400[0m - dagster - [34mDEBUG[0m - earthquake_pipeline - 47c16aba-e46f-4f7c-a9df-959419bcd1be - raw_earthquake - Sync job trigger response: Status code: 200 - Response text: {"jobId":291,"status":"running","jobType":"sync","startTime":"2024-08-18T19:31:13Z","connectionId":"6ea9dba8-00d9-497d-a0ec-e9b30bf2363a","duration":"PT0S"}
[32m2024-08-18 15:31:13 -0400[0m - dagster - [34mINFO[0m - earthquake_pipeline - 47c16aba-e46f-4f7c-a9df-959419bcd1be - raw_earthquake - Sync job triggered successfully. Job ID: 291
[32m2024-08-18 15:31:13 -0400[0m - dagster - [34mINFO[0m - earthquake_pipeline - 47c16aba-e46f-4f7c-a9df-959419bcd1be - raw_earthquake - Checking status of Airbyte sync job with Job ID: 291
[32m2024-08-18 15:31:13 -0400[0m - dagster - [34mDEBUG[0m - earthquake_pipeline - 47c16aba-e46f-4f7c-a9df-959419bcd1be - raw_earthquake - Requesting job status from http://localhost:8001/api/public/v1/jobs/291
[32m2024-08-18 15:31:13 -0400[0m - dagster - [34mDEBUG[0m - earthquake_pipeline - 47c16aba-e46f-4f7c-a9df-959419bcd1be - raw_earthquake - Job status response: Status code: 200 - Response text: {"jobId":291,"status":"running","jobType":"sync","startTime":"2024-08-18T19:31:13Z","connectionId":"6ea9dba8-00d9-497d-a0ec-e9b30bf2363a","duration":"PT0S","bytesSynced":0,"rowsSynced":0}
[32m2024-08-18 15:31:13 -0400[0m - dagster - [34mINFO[0m - earthquake_pipeline - 47c16aba-e46f-4f7c-a9df-959419bcd1be - raw_earthquake - Job 291 is still in progress. Checking again in 10 seconds.
[32m2024-08-18 15:31:23 -0400[0m - dagster - [34mDEBUG[0m - earthquake_pipeline - 47c16aba-e46f-4f7c-a9df-959419bcd1be - raw_earthquake - Requesting job status from http://localhost:8001/api/public/v1/jobs/291
[32m2024-08-18 15:31:23 -0400[0m - dagster - [34mDEBUG[0m - earthquake_pipeline - 47c16aba-e46f-4f7c-a9df-959419bcd1be - raw_earthquake - Job status response: Status code: 200 - Response text: {"jobId":291,"status":"running","jobType":"sync","startTime":"2024-08-18T19:31:13Z","connectionId":"6ea9dba8-00d9-497d-a0ec-e9b30bf2363a","duration":"PT0S","bytesSynced":0,"rowsSynced":0}
[32m2024-08-18 15:31:24 -0400[0m - dagster - [34mINFO[0m - earthquake_pipeline - 47c16aba-e46f-4f7c-a9df-959419bcd1be - raw_earthquake - Job 291 is still in progress. Checking again in 10 seconds.
[32m2024-08-18 15:31:34 -0400[0m - dagster - [34mDEBUG[0m - earthquake_pipeline - 47c16aba-e46f-4f7c-a9df-959419bcd1be - raw_earthquake - Requesting job status from http://localhost:8001/api/public/v1/jobs/291
[32m2024-08-18 15:31:34 -0400[0m - dagster - [34mDEBUG[0m - earthquake_pipeline - 47c16aba-e46f-4f7c-a9df-959419bcd1be - raw_earthquake - Job status response: Status code: 200 - Response text: {"jobId":291,"status":"running","jobType":"sync","startTime":"2024-08-18T19:31:13Z","connectionId":"6ea9dba8-00d9-497d-a0ec-e9b30bf2363a","duration":"PT0S","bytesSynced":0,"rowsSynced":0}
[32m2024-08-18 15:31:34 -0400[0m - dagster - [34mINFO[0m - earthquake_pipeline - 47c16aba-e46f-4f7c-a9df-959419bcd1be - raw_earthquake - Job 291 is still in progress. Checking again in 10 seconds.
[32m2024-08-18 15:31:44 -0400[0m - dagster - [34mDEBUG[0m - earthquake_pipeline - 47c16aba-e46f-4f7c-a9df-959419bcd1be - raw_earthquake - Requesting job status from http://localhost:8001/api/public/v1/jobs/291
[32m2024-08-18 15:31:44 -0400[0m - dagster - [34mDEBUG[0m - earthquake_pipeline - 47c16aba-e46f-4f7c-a9df-959419bcd1be - raw_earthquake - Job status response: Status code: 200 - Response text: {"jobId":291,"status":"succeeded","jobType":"sync","startTime":"2024-08-18T19:31:13Z","connectionId":"6ea9dba8-00d9-497d-a0ec-e9b30bf2363a","lastUpdatedAt":"2024-08-18T19:31:43Z","duration":"PT30S","bytesSynced":138995,"rowsSynced":1}
[32m2024-08-18 15:31:44 -0400[0m - dagster - [34mINFO[0m - earthquake_pipeline - 47c16aba-e46f-4f7c-a9df-959419bcd1be - raw_earthquake - Airbyte sync job 291 completed successfully.
[32m2024-08-18 15:31:44 -0400[0m - dagster - [34mDEBUG[0m - earthquake_pipeline - 47c16aba-e46f-4f7c-a9df-959419bcd1be - 51928 - raw_earthquake - STEP_OUTPUT - Yielded output "result" of type "Nothing". (Type check passed).
[32m2024-08-18 15:31:44 -0400[0m - dagster - [34mDEBUG[0m - earthquake_pipeline - 47c16aba-e46f-4f7c-a9df-959419bcd1be - 51928 - raw_earthquake - STEP_SUCCESS - Finished execution of step "raw_earthquake" in 31.08s.
