[32m2024-08-18 15:22:12 -0400[0m - dagster - [34mDEBUG[0m - earthquake_pipeline - 8b683520-1bb4-49a5-8c2b-85c973283da8 - 50710 - LOGS_CAPTURED - Started capturing logs in process (pid: 50710).
[32m2024-08-18 15:22:12 -0400[0m - dagster - [34mDEBUG[0m - earthquake_pipeline - 8b683520-1bb4-49a5-8c2b-85c973283da8 - 50710 - raw_earthquake - STEP_START - Started execution of step "raw_earthquake".
[32m2024-08-18 15:22:12 -0400[0m - dagster - [34mINFO[0m - earthquake_pipeline - 8b683520-1bb4-49a5-8c2b-85c973283da8 - raw_earthquake - Triggering Airbyte sync for connection ID: 6ea9dba8-00d9-497d-a0ec-e9b30bf2363a
[32m2024-08-18 15:22:12 -0400[0m - dagster - [34mINFO[0m - earthquake_pipeline - 8b683520-1bb4-49a5-8c2b-85c973283da8 - raw_earthquake - Checking Airbyte server health at http://localhost:8001/api/public/v1/health
[32m2024-08-18 15:22:12 -0400[0m - dagster - [34mINFO[0m - earthquake_pipeline - 8b683520-1bb4-49a5-8c2b-85c973283da8 - raw_earthquake - Airbyte connection is valid.
[32m2024-08-18 15:22:12 -0400[0m - dagster - [34mINFO[0m - earthquake_pipeline - 8b683520-1bb4-49a5-8c2b-85c973283da8 - raw_earthquake - Triggering Airbyte sync job with connection ID: 6ea9dba8-00d9-497d-a0ec-e9b30bf2363a at http://localhost:8001/api/public/v1/jobs
[32m2024-08-18 15:22:13 -0400[0m - dagster - [34mDEBUG[0m - earthquake_pipeline - 8b683520-1bb4-49a5-8c2b-85c973283da8 - raw_earthquake - Sync job trigger response: Status code: 200 - Response text: {"jobId":284,"status":"running","jobType":"sync","startTime":"2024-08-18T19:22:13Z","connectionId":"6ea9dba8-00d9-497d-a0ec-e9b30bf2363a","duration":"PT0S"}
[32m2024-08-18 15:22:13 -0400[0m - dagster - [34mINFO[0m - earthquake_pipeline - 8b683520-1bb4-49a5-8c2b-85c973283da8 - raw_earthquake - Sync job triggered successfully. Job ID: 284
[32m2024-08-18 15:22:13 -0400[0m - dagster - [34mINFO[0m - earthquake_pipeline - 8b683520-1bb4-49a5-8c2b-85c973283da8 - raw_earthquake - Checking status of Airbyte sync job with Job ID: 284
[32m2024-08-18 15:22:13 -0400[0m - dagster - [34mDEBUG[0m - earthquake_pipeline - 8b683520-1bb4-49a5-8c2b-85c973283da8 - raw_earthquake - Requesting job status from http://localhost:8001/api/public/v1/jobs/284
[32m2024-08-18 15:22:13 -0400[0m - dagster - [34mDEBUG[0m - earthquake_pipeline - 8b683520-1bb4-49a5-8c2b-85c973283da8 - raw_earthquake - Job status response: Status code: 200 - Response text: {"jobId":284,"status":"running","jobType":"sync","startTime":"2024-08-18T19:22:13Z","connectionId":"6ea9dba8-00d9-497d-a0ec-e9b30bf2363a","duration":"PT0S","bytesSynced":0,"rowsSynced":0}
[32m2024-08-18 15:22:13 -0400[0m - dagster - [34mINFO[0m - earthquake_pipeline - 8b683520-1bb4-49a5-8c2b-85c973283da8 - raw_earthquake - Job 284 is still in progress. Checking again in 10 seconds.
[32m2024-08-18 15:22:23 -0400[0m - dagster - [34mDEBUG[0m - earthquake_pipeline - 8b683520-1bb4-49a5-8c2b-85c973283da8 - raw_earthquake - Requesting job status from http://localhost:8001/api/public/v1/jobs/284
[32m2024-08-18 15:22:23 -0400[0m - dagster - [34mDEBUG[0m - earthquake_pipeline - 8b683520-1bb4-49a5-8c2b-85c973283da8 - raw_earthquake - Job status response: Status code: 200 - Response text: {"jobId":284,"status":"running","jobType":"sync","startTime":"2024-08-18T19:22:13Z","connectionId":"6ea9dba8-00d9-497d-a0ec-e9b30bf2363a","duration":"PT0S","bytesSynced":0,"rowsSynced":0}
[32m2024-08-18 15:22:23 -0400[0m - dagster - [34mINFO[0m - earthquake_pipeline - 8b683520-1bb4-49a5-8c2b-85c973283da8 - raw_earthquake - Job 284 is still in progress. Checking again in 10 seconds.
[32m2024-08-18 15:22:33 -0400[0m - dagster - [34mDEBUG[0m - earthquake_pipeline - 8b683520-1bb4-49a5-8c2b-85c973283da8 - raw_earthquake - Requesting job status from http://localhost:8001/api/public/v1/jobs/284
[32m2024-08-18 15:22:33 -0400[0m - dagster - [34mDEBUG[0m - earthquake_pipeline - 8b683520-1bb4-49a5-8c2b-85c973283da8 - raw_earthquake - Job status response: Status code: 200 - Response text: {"jobId":284,"status":"running","jobType":"sync","startTime":"2024-08-18T19:22:13Z","connectionId":"6ea9dba8-00d9-497d-a0ec-e9b30bf2363a","duration":"PT0S","bytesSynced":0,"rowsSynced":0}
[32m2024-08-18 15:22:33 -0400[0m - dagster - [34mINFO[0m - earthquake_pipeline - 8b683520-1bb4-49a5-8c2b-85c973283da8 - raw_earthquake - Job 284 is still in progress. Checking again in 10 seconds.
[32m2024-08-18 15:22:43 -0400[0m - dagster - [34mDEBUG[0m - earthquake_pipeline - 8b683520-1bb4-49a5-8c2b-85c973283da8 - raw_earthquake - Requesting job status from http://localhost:8001/api/public/v1/jobs/284
[32m2024-08-18 15:22:43 -0400[0m - dagster - [34mDEBUG[0m - earthquake_pipeline - 8b683520-1bb4-49a5-8c2b-85c973283da8 - raw_earthquake - Job status response: Status code: 200 - Response text: {"jobId":284,"status":"running","jobType":"sync","startTime":"2024-08-18T19:22:13Z","connectionId":"6ea9dba8-00d9-497d-a0ec-e9b30bf2363a","duration":"PT0S","bytesSynced":139041,"rowsSynced":1}
[32m2024-08-18 15:22:44 -0400[0m - dagster - [34mINFO[0m - earthquake_pipeline - 8b683520-1bb4-49a5-8c2b-85c973283da8 - raw_earthquake - Job 284 is still in progress. Checking again in 10 seconds.
[32m2024-08-18 15:22:54 -0400[0m - dagster - [34mDEBUG[0m - earthquake_pipeline - 8b683520-1bb4-49a5-8c2b-85c973283da8 - raw_earthquake - Requesting job status from http://localhost:8001/api/public/v1/jobs/284
[32m2024-08-18 15:22:54 -0400[0m - dagster - [34mDEBUG[0m - earthquake_pipeline - 8b683520-1bb4-49a5-8c2b-85c973283da8 - raw_earthquake - Job status response: Status code: 200 - Response text: {"jobId":284,"status":"succeeded","jobType":"sync","startTime":"2024-08-18T19:22:13Z","connectionId":"6ea9dba8-00d9-497d-a0ec-e9b30bf2363a","lastUpdatedAt":"2024-08-18T19:22:44Z","duration":"PT31S","bytesSynced":139041,"rowsSynced":1}
[32m2024-08-18 15:22:54 -0400[0m - dagster - [34mINFO[0m - earthquake_pipeline - 8b683520-1bb4-49a5-8c2b-85c973283da8 - raw_earthquake - Airbyte sync job 284 completed successfully.
[32m2024-08-18 15:22:54 -0400[0m - dagster - [34mDEBUG[0m - earthquake_pipeline - 8b683520-1bb4-49a5-8c2b-85c973283da8 - 50710 - raw_earthquake - STEP_OUTPUT - Yielded output "result" of type "Nothing". (Type check passed).
[32m2024-08-18 15:22:54 -0400[0m - dagster - [34mDEBUG[0m - earthquake_pipeline - 8b683520-1bb4-49a5-8c2b-85c973283da8 - 50710 - raw_earthquake - STEP_SUCCESS - Finished execution of step "raw_earthquake" in 41.76s.
