[32m2024-08-18 15:36:11 -0400[0m - dagster - [34mDEBUG[0m - earthquake_pipeline - 2a942f20-589b-4b4a-810a-748bf794343d - 52484 - LOGS_CAPTURED - Started capturing logs in process (pid: 52484).
[32m2024-08-18 15:36:11 -0400[0m - dagster - [34mDEBUG[0m - earthquake_pipeline - 2a942f20-589b-4b4a-810a-748bf794343d - 52484 - raw_earthquake - STEP_START - Started execution of step "raw_earthquake".
[32m2024-08-18 15:36:11 -0400[0m - dagster - [34mINFO[0m - earthquake_pipeline - 2a942f20-589b-4b4a-810a-748bf794343d - raw_earthquake - Triggering Airbyte sync for connection ID: 6ea9dba8-00d9-497d-a0ec-e9b30bf2363a
[32m2024-08-18 15:36:11 -0400[0m - dagster - [34mINFO[0m - earthquake_pipeline - 2a942f20-589b-4b4a-810a-748bf794343d - raw_earthquake - Checking Airbyte server health at http://localhost:8001/api/public/v1/health
[32m2024-08-18 15:36:11 -0400[0m - dagster - [34mINFO[0m - earthquake_pipeline - 2a942f20-589b-4b4a-810a-748bf794343d - raw_earthquake - Airbyte connection is valid.
[32m2024-08-18 15:36:11 -0400[0m - dagster - [34mINFO[0m - earthquake_pipeline - 2a942f20-589b-4b4a-810a-748bf794343d - raw_earthquake - Triggering Airbyte sync job with connection ID: 6ea9dba8-00d9-497d-a0ec-e9b30bf2363a at http://localhost:8001/api/public/v1/jobs
[32m2024-08-18 15:36:12 -0400[0m - dagster - [34mDEBUG[0m - earthquake_pipeline - 2a942f20-589b-4b4a-810a-748bf794343d - raw_earthquake - Sync job trigger response: Status code: 200 - Response text: {"jobId":296,"status":"running","jobType":"sync","startTime":"2024-08-18T19:36:11Z","connectionId":"6ea9dba8-00d9-497d-a0ec-e9b30bf2363a","duration":"PT0S"}
[32m2024-08-18 15:36:12 -0400[0m - dagster - [34mINFO[0m - earthquake_pipeline - 2a942f20-589b-4b4a-810a-748bf794343d - raw_earthquake - Sync job triggered successfully. Job ID: 296
[32m2024-08-18 15:36:12 -0400[0m - dagster - [34mINFO[0m - earthquake_pipeline - 2a942f20-589b-4b4a-810a-748bf794343d - raw_earthquake - Checking status of Airbyte sync job with Job ID: 296
[32m2024-08-18 15:36:12 -0400[0m - dagster - [34mDEBUG[0m - earthquake_pipeline - 2a942f20-589b-4b4a-810a-748bf794343d - raw_earthquake - Requesting job status from http://localhost:8001/api/public/v1/jobs/296
[32m2024-08-18 15:36:12 -0400[0m - dagster - [34mDEBUG[0m - earthquake_pipeline - 2a942f20-589b-4b4a-810a-748bf794343d - raw_earthquake - Job status response: Status code: 200 - Response text: {"jobId":296,"status":"running","jobType":"sync","startTime":"2024-08-18T19:36:11Z","connectionId":"6ea9dba8-00d9-497d-a0ec-e9b30bf2363a","duration":"PT0S","bytesSynced":0,"rowsSynced":0}
[32m2024-08-18 15:36:12 -0400[0m - dagster - [34mINFO[0m - earthquake_pipeline - 2a942f20-589b-4b4a-810a-748bf794343d - raw_earthquake - Job 296 is still in progress. Checking again in 10 seconds.
[32m2024-08-18 15:36:22 -0400[0m - dagster - [34mDEBUG[0m - earthquake_pipeline - 2a942f20-589b-4b4a-810a-748bf794343d - raw_earthquake - Requesting job status from http://localhost:8001/api/public/v1/jobs/296
[32m2024-08-18 15:36:22 -0400[0m - dagster - [34mDEBUG[0m - earthquake_pipeline - 2a942f20-589b-4b4a-810a-748bf794343d - raw_earthquake - Job status response: Status code: 200 - Response text: {"jobId":296,"status":"running","jobType":"sync","startTime":"2024-08-18T19:36:11Z","connectionId":"6ea9dba8-00d9-497d-a0ec-e9b30bf2363a","duration":"PT0S","bytesSynced":0,"rowsSynced":0}
[32m2024-08-18 15:36:22 -0400[0m - dagster - [34mINFO[0m - earthquake_pipeline - 2a942f20-589b-4b4a-810a-748bf794343d - raw_earthquake - Job 296 is still in progress. Checking again in 10 seconds.
[32m2024-08-18 15:36:32 -0400[0m - dagster - [34mDEBUG[0m - earthquake_pipeline - 2a942f20-589b-4b4a-810a-748bf794343d - raw_earthquake - Requesting job status from http://localhost:8001/api/public/v1/jobs/296
[32m2024-08-18 15:36:32 -0400[0m - dagster - [34mDEBUG[0m - earthquake_pipeline - 2a942f20-589b-4b4a-810a-748bf794343d - raw_earthquake - Job status response: Status code: 200 - Response text: {"jobId":296,"status":"running","jobType":"sync","startTime":"2024-08-18T19:36:11Z","connectionId":"6ea9dba8-00d9-497d-a0ec-e9b30bf2363a","duration":"PT0S","bytesSynced":0,"rowsSynced":0}
[32m2024-08-18 15:36:32 -0400[0m - dagster - [34mINFO[0m - earthquake_pipeline - 2a942f20-589b-4b4a-810a-748bf794343d - raw_earthquake - Job 296 is still in progress. Checking again in 10 seconds.
[32m2024-08-18 15:36:42 -0400[0m - dagster - [34mDEBUG[0m - earthquake_pipeline - 2a942f20-589b-4b4a-810a-748bf794343d - raw_earthquake - Requesting job status from http://localhost:8001/api/public/v1/jobs/296
[32m2024-08-18 15:36:42 -0400[0m - dagster - [34mDEBUG[0m - earthquake_pipeline - 2a942f20-589b-4b4a-810a-748bf794343d - raw_earthquake - Job status response: Status code: 200 - Response text: {"jobId":296,"status":"running","jobType":"sync","startTime":"2024-08-18T19:36:11Z","connectionId":"6ea9dba8-00d9-497d-a0ec-e9b30bf2363a","duration":"PT0S","bytesSynced":0,"rowsSynced":0}
[32m2024-08-18 15:36:42 -0400[0m - dagster - [34mINFO[0m - earthquake_pipeline - 2a942f20-589b-4b4a-810a-748bf794343d - raw_earthquake - Job 296 is still in progress. Checking again in 10 seconds.
[32m2024-08-18 15:36:52 -0400[0m - dagster - [34mDEBUG[0m - earthquake_pipeline - 2a942f20-589b-4b4a-810a-748bf794343d - raw_earthquake - Requesting job status from http://localhost:8001/api/public/v1/jobs/296
[32m2024-08-18 15:36:53 -0400[0m - dagster - [34mDEBUG[0m - earthquake_pipeline - 2a942f20-589b-4b4a-810a-748bf794343d - raw_earthquake - Job status response: Status code: 200 - Response text: {"jobId":296,"status":"succeeded","jobType":"sync","startTime":"2024-08-18T19:36:11Z","connectionId":"6ea9dba8-00d9-497d-a0ec-e9b30bf2363a","lastUpdatedAt":"2024-08-18T19:36:45Z","duration":"PT34S","bytesSynced":139700,"rowsSynced":1}
[32m2024-08-18 15:36:53 -0400[0m - dagster - [34mINFO[0m - earthquake_pipeline - 2a942f20-589b-4b4a-810a-748bf794343d - raw_earthquake - Airbyte sync job 296 completed successfully.
[32m2024-08-18 15:36:53 -0400[0m - dagster - [34mDEBUG[0m - earthquake_pipeline - 2a942f20-589b-4b4a-810a-748bf794343d - 52484 - raw_earthquake - STEP_OUTPUT - Yielded output "result" of type "Nothing". (Type check passed).
[32m2024-08-18 15:36:53 -0400[0m - dagster - [34mDEBUG[0m - earthquake_pipeline - 2a942f20-589b-4b4a-810a-748bf794343d - 52484 - raw_earthquake - STEP_SUCCESS - Finished execution of step "raw_earthquake" in 41.58s.
