[32m2024-08-18 15:20:11 -0400[0m - dagster - [34mDEBUG[0m - earthquake_pipeline - d18f3882-97a3-490c-a8cc-9d1a103756a2 - 50473 - LOGS_CAPTURED - Started capturing logs in process (pid: 50473).
[32m2024-08-18 15:20:11 -0400[0m - dagster - [34mDEBUG[0m - earthquake_pipeline - d18f3882-97a3-490c-a8cc-9d1a103756a2 - 50473 - raw_earthquake - STEP_START - Started execution of step "raw_earthquake".
[32m2024-08-18 15:20:11 -0400[0m - dagster - [34mINFO[0m - earthquake_pipeline - d18f3882-97a3-490c-a8cc-9d1a103756a2 - raw_earthquake - Triggering Airbyte sync for connection ID: 6ea9dba8-00d9-497d-a0ec-e9b30bf2363a
[32m2024-08-18 15:20:11 -0400[0m - dagster - [34mINFO[0m - earthquake_pipeline - d18f3882-97a3-490c-a8cc-9d1a103756a2 - raw_earthquake - Checking Airbyte server health at http://localhost:8001/api/public/v1/health
[32m2024-08-18 15:20:11 -0400[0m - dagster - [34mINFO[0m - earthquake_pipeline - d18f3882-97a3-490c-a8cc-9d1a103756a2 - raw_earthquake - Airbyte connection is valid.
[32m2024-08-18 15:20:11 -0400[0m - dagster - [34mINFO[0m - earthquake_pipeline - d18f3882-97a3-490c-a8cc-9d1a103756a2 - raw_earthquake - Triggering Airbyte sync job with connection ID: 6ea9dba8-00d9-497d-a0ec-e9b30bf2363a at http://localhost:8001/api/public/v1/jobs
[32m2024-08-18 15:20:12 -0400[0m - dagster - [34mDEBUG[0m - earthquake_pipeline - d18f3882-97a3-490c-a8cc-9d1a103756a2 - raw_earthquake - Sync job trigger response: Status code: 200 - Response text: {"jobId":282,"status":"running","jobType":"sync","startTime":"2024-08-18T19:20:11Z","connectionId":"6ea9dba8-00d9-497d-a0ec-e9b30bf2363a","duration":"PT0S"}
[32m2024-08-18 15:20:12 -0400[0m - dagster - [34mINFO[0m - earthquake_pipeline - d18f3882-97a3-490c-a8cc-9d1a103756a2 - raw_earthquake - Sync job triggered successfully. Job ID: 282
[32m2024-08-18 15:20:12 -0400[0m - dagster - [34mINFO[0m - earthquake_pipeline - d18f3882-97a3-490c-a8cc-9d1a103756a2 - raw_earthquake - Checking status of Airbyte sync job with Job ID: 282
[32m2024-08-18 15:20:12 -0400[0m - dagster - [34mDEBUG[0m - earthquake_pipeline - d18f3882-97a3-490c-a8cc-9d1a103756a2 - raw_earthquake - Requesting job status from http://localhost:8001/api/public/v1/jobs/282
[32m2024-08-18 15:20:12 -0400[0m - dagster - [34mDEBUG[0m - earthquake_pipeline - d18f3882-97a3-490c-a8cc-9d1a103756a2 - raw_earthquake - Job status response: Status code: 200 - Response text: {"jobId":282,"status":"running","jobType":"sync","startTime":"2024-08-18T19:20:11Z","connectionId":"6ea9dba8-00d9-497d-a0ec-e9b30bf2363a","duration":"PT0S","bytesSynced":0,"rowsSynced":0}
[32m2024-08-18 15:20:12 -0400[0m - dagster - [34mINFO[0m - earthquake_pipeline - d18f3882-97a3-490c-a8cc-9d1a103756a2 - raw_earthquake - Job 282 is still in progress. Checking again in 10 seconds.
[32m2024-08-18 15:20:22 -0400[0m - dagster - [34mDEBUG[0m - earthquake_pipeline - d18f3882-97a3-490c-a8cc-9d1a103756a2 - raw_earthquake - Requesting job status from http://localhost:8001/api/public/v1/jobs/282
[32m2024-08-18 15:20:22 -0400[0m - dagster - [34mDEBUG[0m - earthquake_pipeline - d18f3882-97a3-490c-a8cc-9d1a103756a2 - raw_earthquake - Job status response: Status code: 200 - Response text: {"jobId":282,"status":"running","jobType":"sync","startTime":"2024-08-18T19:20:11Z","connectionId":"6ea9dba8-00d9-497d-a0ec-e9b30bf2363a","duration":"PT0S","bytesSynced":0,"rowsSynced":0}
[32m2024-08-18 15:20:22 -0400[0m - dagster - [34mINFO[0m - earthquake_pipeline - d18f3882-97a3-490c-a8cc-9d1a103756a2 - raw_earthquake - Job 282 is still in progress. Checking again in 10 seconds.
[32m2024-08-18 15:20:32 -0400[0m - dagster - [34mDEBUG[0m - earthquake_pipeline - d18f3882-97a3-490c-a8cc-9d1a103756a2 - raw_earthquake - Requesting job status from http://localhost:8001/api/public/v1/jobs/282
[32m2024-08-18 15:20:32 -0400[0m - dagster - [34mDEBUG[0m - earthquake_pipeline - d18f3882-97a3-490c-a8cc-9d1a103756a2 - raw_earthquake - Job status response: Status code: 200 - Response text: {"jobId":282,"status":"running","jobType":"sync","startTime":"2024-08-18T19:20:11Z","connectionId":"6ea9dba8-00d9-497d-a0ec-e9b30bf2363a","duration":"PT0S","bytesSynced":0,"rowsSynced":0}
[32m2024-08-18 15:20:32 -0400[0m - dagster - [34mINFO[0m - earthquake_pipeline - d18f3882-97a3-490c-a8cc-9d1a103756a2 - raw_earthquake - Job 282 is still in progress. Checking again in 10 seconds.
[32m2024-08-18 15:20:42 -0400[0m - dagster - [34mDEBUG[0m - earthquake_pipeline - d18f3882-97a3-490c-a8cc-9d1a103756a2 - raw_earthquake - Requesting job status from http://localhost:8001/api/public/v1/jobs/282
[32m2024-08-18 15:20:42 -0400[0m - dagster - [34mDEBUG[0m - earthquake_pipeline - d18f3882-97a3-490c-a8cc-9d1a103756a2 - raw_earthquake - Job status response: Status code: 200 - Response text: {"jobId":282,"status":"running","jobType":"sync","startTime":"2024-08-18T19:20:11Z","connectionId":"6ea9dba8-00d9-497d-a0ec-e9b30bf2363a","duration":"PT0S","bytesSynced":139041,"rowsSynced":1}
[32m2024-08-18 15:20:42 -0400[0m - dagster - [34mINFO[0m - earthquake_pipeline - d18f3882-97a3-490c-a8cc-9d1a103756a2 - raw_earthquake - Job 282 is still in progress. Checking again in 10 seconds.
[32m2024-08-18 15:20:52 -0400[0m - dagster - [34mDEBUG[0m - earthquake_pipeline - d18f3882-97a3-490c-a8cc-9d1a103756a2 - raw_earthquake - Requesting job status from http://localhost:8001/api/public/v1/jobs/282
[32m2024-08-18 15:20:52 -0400[0m - dagster - [34mDEBUG[0m - earthquake_pipeline - d18f3882-97a3-490c-a8cc-9d1a103756a2 - raw_earthquake - Job status response: Status code: 200 - Response text: {"jobId":282,"status":"succeeded","jobType":"sync","startTime":"2024-08-18T19:20:11Z","connectionId":"6ea9dba8-00d9-497d-a0ec-e9b30bf2363a","lastUpdatedAt":"2024-08-18T19:20:44Z","duration":"PT33S","bytesSynced":139041,"rowsSynced":1}
[32m2024-08-18 15:20:52 -0400[0m - dagster - [34mINFO[0m - earthquake_pipeline - d18f3882-97a3-490c-a8cc-9d1a103756a2 - raw_earthquake - Airbyte sync job 282 completed successfully.
[32m2024-08-18 15:20:53 -0400[0m - dagster - [34mDEBUG[0m - earthquake_pipeline - d18f3882-97a3-490c-a8cc-9d1a103756a2 - 50473 - raw_earthquake - STEP_OUTPUT - Yielded output "result" of type "Nothing". (Type check passed).
[32m2024-08-18 15:20:53 -0400[0m - dagster - [34mDEBUG[0m - earthquake_pipeline - d18f3882-97a3-490c-a8cc-9d1a103756a2 - 50473 - raw_earthquake - STEP_SUCCESS - Finished execution of step "raw_earthquake" in 41.96s.
