[32m2024-08-18 15:35:09 -0400[0m - dagster - [34mDEBUG[0m - earthquake_pipeline - 99b77e3a-53b4-4503-ba88-e40865075edd - 52368 - LOGS_CAPTURED - Started capturing logs in process (pid: 52368).
[32m2024-08-18 15:35:09 -0400[0m - dagster - [34mDEBUG[0m - earthquake_pipeline - 99b77e3a-53b4-4503-ba88-e40865075edd - 52368 - raw_earthquake - STEP_START - Started execution of step "raw_earthquake".
[32m2024-08-18 15:35:09 -0400[0m - dagster - [34mINFO[0m - earthquake_pipeline - 99b77e3a-53b4-4503-ba88-e40865075edd - raw_earthquake - Triggering Airbyte sync for connection ID: 6ea9dba8-00d9-497d-a0ec-e9b30bf2363a
[32m2024-08-18 15:35:09 -0400[0m - dagster - [34mINFO[0m - earthquake_pipeline - 99b77e3a-53b4-4503-ba88-e40865075edd - raw_earthquake - Checking Airbyte server health at http://localhost:8001/api/public/v1/health
[32m2024-08-18 15:35:09 -0400[0m - dagster - [34mINFO[0m - earthquake_pipeline - 99b77e3a-53b4-4503-ba88-e40865075edd - raw_earthquake - Airbyte connection is valid.
[32m2024-08-18 15:35:09 -0400[0m - dagster - [34mINFO[0m - earthquake_pipeline - 99b77e3a-53b4-4503-ba88-e40865075edd - raw_earthquake - Triggering Airbyte sync job with connection ID: 6ea9dba8-00d9-497d-a0ec-e9b30bf2363a at http://localhost:8001/api/public/v1/jobs
[32m2024-08-18 15:35:10 -0400[0m - dagster - [34mDEBUG[0m - earthquake_pipeline - 99b77e3a-53b4-4503-ba88-e40865075edd - raw_earthquake - Sync job trigger response: Status code: 200 - Response text: {"jobId":295,"status":"running","jobType":"sync","startTime":"2024-08-18T19:35:10Z","connectionId":"6ea9dba8-00d9-497d-a0ec-e9b30bf2363a","duration":"PT0S"}
[32m2024-08-18 15:35:10 -0400[0m - dagster - [34mINFO[0m - earthquake_pipeline - 99b77e3a-53b4-4503-ba88-e40865075edd - raw_earthquake - Sync job triggered successfully. Job ID: 295
[32m2024-08-18 15:35:10 -0400[0m - dagster - [34mINFO[0m - earthquake_pipeline - 99b77e3a-53b4-4503-ba88-e40865075edd - raw_earthquake - Checking status of Airbyte sync job with Job ID: 295
[32m2024-08-18 15:35:10 -0400[0m - dagster - [34mDEBUG[0m - earthquake_pipeline - 99b77e3a-53b4-4503-ba88-e40865075edd - raw_earthquake - Requesting job status from http://localhost:8001/api/public/v1/jobs/295
[32m2024-08-18 15:35:10 -0400[0m - dagster - [34mDEBUG[0m - earthquake_pipeline - 99b77e3a-53b4-4503-ba88-e40865075edd - raw_earthquake - Job status response: Status code: 200 - Response text: {"jobId":295,"status":"running","jobType":"sync","startTime":"2024-08-18T19:35:10Z","connectionId":"6ea9dba8-00d9-497d-a0ec-e9b30bf2363a","duration":"PT0S","bytesSynced":0,"rowsSynced":0}
[32m2024-08-18 15:35:10 -0400[0m - dagster - [34mINFO[0m - earthquake_pipeline - 99b77e3a-53b4-4503-ba88-e40865075edd - raw_earthquake - Job 295 is still in progress. Checking again in 10 seconds.
[32m2024-08-18 15:35:20 -0400[0m - dagster - [34mDEBUG[0m - earthquake_pipeline - 99b77e3a-53b4-4503-ba88-e40865075edd - raw_earthquake - Requesting job status from http://localhost:8001/api/public/v1/jobs/295
[32m2024-08-18 15:35:20 -0400[0m - dagster - [34mDEBUG[0m - earthquake_pipeline - 99b77e3a-53b4-4503-ba88-e40865075edd - raw_earthquake - Job status response: Status code: 200 - Response text: {"jobId":295,"status":"running","jobType":"sync","startTime":"2024-08-18T19:35:10Z","connectionId":"6ea9dba8-00d9-497d-a0ec-e9b30bf2363a","duration":"PT0S","bytesSynced":0,"rowsSynced":0}
[32m2024-08-18 15:35:20 -0400[0m - dagster - [34mINFO[0m - earthquake_pipeline - 99b77e3a-53b4-4503-ba88-e40865075edd - raw_earthquake - Job 295 is still in progress. Checking again in 10 seconds.
[32m2024-08-18 15:35:30 -0400[0m - dagster - [34mDEBUG[0m - earthquake_pipeline - 99b77e3a-53b4-4503-ba88-e40865075edd - raw_earthquake - Requesting job status from http://localhost:8001/api/public/v1/jobs/295
[32m2024-08-18 15:35:30 -0400[0m - dagster - [34mDEBUG[0m - earthquake_pipeline - 99b77e3a-53b4-4503-ba88-e40865075edd - raw_earthquake - Job status response: Status code: 200 - Response text: {"jobId":295,"status":"running","jobType":"sync","startTime":"2024-08-18T19:35:10Z","connectionId":"6ea9dba8-00d9-497d-a0ec-e9b30bf2363a","duration":"PT0S","bytesSynced":0,"rowsSynced":0}
[32m2024-08-18 15:35:30 -0400[0m - dagster - [34mINFO[0m - earthquake_pipeline - 99b77e3a-53b4-4503-ba88-e40865075edd - raw_earthquake - Job 295 is still in progress. Checking again in 10 seconds.
[32m2024-08-18 15:35:40 -0400[0m - dagster - [34mDEBUG[0m - earthquake_pipeline - 99b77e3a-53b4-4503-ba88-e40865075edd - raw_earthquake - Requesting job status from http://localhost:8001/api/public/v1/jobs/295
[32m2024-08-18 15:35:40 -0400[0m - dagster - [34mDEBUG[0m - earthquake_pipeline - 99b77e3a-53b4-4503-ba88-e40865075edd - raw_earthquake - Job status response: Status code: 200 - Response text: {"jobId":295,"status":"succeeded","jobType":"sync","startTime":"2024-08-18T19:35:10Z","connectionId":"6ea9dba8-00d9-497d-a0ec-e9b30bf2363a","lastUpdatedAt":"2024-08-18T19:35:39Z","duration":"PT29S","bytesSynced":138995,"rowsSynced":1}
[32m2024-08-18 15:35:40 -0400[0m - dagster - [34mINFO[0m - earthquake_pipeline - 99b77e3a-53b4-4503-ba88-e40865075edd - raw_earthquake - Airbyte sync job 295 completed successfully.
[32m2024-08-18 15:35:40 -0400[0m - dagster - [34mDEBUG[0m - earthquake_pipeline - 99b77e3a-53b4-4503-ba88-e40865075edd - 52368 - raw_earthquake - STEP_OUTPUT - Yielded output "result" of type "Nothing". (Type check passed).
[32m2024-08-18 15:35:40 -0400[0m - dagster - [34mDEBUG[0m - earthquake_pipeline - 99b77e3a-53b4-4503-ba88-e40865075edd - 52368 - raw_earthquake - STEP_SUCCESS - Finished execution of step "raw_earthquake" in 30.89s.
