[32m2024-08-18 15:29:13 -0400[0m - dagster - [34mDEBUG[0m - earthquake_pipeline - c0a1a3e9-e320-4b65-b8f0-e6fefc1a70b4 - 51666 - LOGS_CAPTURED - Started capturing logs in process (pid: 51666).
[32m2024-08-18 15:29:13 -0400[0m - dagster - [34mDEBUG[0m - earthquake_pipeline - c0a1a3e9-e320-4b65-b8f0-e6fefc1a70b4 - 51666 - raw_earthquake - STEP_START - Started execution of step "raw_earthquake".
[32m2024-08-18 15:29:13 -0400[0m - dagster - [34mINFO[0m - earthquake_pipeline - c0a1a3e9-e320-4b65-b8f0-e6fefc1a70b4 - raw_earthquake - Triggering Airbyte sync for connection ID: 6ea9dba8-00d9-497d-a0ec-e9b30bf2363a
[32m2024-08-18 15:29:13 -0400[0m - dagster - [34mINFO[0m - earthquake_pipeline - c0a1a3e9-e320-4b65-b8f0-e6fefc1a70b4 - raw_earthquake - Checking Airbyte server health at http://localhost:8001/api/public/v1/health
[32m2024-08-18 15:29:13 -0400[0m - dagster - [34mINFO[0m - earthquake_pipeline - c0a1a3e9-e320-4b65-b8f0-e6fefc1a70b4 - raw_earthquake - Airbyte connection is valid.
[32m2024-08-18 15:29:13 -0400[0m - dagster - [34mINFO[0m - earthquake_pipeline - c0a1a3e9-e320-4b65-b8f0-e6fefc1a70b4 - raw_earthquake - Triggering Airbyte sync job with connection ID: 6ea9dba8-00d9-497d-a0ec-e9b30bf2363a at http://localhost:8001/api/public/v1/jobs
[32m2024-08-18 15:29:14 -0400[0m - dagster - [34mDEBUG[0m - earthquake_pipeline - c0a1a3e9-e320-4b65-b8f0-e6fefc1a70b4 - raw_earthquake - Sync job trigger response: Status code: 200 - Response text: {"jobId":289,"status":"running","jobType":"sync","startTime":"2024-08-18T19:29:14Z","connectionId":"6ea9dba8-00d9-497d-a0ec-e9b30bf2363a","duration":"PT0S"}
[32m2024-08-18 15:29:14 -0400[0m - dagster - [34mINFO[0m - earthquake_pipeline - c0a1a3e9-e320-4b65-b8f0-e6fefc1a70b4 - raw_earthquake - Sync job triggered successfully. Job ID: 289
[32m2024-08-18 15:29:14 -0400[0m - dagster - [34mINFO[0m - earthquake_pipeline - c0a1a3e9-e320-4b65-b8f0-e6fefc1a70b4 - raw_earthquake - Checking status of Airbyte sync job with Job ID: 289
[32m2024-08-18 15:29:14 -0400[0m - dagster - [34mDEBUG[0m - earthquake_pipeline - c0a1a3e9-e320-4b65-b8f0-e6fefc1a70b4 - raw_earthquake - Requesting job status from http://localhost:8001/api/public/v1/jobs/289
[32m2024-08-18 15:29:14 -0400[0m - dagster - [34mDEBUG[0m - earthquake_pipeline - c0a1a3e9-e320-4b65-b8f0-e6fefc1a70b4 - raw_earthquake - Job status response: Status code: 200 - Response text: {"jobId":289,"status":"running","jobType":"sync","startTime":"2024-08-18T19:29:14Z","connectionId":"6ea9dba8-00d9-497d-a0ec-e9b30bf2363a","duration":"PT0S","bytesSynced":0,"rowsSynced":0}
[32m2024-08-18 15:29:14 -0400[0m - dagster - [34mINFO[0m - earthquake_pipeline - c0a1a3e9-e320-4b65-b8f0-e6fefc1a70b4 - raw_earthquake - Job 289 is still in progress. Checking again in 10 seconds.
[32m2024-08-18 15:29:24 -0400[0m - dagster - [34mDEBUG[0m - earthquake_pipeline - c0a1a3e9-e320-4b65-b8f0-e6fefc1a70b4 - raw_earthquake - Requesting job status from http://localhost:8001/api/public/v1/jobs/289
[32m2024-08-18 15:29:25 -0400[0m - dagster - [34mDEBUG[0m - earthquake_pipeline - c0a1a3e9-e320-4b65-b8f0-e6fefc1a70b4 - raw_earthquake - Job status response: Status code: 200 - Response text: {"jobId":289,"status":"running","jobType":"sync","startTime":"2024-08-18T19:29:14Z","connectionId":"6ea9dba8-00d9-497d-a0ec-e9b30bf2363a","duration":"PT0S","bytesSynced":0,"rowsSynced":0}
[32m2024-08-18 15:29:25 -0400[0m - dagster - [34mINFO[0m - earthquake_pipeline - c0a1a3e9-e320-4b65-b8f0-e6fefc1a70b4 - raw_earthquake - Job 289 is still in progress. Checking again in 10 seconds.
[32m2024-08-18 15:29:35 -0400[0m - dagster - [34mDEBUG[0m - earthquake_pipeline - c0a1a3e9-e320-4b65-b8f0-e6fefc1a70b4 - raw_earthquake - Requesting job status from http://localhost:8001/api/public/v1/jobs/289
[32m2024-08-18 15:29:35 -0400[0m - dagster - [34mDEBUG[0m - earthquake_pipeline - c0a1a3e9-e320-4b65-b8f0-e6fefc1a70b4 - raw_earthquake - Job status response: Status code: 200 - Response text: {"jobId":289,"status":"running","jobType":"sync","startTime":"2024-08-18T19:29:14Z","connectionId":"6ea9dba8-00d9-497d-a0ec-e9b30bf2363a","duration":"PT0S","bytesSynced":0,"rowsSynced":0}
[32m2024-08-18 15:29:35 -0400[0m - dagster - [34mINFO[0m - earthquake_pipeline - c0a1a3e9-e320-4b65-b8f0-e6fefc1a70b4 - raw_earthquake - Job 289 is still in progress. Checking again in 10 seconds.
[32m2024-08-18 15:29:45 -0400[0m - dagster - [34mDEBUG[0m - earthquake_pipeline - c0a1a3e9-e320-4b65-b8f0-e6fefc1a70b4 - raw_earthquake - Requesting job status from http://localhost:8001/api/public/v1/jobs/289
[32m2024-08-18 15:29:45 -0400[0m - dagster - [34mDEBUG[0m - earthquake_pipeline - c0a1a3e9-e320-4b65-b8f0-e6fefc1a70b4 - raw_earthquake - Job status response: Status code: 200 - Response text: {"jobId":289,"status":"running","jobType":"sync","startTime":"2024-08-18T19:29:14Z","connectionId":"6ea9dba8-00d9-497d-a0ec-e9b30bf2363a","duration":"PT0S","bytesSynced":0,"rowsSynced":0}
[32m2024-08-18 15:29:45 -0400[0m - dagster - [34mINFO[0m - earthquake_pipeline - c0a1a3e9-e320-4b65-b8f0-e6fefc1a70b4 - raw_earthquake - Job 289 is still in progress. Checking again in 10 seconds.
[32m2024-08-18 15:29:55 -0400[0m - dagster - [34mDEBUG[0m - earthquake_pipeline - c0a1a3e9-e320-4b65-b8f0-e6fefc1a70b4 - raw_earthquake - Requesting job status from http://localhost:8001/api/public/v1/jobs/289
[32m2024-08-18 15:29:55 -0400[0m - dagster - [34mDEBUG[0m - earthquake_pipeline - c0a1a3e9-e320-4b65-b8f0-e6fefc1a70b4 - raw_earthquake - Job status response: Status code: 200 - Response text: {"jobId":289,"status":"succeeded","jobType":"sync","startTime":"2024-08-18T19:29:14Z","connectionId":"6ea9dba8-00d9-497d-a0ec-e9b30bf2363a","lastUpdatedAt":"2024-08-18T19:29:52Z","duration":"PT38S","bytesSynced":277990,"rowsSynced":2}
[32m2024-08-18 15:29:55 -0400[0m - dagster - [34mINFO[0m - earthquake_pipeline - c0a1a3e9-e320-4b65-b8f0-e6fefc1a70b4 - raw_earthquake - Airbyte sync job 289 completed successfully.
[32m2024-08-18 15:29:55 -0400[0m - dagster - [34mDEBUG[0m - earthquake_pipeline - c0a1a3e9-e320-4b65-b8f0-e6fefc1a70b4 - 51666 - raw_earthquake - STEP_OUTPUT - Yielded output "result" of type "Nothing". (Type check passed).
[32m2024-08-18 15:29:55 -0400[0m - dagster - [34mDEBUG[0m - earthquake_pipeline - c0a1a3e9-e320-4b65-b8f0-e6fefc1a70b4 - 51666 - raw_earthquake - STEP_SUCCESS - Finished execution of step "raw_earthquake" in 41.89s.
