[32m2024-08-18 15:53:14 -0400[0m - dagster - [34mDEBUG[0m - earthquake_pipeline - 3364c9cc-a19d-41a2-b42c-19254269bfd6 - 54658 - LOGS_CAPTURED - Started capturing logs in process (pid: 54658).
[32m2024-08-18 15:53:14 -0400[0m - dagster - [34mDEBUG[0m - earthquake_pipeline - 3364c9cc-a19d-41a2-b42c-19254269bfd6 - 54658 - raw_earthquake - STEP_START - Started execution of step "raw_earthquake".
[32m2024-08-18 15:53:14 -0400[0m - dagster - [34mINFO[0m - earthquake_pipeline - 3364c9cc-a19d-41a2-b42c-19254269bfd6 - raw_earthquake - Triggering Airbyte sync for connection ID: 6ea9dba8-00d9-497d-a0ec-e9b30bf2363a
[32m2024-08-18 15:53:14 -0400[0m - dagster - [34mINFO[0m - earthquake_pipeline - 3364c9cc-a19d-41a2-b42c-19254269bfd6 - raw_earthquake - Checking Airbyte server health at http://localhost:8001/api/public/v1/health
[32m2024-08-18 15:53:14 -0400[0m - dagster - [34mINFO[0m - earthquake_pipeline - 3364c9cc-a19d-41a2-b42c-19254269bfd6 - raw_earthquake - Airbyte connection is valid.
[32m2024-08-18 15:53:14 -0400[0m - dagster - [34mINFO[0m - earthquake_pipeline - 3364c9cc-a19d-41a2-b42c-19254269bfd6 - raw_earthquake - Triggering Airbyte sync job with connection ID: 6ea9dba8-00d9-497d-a0ec-e9b30bf2363a at http://localhost:8001/api/public/v1/jobs
[32m2024-08-18 15:53:16 -0400[0m - dagster - [34mDEBUG[0m - earthquake_pipeline - 3364c9cc-a19d-41a2-b42c-19254269bfd6 - raw_earthquake - Sync job trigger response: Status code: 200 - Response text: {"jobId":313,"status":"running","jobType":"sync","startTime":"2024-08-18T19:53:15Z","connectionId":"6ea9dba8-00d9-497d-a0ec-e9b30bf2363a","duration":"PT0S"}
[32m2024-08-18 15:53:16 -0400[0m - dagster - [34mINFO[0m - earthquake_pipeline - 3364c9cc-a19d-41a2-b42c-19254269bfd6 - raw_earthquake - Sync job triggered successfully. Job ID: 313
[32m2024-08-18 15:53:16 -0400[0m - dagster - [34mINFO[0m - earthquake_pipeline - 3364c9cc-a19d-41a2-b42c-19254269bfd6 - raw_earthquake - Checking status of Airbyte sync job with Job ID: 313
[32m2024-08-18 15:53:16 -0400[0m - dagster - [34mDEBUG[0m - earthquake_pipeline - 3364c9cc-a19d-41a2-b42c-19254269bfd6 - raw_earthquake - Requesting job status from http://localhost:8001/api/public/v1/jobs/313
[32m2024-08-18 15:53:16 -0400[0m - dagster - [34mDEBUG[0m - earthquake_pipeline - 3364c9cc-a19d-41a2-b42c-19254269bfd6 - raw_earthquake - Job status response: Status code: 200 - Response text: {"jobId":313,"status":"running","jobType":"sync","startTime":"2024-08-18T19:53:15Z","connectionId":"6ea9dba8-00d9-497d-a0ec-e9b30bf2363a","duration":"PT0S","bytesSynced":0,"rowsSynced":0}
[32m2024-08-18 15:53:16 -0400[0m - dagster - [34mINFO[0m - earthquake_pipeline - 3364c9cc-a19d-41a2-b42c-19254269bfd6 - raw_earthquake - Job 313 is still in progress. Checking again in 10 seconds.
[32m2024-08-18 15:53:26 -0400[0m - dagster - [34mDEBUG[0m - earthquake_pipeline - 3364c9cc-a19d-41a2-b42c-19254269bfd6 - raw_earthquake - Requesting job status from http://localhost:8001/api/public/v1/jobs/313
[32m2024-08-18 15:53:26 -0400[0m - dagster - [34mDEBUG[0m - earthquake_pipeline - 3364c9cc-a19d-41a2-b42c-19254269bfd6 - raw_earthquake - Job status response: Status code: 200 - Response text: {"jobId":313,"status":"running","jobType":"sync","startTime":"2024-08-18T19:53:15Z","connectionId":"6ea9dba8-00d9-497d-a0ec-e9b30bf2363a","duration":"PT0S","bytesSynced":0,"rowsSynced":0}
[32m2024-08-18 15:53:26 -0400[0m - dagster - [34mINFO[0m - earthquake_pipeline - 3364c9cc-a19d-41a2-b42c-19254269bfd6 - raw_earthquake - Job 313 is still in progress. Checking again in 10 seconds.
[32m2024-08-18 15:53:36 -0400[0m - dagster - [34mDEBUG[0m - earthquake_pipeline - 3364c9cc-a19d-41a2-b42c-19254269bfd6 - raw_earthquake - Requesting job status from http://localhost:8001/api/public/v1/jobs/313
[32m2024-08-18 15:53:37 -0400[0m - dagster - [34mDEBUG[0m - earthquake_pipeline - 3364c9cc-a19d-41a2-b42c-19254269bfd6 - raw_earthquake - Job status response: Status code: 200 - Response text: {"jobId":313,"status":"running","jobType":"sync","startTime":"2024-08-18T19:53:15Z","connectionId":"6ea9dba8-00d9-497d-a0ec-e9b30bf2363a","duration":"PT0S","bytesSynced":0,"rowsSynced":0}
[32m2024-08-18 15:53:37 -0400[0m - dagster - [34mINFO[0m - earthquake_pipeline - 3364c9cc-a19d-41a2-b42c-19254269bfd6 - raw_earthquake - Job 313 is still in progress. Checking again in 10 seconds.
[32m2024-08-18 15:53:47 -0400[0m - dagster - [34mDEBUG[0m - earthquake_pipeline - 3364c9cc-a19d-41a2-b42c-19254269bfd6 - raw_earthquake - Requesting job status from http://localhost:8001/api/public/v1/jobs/313
[32m2024-08-18 15:53:47 -0400[0m - dagster - [34mDEBUG[0m - earthquake_pipeline - 3364c9cc-a19d-41a2-b42c-19254269bfd6 - raw_earthquake - Job status response: Status code: 200 - Response text: {"jobId":313,"status":"running","jobType":"sync","startTime":"2024-08-18T19:53:15Z","connectionId":"6ea9dba8-00d9-497d-a0ec-e9b30bf2363a","duration":"PT0S","bytesSynced":0,"rowsSynced":0}
[32m2024-08-18 15:53:47 -0400[0m - dagster - [34mINFO[0m - earthquake_pipeline - 3364c9cc-a19d-41a2-b42c-19254269bfd6 - raw_earthquake - Job 313 is still in progress. Checking again in 10 seconds.
[32m2024-08-18 15:53:57 -0400[0m - dagster - [34mDEBUG[0m - earthquake_pipeline - 3364c9cc-a19d-41a2-b42c-19254269bfd6 - raw_earthquake - Requesting job status from http://localhost:8001/api/public/v1/jobs/313
[32m2024-08-18 15:53:57 -0400[0m - dagster - [34mDEBUG[0m - earthquake_pipeline - 3364c9cc-a19d-41a2-b42c-19254269bfd6 - raw_earthquake - Job status response: Status code: 200 - Response text: {"jobId":313,"status":"running","jobType":"sync","startTime":"2024-08-18T19:53:15Z","connectionId":"6ea9dba8-00d9-497d-a0ec-e9b30bf2363a","duration":"PT0S","bytesSynced":0,"rowsSynced":0}
[32m2024-08-18 15:53:57 -0400[0m - dagster - [34mINFO[0m - earthquake_pipeline - 3364c9cc-a19d-41a2-b42c-19254269bfd6 - raw_earthquake - Job 313 is still in progress. Checking again in 10 seconds.
[32m2024-08-18 15:54:07 -0400[0m - dagster - [34mDEBUG[0m - earthquake_pipeline - 3364c9cc-a19d-41a2-b42c-19254269bfd6 - raw_earthquake - Requesting job status from http://localhost:8001/api/public/v1/jobs/313
[32m2024-08-18 15:54:09 -0400[0m - dagster - [34mDEBUG[0m - earthquake_pipeline - 3364c9cc-a19d-41a2-b42c-19254269bfd6 - raw_earthquake - Job status response: Status code: 200 - Response text: {"jobId":313,"status":"running","jobType":"sync","startTime":"2024-08-18T19:53:15Z","connectionId":"6ea9dba8-00d9-497d-a0ec-e9b30bf2363a","duration":"PT0S","bytesSynced":140444,"rowsSynced":1}
[32m2024-08-18 15:54:09 -0400[0m - dagster - [34mINFO[0m - earthquake_pipeline - 3364c9cc-a19d-41a2-b42c-19254269bfd6 - raw_earthquake - Job 313 is still in progress. Checking again in 10 seconds.
[32m2024-08-18 15:54:19 -0400[0m - dagster - [34mDEBUG[0m - earthquake_pipeline - 3364c9cc-a19d-41a2-b42c-19254269bfd6 - raw_earthquake - Requesting job status from http://localhost:8001/api/public/v1/jobs/313
[32m2024-08-18 15:54:19 -0400[0m - dagster - [34mDEBUG[0m - earthquake_pipeline - 3364c9cc-a19d-41a2-b42c-19254269bfd6 - raw_earthquake - Job status response: Status code: 200 - Response text: {"jobId":313,"status":"succeeded","jobType":"sync","startTime":"2024-08-18T19:53:15Z","connectionId":"6ea9dba8-00d9-497d-a0ec-e9b30bf2363a","lastUpdatedAt":"2024-08-18T19:54:09Z","duration":"PT54S","bytesSynced":140444,"rowsSynced":1}
[32m2024-08-18 15:54:19 -0400[0m - dagster - [34mINFO[0m - earthquake_pipeline - 3364c9cc-a19d-41a2-b42c-19254269bfd6 - raw_earthquake - Airbyte sync job 313 completed successfully.
[32m2024-08-18 15:54:19 -0400[0m - dagster - [34mDEBUG[0m - earthquake_pipeline - 3364c9cc-a19d-41a2-b42c-19254269bfd6 - 54658 - raw_earthquake - STEP_OUTPUT - Yielded output "result" of type "Nothing". (Type check passed).
[32m2024-08-18 15:54:19 -0400[0m - dagster - [34mDEBUG[0m - earthquake_pipeline - 3364c9cc-a19d-41a2-b42c-19254269bfd6 - 54658 - raw_earthquake - STEP_SUCCESS - Finished execution of step "raw_earthquake" in 1m4s.
