[32m2024-08-18 12:58:17 -0400[0m - dagster - [34mDEBUG[0m - earthquake_pipeline - 400f5b52-aba8-4e24-b6e7-49048dcb0675 - 40623 - LOGS_CAPTURED - Started capturing logs in process (pid: 40623).
[32m2024-08-18 12:58:17 -0400[0m - dagster - [34mDEBUG[0m - earthquake_pipeline - 400f5b52-aba8-4e24-b6e7-49048dcb0675 - 40623 - raw_earthquake - STEP_START - Started execution of step "raw_earthquake".
[32m2024-08-18 12:58:17 -0400[0m - dagster - [34mINFO[0m - earthquake_pipeline - 400f5b52-aba8-4e24-b6e7-49048dcb0675 - raw_earthquake - Triggering Airbyte sync for connection ID: 6ea9dba8-00d9-497d-a0ec-e9b30bf2363a
[32m2024-08-18 12:58:17 -0400[0m - dagster - [34mINFO[0m - earthquake_pipeline - 400f5b52-aba8-4e24-b6e7-49048dcb0675 - raw_earthquake - Checking Airbyte server health at http://localhost:8001/api/public/v1/health
[32m2024-08-18 12:58:17 -0400[0m - dagster - [34mINFO[0m - earthquake_pipeline - 400f5b52-aba8-4e24-b6e7-49048dcb0675 - raw_earthquake - Airbyte connection is valid.
[32m2024-08-18 12:58:17 -0400[0m - dagster - [34mINFO[0m - earthquake_pipeline - 400f5b52-aba8-4e24-b6e7-49048dcb0675 - raw_earthquake - Triggering Airbyte sync job with connection ID: 6ea9dba8-00d9-497d-a0ec-e9b30bf2363a at http://localhost:8001/api/public/v1/jobs
[32m2024-08-18 12:58:22 -0400[0m - dagster - [34mDEBUG[0m - earthquake_pipeline - 400f5b52-aba8-4e24-b6e7-49048dcb0675 - raw_earthquake - Sync job trigger response: Status code: 200 - Response text: {"jobId":276,"status":"running","jobType":"sync","startTime":"2024-08-18T16:58:21Z","connectionId":"6ea9dba8-00d9-497d-a0ec-e9b30bf2363a","duration":"PT0S"}
[32m2024-08-18 12:58:22 -0400[0m - dagster - [34mINFO[0m - earthquake_pipeline - 400f5b52-aba8-4e24-b6e7-49048dcb0675 - raw_earthquake - Sync job triggered successfully. Job ID: 276
[32m2024-08-18 12:58:22 -0400[0m - dagster - [34mINFO[0m - earthquake_pipeline - 400f5b52-aba8-4e24-b6e7-49048dcb0675 - raw_earthquake - Checking status of Airbyte sync job with Job ID: 276
[32m2024-08-18 12:58:22 -0400[0m - dagster - [34mDEBUG[0m - earthquake_pipeline - 400f5b52-aba8-4e24-b6e7-49048dcb0675 - raw_earthquake - Requesting job status from http://localhost:8001/api/public/v1/jobs/276
[32m2024-08-18 12:58:22 -0400[0m - dagster - [34mDEBUG[0m - earthquake_pipeline - 400f5b52-aba8-4e24-b6e7-49048dcb0675 - raw_earthquake - Job status response: Status code: 200 - Response text: {"jobId":276,"status":"running","jobType":"sync","startTime":"2024-08-18T16:58:21Z","connectionId":"6ea9dba8-00d9-497d-a0ec-e9b30bf2363a","duration":"PT0S","bytesSynced":0,"rowsSynced":0}
[32m2024-08-18 12:58:22 -0400[0m - dagster - [34mINFO[0m - earthquake_pipeline - 400f5b52-aba8-4e24-b6e7-49048dcb0675 - raw_earthquake - Job 276 is still in progress. Checking again in 10 seconds.
[32m2024-08-18 12:58:32 -0400[0m - dagster - [34mDEBUG[0m - earthquake_pipeline - 400f5b52-aba8-4e24-b6e7-49048dcb0675 - raw_earthquake - Requesting job status from http://localhost:8001/api/public/v1/jobs/276
[32m2024-08-18 12:58:32 -0400[0m - dagster - [34mDEBUG[0m - earthquake_pipeline - 400f5b52-aba8-4e24-b6e7-49048dcb0675 - raw_earthquake - Job status response: Status code: 200 - Response text: {"jobId":276,"status":"running","jobType":"sync","startTime":"2024-08-18T16:58:21Z","connectionId":"6ea9dba8-00d9-497d-a0ec-e9b30bf2363a","duration":"PT0S","bytesSynced":0,"rowsSynced":0}
[32m2024-08-18 12:58:32 -0400[0m - dagster - [34mINFO[0m - earthquake_pipeline - 400f5b52-aba8-4e24-b6e7-49048dcb0675 - raw_earthquake - Job 276 is still in progress. Checking again in 10 seconds.
[32m2024-08-18 12:58:42 -0400[0m - dagster - [34mDEBUG[0m - earthquake_pipeline - 400f5b52-aba8-4e24-b6e7-49048dcb0675 - raw_earthquake - Requesting job status from http://localhost:8001/api/public/v1/jobs/276
[32m2024-08-18 12:58:43 -0400[0m - dagster - [34mDEBUG[0m - earthquake_pipeline - 400f5b52-aba8-4e24-b6e7-49048dcb0675 - raw_earthquake - Job status response: Status code: 200 - Response text: {"jobId":276,"status":"running","jobType":"sync","startTime":"2024-08-18T16:58:21Z","connectionId":"6ea9dba8-00d9-497d-a0ec-e9b30bf2363a","duration":"PT0S","bytesSynced":0,"rowsSynced":0}
[32m2024-08-18 12:58:43 -0400[0m - dagster - [34mINFO[0m - earthquake_pipeline - 400f5b52-aba8-4e24-b6e7-49048dcb0675 - raw_earthquake - Job 276 is still in progress. Checking again in 10 seconds.
[32m2024-08-18 12:58:53 -0400[0m - dagster - [34mDEBUG[0m - earthquake_pipeline - 400f5b52-aba8-4e24-b6e7-49048dcb0675 - raw_earthquake - Requesting job status from http://localhost:8001/api/public/v1/jobs/276
[32m2024-08-18 12:58:53 -0400[0m - dagster - [34mDEBUG[0m - earthquake_pipeline - 400f5b52-aba8-4e24-b6e7-49048dcb0675 - raw_earthquake - Job status response: Status code: 200 - Response text: {"jobId":276,"status":"running","jobType":"sync","startTime":"2024-08-18T16:58:21Z","connectionId":"6ea9dba8-00d9-497d-a0ec-e9b30bf2363a","duration":"PT0S","bytesSynced":0,"rowsSynced":0}
[32m2024-08-18 12:58:53 -0400[0m - dagster - [34mINFO[0m - earthquake_pipeline - 400f5b52-aba8-4e24-b6e7-49048dcb0675 - raw_earthquake - Job 276 is still in progress. Checking again in 10 seconds.
[32m2024-08-18 12:59:03 -0400[0m - dagster - [34mDEBUG[0m - earthquake_pipeline - 400f5b52-aba8-4e24-b6e7-49048dcb0675 - raw_earthquake - Requesting job status from http://localhost:8001/api/public/v1/jobs/276
[32m2024-08-18 12:59:03 -0400[0m - dagster - [34mDEBUG[0m - earthquake_pipeline - 400f5b52-aba8-4e24-b6e7-49048dcb0675 - raw_earthquake - Job status response: Status code: 200 - Response text: {"jobId":276,"status":"running","jobType":"sync","startTime":"2024-08-18T16:58:21Z","connectionId":"6ea9dba8-00d9-497d-a0ec-e9b30bf2363a","duration":"PT0S","bytesSynced":143586,"rowsSynced":1}
[32m2024-08-18 12:59:03 -0400[0m - dagster - [34mINFO[0m - earthquake_pipeline - 400f5b52-aba8-4e24-b6e7-49048dcb0675 - raw_earthquake - Job 276 is still in progress. Checking again in 10 seconds.
[32m2024-08-18 12:59:13 -0400[0m - dagster - [34mDEBUG[0m - earthquake_pipeline - 400f5b52-aba8-4e24-b6e7-49048dcb0675 - raw_earthquake - Requesting job status from http://localhost:8001/api/public/v1/jobs/276
[32m2024-08-18 12:59:14 -0400[0m - dagster - [34mDEBUG[0m - earthquake_pipeline - 400f5b52-aba8-4e24-b6e7-49048dcb0675 - raw_earthquake - Job status response: Status code: 200 - Response text: {"jobId":276,"status":"succeeded","jobType":"sync","startTime":"2024-08-18T16:58:21Z","connectionId":"6ea9dba8-00d9-497d-a0ec-e9b30bf2363a","lastUpdatedAt":"2024-08-18T16:59:04Z","duration":"PT43S","bytesSynced":143586,"rowsSynced":1}
[32m2024-08-18 12:59:14 -0400[0m - dagster - [34mINFO[0m - earthquake_pipeline - 400f5b52-aba8-4e24-b6e7-49048dcb0675 - raw_earthquake - Airbyte sync job 276 completed successfully.
[32m2024-08-18 12:59:14 -0400[0m - dagster - [34mDEBUG[0m - earthquake_pipeline - 400f5b52-aba8-4e24-b6e7-49048dcb0675 - 40623 - raw_earthquake - STEP_OUTPUT - Yielded output "result" of type "Nothing". (Type check passed).
[32m2024-08-18 12:59:14 -0400[0m - dagster - [34mDEBUG[0m - earthquake_pipeline - 400f5b52-aba8-4e24-b6e7-49048dcb0675 - 40623 - raw_earthquake - STEP_SUCCESS - Finished execution of step "raw_earthquake" in 56.34s.
