[32m2024-08-18 15:23:10 -0400[0m - dagster - [34mDEBUG[0m - earthquake_pipeline - 5e3e3146-42e8-40e2-93b4-fd311e04e03f - 50823 - LOGS_CAPTURED - Started capturing logs in process (pid: 50823).
[32m2024-08-18 15:23:10 -0400[0m - dagster - [34mDEBUG[0m - earthquake_pipeline - 5e3e3146-42e8-40e2-93b4-fd311e04e03f - 50823 - raw_earthquake - STEP_START - Started execution of step "raw_earthquake".
[32m2024-08-18 15:23:10 -0400[0m - dagster - [34mINFO[0m - earthquake_pipeline - 5e3e3146-42e8-40e2-93b4-fd311e04e03f - raw_earthquake - Triggering Airbyte sync for connection ID: 6ea9dba8-00d9-497d-a0ec-e9b30bf2363a
[32m2024-08-18 15:23:10 -0400[0m - dagster - [34mINFO[0m - earthquake_pipeline - 5e3e3146-42e8-40e2-93b4-fd311e04e03f - raw_earthquake - Checking Airbyte server health at http://localhost:8001/api/public/v1/health
[32m2024-08-18 15:23:10 -0400[0m - dagster - [34mINFO[0m - earthquake_pipeline - 5e3e3146-42e8-40e2-93b4-fd311e04e03f - raw_earthquake - Airbyte connection is valid.
[32m2024-08-18 15:23:10 -0400[0m - dagster - [34mINFO[0m - earthquake_pipeline - 5e3e3146-42e8-40e2-93b4-fd311e04e03f - raw_earthquake - Triggering Airbyte sync job with connection ID: 6ea9dba8-00d9-497d-a0ec-e9b30bf2363a at http://localhost:8001/api/public/v1/jobs
[32m2024-08-18 15:23:11 -0400[0m - dagster - [34mDEBUG[0m - earthquake_pipeline - 5e3e3146-42e8-40e2-93b4-fd311e04e03f - raw_earthquake - Sync job trigger response: Status code: 200 - Response text: {"jobId":285,"status":"running","jobType":"sync","startTime":"2024-08-18T19:23:11Z","connectionId":"6ea9dba8-00d9-497d-a0ec-e9b30bf2363a","duration":"PT0S"}
[32m2024-08-18 15:23:11 -0400[0m - dagster - [34mINFO[0m - earthquake_pipeline - 5e3e3146-42e8-40e2-93b4-fd311e04e03f - raw_earthquake - Sync job triggered successfully. Job ID: 285
[32m2024-08-18 15:23:11 -0400[0m - dagster - [34mINFO[0m - earthquake_pipeline - 5e3e3146-42e8-40e2-93b4-fd311e04e03f - raw_earthquake - Checking status of Airbyte sync job with Job ID: 285
[32m2024-08-18 15:23:11 -0400[0m - dagster - [34mDEBUG[0m - earthquake_pipeline - 5e3e3146-42e8-40e2-93b4-fd311e04e03f - raw_earthquake - Requesting job status from http://localhost:8001/api/public/v1/jobs/285
[32m2024-08-18 15:23:11 -0400[0m - dagster - [34mDEBUG[0m - earthquake_pipeline - 5e3e3146-42e8-40e2-93b4-fd311e04e03f - raw_earthquake - Job status response: Status code: 200 - Response text: {"jobId":285,"status":"running","jobType":"sync","startTime":"2024-08-18T19:23:11Z","connectionId":"6ea9dba8-00d9-497d-a0ec-e9b30bf2363a","duration":"PT0S","bytesSynced":0,"rowsSynced":0}
[32m2024-08-18 15:23:11 -0400[0m - dagster - [34mINFO[0m - earthquake_pipeline - 5e3e3146-42e8-40e2-93b4-fd311e04e03f - raw_earthquake - Job 285 is still in progress. Checking again in 10 seconds.
[32m2024-08-18 15:23:21 -0400[0m - dagster - [34mDEBUG[0m - earthquake_pipeline - 5e3e3146-42e8-40e2-93b4-fd311e04e03f - raw_earthquake - Requesting job status from http://localhost:8001/api/public/v1/jobs/285
[32m2024-08-18 15:23:22 -0400[0m - dagster - [34mDEBUG[0m - earthquake_pipeline - 5e3e3146-42e8-40e2-93b4-fd311e04e03f - raw_earthquake - Job status response: Status code: 200 - Response text: {"jobId":285,"status":"running","jobType":"sync","startTime":"2024-08-18T19:23:11Z","connectionId":"6ea9dba8-00d9-497d-a0ec-e9b30bf2363a","duration":"PT0S","bytesSynced":0,"rowsSynced":0}
[32m2024-08-18 15:23:22 -0400[0m - dagster - [34mINFO[0m - earthquake_pipeline - 5e3e3146-42e8-40e2-93b4-fd311e04e03f - raw_earthquake - Job 285 is still in progress. Checking again in 10 seconds.
[32m2024-08-18 15:23:33 -0400[0m - dagster - [34mDEBUG[0m - earthquake_pipeline - 5e3e3146-42e8-40e2-93b4-fd311e04e03f - raw_earthquake - Requesting job status from http://localhost:8001/api/public/v1/jobs/285
[32m2024-08-18 15:23:33 -0400[0m - dagster - [34mDEBUG[0m - earthquake_pipeline - 5e3e3146-42e8-40e2-93b4-fd311e04e03f - raw_earthquake - Job status response: Status code: 200 - Response text: {"jobId":285,"status":"running","jobType":"sync","startTime":"2024-08-18T19:23:11Z","connectionId":"6ea9dba8-00d9-497d-a0ec-e9b30bf2363a","duration":"PT0S","bytesSynced":0,"rowsSynced":0}
[32m2024-08-18 15:23:33 -0400[0m - dagster - [34mINFO[0m - earthquake_pipeline - 5e3e3146-42e8-40e2-93b4-fd311e04e03f - raw_earthquake - Job 285 is still in progress. Checking again in 10 seconds.
[32m2024-08-18 15:23:43 -0400[0m - dagster - [34mDEBUG[0m - earthquake_pipeline - 5e3e3146-42e8-40e2-93b4-fd311e04e03f - raw_earthquake - Requesting job status from http://localhost:8001/api/public/v1/jobs/285
[32m2024-08-18 15:23:44 -0400[0m - dagster - [34mDEBUG[0m - earthquake_pipeline - 5e3e3146-42e8-40e2-93b4-fd311e04e03f - raw_earthquake - Job status response: Status code: 200 - Response text: {"jobId":285,"status":"running","jobType":"sync","startTime":"2024-08-18T19:23:11Z","connectionId":"6ea9dba8-00d9-497d-a0ec-e9b30bf2363a","duration":"PT0S","bytesSynced":0,"rowsSynced":0}
[32m2024-08-18 15:23:44 -0400[0m - dagster - [34mINFO[0m - earthquake_pipeline - 5e3e3146-42e8-40e2-93b4-fd311e04e03f - raw_earthquake - Job 285 is still in progress. Checking again in 10 seconds.
[32m2024-08-18 15:23:54 -0400[0m - dagster - [34mDEBUG[0m - earthquake_pipeline - 5e3e3146-42e8-40e2-93b4-fd311e04e03f - raw_earthquake - Requesting job status from http://localhost:8001/api/public/v1/jobs/285
[32m2024-08-18 15:23:54 -0400[0m - dagster - [34mDEBUG[0m - earthquake_pipeline - 5e3e3146-42e8-40e2-93b4-fd311e04e03f - raw_earthquake - Job status response: Status code: 200 - Response text: {"jobId":285,"status":"running","jobType":"sync","startTime":"2024-08-18T19:23:11Z","connectionId":"6ea9dba8-00d9-497d-a0ec-e9b30bf2363a","duration":"PT0S","bytesSynced":0,"rowsSynced":0}
[32m2024-08-18 15:23:54 -0400[0m - dagster - [34mINFO[0m - earthquake_pipeline - 5e3e3146-42e8-40e2-93b4-fd311e04e03f - raw_earthquake - Job 285 is still in progress. Checking again in 10 seconds.
[32m2024-08-18 15:24:04 -0400[0m - dagster - [34mDEBUG[0m - earthquake_pipeline - 5e3e3146-42e8-40e2-93b4-fd311e04e03f - raw_earthquake - Requesting job status from http://localhost:8001/api/public/v1/jobs/285
[32m2024-08-18 15:24:05 -0400[0m - dagster - [34mDEBUG[0m - earthquake_pipeline - 5e3e3146-42e8-40e2-93b4-fd311e04e03f - raw_earthquake - Job status response: Status code: 200 - Response text: {"jobId":285,"status":"succeeded","jobType":"sync","startTime":"2024-08-18T19:23:11Z","connectionId":"6ea9dba8-00d9-497d-a0ec-e9b30bf2363a","lastUpdatedAt":"2024-08-18T19:23:56Z","duration":"PT45S","bytesSynced":139041,"rowsSynced":1}
[32m2024-08-18 15:24:05 -0400[0m - dagster - [34mINFO[0m - earthquake_pipeline - 5e3e3146-42e8-40e2-93b4-fd311e04e03f - raw_earthquake - Airbyte sync job 285 completed successfully.
[32m2024-08-18 15:24:05 -0400[0m - dagster - [34mDEBUG[0m - earthquake_pipeline - 5e3e3146-42e8-40e2-93b4-fd311e04e03f - 50823 - raw_earthquake - STEP_OUTPUT - Yielded output "result" of type "Nothing". (Type check passed).
[32m2024-08-18 15:24:05 -0400[0m - dagster - [34mDEBUG[0m - earthquake_pipeline - 5e3e3146-42e8-40e2-93b4-fd311e04e03f - 50823 - raw_earthquake - STEP_SUCCESS - Finished execution of step "raw_earthquake" in 54.62s.
