[32m2024-08-18 15:33:11 -0400[0m - dagster - [34mDEBUG[0m - earthquake_pipeline - 11e06b76-6e73-46c7-823e-d9ec432509a1 - 52140 - LOGS_CAPTURED - Started capturing logs in process (pid: 52140).
[32m2024-08-18 15:33:11 -0400[0m - dagster - [34mDEBUG[0m - earthquake_pipeline - 11e06b76-6e73-46c7-823e-d9ec432509a1 - 52140 - raw_earthquake - STEP_START - Started execution of step "raw_earthquake".
[32m2024-08-18 15:33:11 -0400[0m - dagster - [34mINFO[0m - earthquake_pipeline - 11e06b76-6e73-46c7-823e-d9ec432509a1 - raw_earthquake - Triggering Airbyte sync for connection ID: 6ea9dba8-00d9-497d-a0ec-e9b30bf2363a
[32m2024-08-18 15:33:11 -0400[0m - dagster - [34mINFO[0m - earthquake_pipeline - 11e06b76-6e73-46c7-823e-d9ec432509a1 - raw_earthquake - Checking Airbyte server health at http://localhost:8001/api/public/v1/health
[32m2024-08-18 15:33:11 -0400[0m - dagster - [34mINFO[0m - earthquake_pipeline - 11e06b76-6e73-46c7-823e-d9ec432509a1 - raw_earthquake - Airbyte connection is valid.
[32m2024-08-18 15:33:11 -0400[0m - dagster - [34mINFO[0m - earthquake_pipeline - 11e06b76-6e73-46c7-823e-d9ec432509a1 - raw_earthquake - Triggering Airbyte sync job with connection ID: 6ea9dba8-00d9-497d-a0ec-e9b30bf2363a at http://localhost:8001/api/public/v1/jobs
[32m2024-08-18 15:33:12 -0400[0m - dagster - [34mDEBUG[0m - earthquake_pipeline - 11e06b76-6e73-46c7-823e-d9ec432509a1 - raw_earthquake - Sync job trigger response: Status code: 200 - Response text: {"jobId":293,"status":"running","jobType":"sync","startTime":"2024-08-18T19:33:11Z","connectionId":"6ea9dba8-00d9-497d-a0ec-e9b30bf2363a","duration":"PT1S"}
[32m2024-08-18 15:33:12 -0400[0m - dagster - [34mINFO[0m - earthquake_pipeline - 11e06b76-6e73-46c7-823e-d9ec432509a1 - raw_earthquake - Sync job triggered successfully. Job ID: 293
[32m2024-08-18 15:33:12 -0400[0m - dagster - [34mINFO[0m - earthquake_pipeline - 11e06b76-6e73-46c7-823e-d9ec432509a1 - raw_earthquake - Checking status of Airbyte sync job with Job ID: 293
[32m2024-08-18 15:33:12 -0400[0m - dagster - [34mDEBUG[0m - earthquake_pipeline - 11e06b76-6e73-46c7-823e-d9ec432509a1 - raw_earthquake - Requesting job status from http://localhost:8001/api/public/v1/jobs/293
[32m2024-08-18 15:33:12 -0400[0m - dagster - [34mDEBUG[0m - earthquake_pipeline - 11e06b76-6e73-46c7-823e-d9ec432509a1 - raw_earthquake - Job status response: Status code: 200 - Response text: {"jobId":293,"status":"running","jobType":"sync","startTime":"2024-08-18T19:33:11Z","connectionId":"6ea9dba8-00d9-497d-a0ec-e9b30bf2363a","duration":"PT1S","bytesSynced":0,"rowsSynced":0}
[32m2024-08-18 15:33:12 -0400[0m - dagster - [34mINFO[0m - earthquake_pipeline - 11e06b76-6e73-46c7-823e-d9ec432509a1 - raw_earthquake - Job 293 is still in progress. Checking again in 10 seconds.
[32m2024-08-18 15:33:22 -0400[0m - dagster - [34mDEBUG[0m - earthquake_pipeline - 11e06b76-6e73-46c7-823e-d9ec432509a1 - raw_earthquake - Requesting job status from http://localhost:8001/api/public/v1/jobs/293
[32m2024-08-18 15:33:22 -0400[0m - dagster - [34mDEBUG[0m - earthquake_pipeline - 11e06b76-6e73-46c7-823e-d9ec432509a1 - raw_earthquake - Job status response: Status code: 200 - Response text: {"jobId":293,"status":"running","jobType":"sync","startTime":"2024-08-18T19:33:11Z","connectionId":"6ea9dba8-00d9-497d-a0ec-e9b30bf2363a","duration":"PT1S","bytesSynced":0,"rowsSynced":0}
[32m2024-08-18 15:33:22 -0400[0m - dagster - [34mINFO[0m - earthquake_pipeline - 11e06b76-6e73-46c7-823e-d9ec432509a1 - raw_earthquake - Job 293 is still in progress. Checking again in 10 seconds.
[32m2024-08-18 15:33:32 -0400[0m - dagster - [34mDEBUG[0m - earthquake_pipeline - 11e06b76-6e73-46c7-823e-d9ec432509a1 - raw_earthquake - Requesting job status from http://localhost:8001/api/public/v1/jobs/293
[32m2024-08-18 15:33:32 -0400[0m - dagster - [34mDEBUG[0m - earthquake_pipeline - 11e06b76-6e73-46c7-823e-d9ec432509a1 - raw_earthquake - Job status response: Status code: 200 - Response text: {"jobId":293,"status":"running","jobType":"sync","startTime":"2024-08-18T19:33:11Z","connectionId":"6ea9dba8-00d9-497d-a0ec-e9b30bf2363a","duration":"PT1S","bytesSynced":0,"rowsSynced":0}
[32m2024-08-18 15:33:32 -0400[0m - dagster - [34mINFO[0m - earthquake_pipeline - 11e06b76-6e73-46c7-823e-d9ec432509a1 - raw_earthquake - Job 293 is still in progress. Checking again in 10 seconds.
[32m2024-08-18 15:33:42 -0400[0m - dagster - [34mDEBUG[0m - earthquake_pipeline - 11e06b76-6e73-46c7-823e-d9ec432509a1 - raw_earthquake - Requesting job status from http://localhost:8001/api/public/v1/jobs/293
[32m2024-08-18 15:33:42 -0400[0m - dagster - [34mDEBUG[0m - earthquake_pipeline - 11e06b76-6e73-46c7-823e-d9ec432509a1 - raw_earthquake - Job status response: Status code: 200 - Response text: {"jobId":293,"status":"running","jobType":"sync","startTime":"2024-08-18T19:33:11Z","connectionId":"6ea9dba8-00d9-497d-a0ec-e9b30bf2363a","duration":"PT1S","bytesSynced":0,"rowsSynced":0}
[32m2024-08-18 15:33:42 -0400[0m - dagster - [34mINFO[0m - earthquake_pipeline - 11e06b76-6e73-46c7-823e-d9ec432509a1 - raw_earthquake - Job 293 is still in progress. Checking again in 10 seconds.
[32m2024-08-18 15:33:52 -0400[0m - dagster - [34mDEBUG[0m - earthquake_pipeline - 11e06b76-6e73-46c7-823e-d9ec432509a1 - raw_earthquake - Requesting job status from http://localhost:8001/api/public/v1/jobs/293
[32m2024-08-18 15:33:52 -0400[0m - dagster - [34mDEBUG[0m - earthquake_pipeline - 11e06b76-6e73-46c7-823e-d9ec432509a1 - raw_earthquake - Job status response: Status code: 200 - Response text: {"jobId":293,"status":"succeeded","jobType":"sync","startTime":"2024-08-18T19:33:11Z","connectionId":"6ea9dba8-00d9-497d-a0ec-e9b30bf2363a","lastUpdatedAt":"2024-08-18T19:33:44Z","duration":"PT33S","bytesSynced":138995,"rowsSynced":1}
[32m2024-08-18 15:33:52 -0400[0m - dagster - [34mINFO[0m - earthquake_pipeline - 11e06b76-6e73-46c7-823e-d9ec432509a1 - raw_earthquake - Airbyte sync job 293 completed successfully.
[32m2024-08-18 15:33:52 -0400[0m - dagster - [34mDEBUG[0m - earthquake_pipeline - 11e06b76-6e73-46c7-823e-d9ec432509a1 - 52140 - raw_earthquake - STEP_OUTPUT - Yielded output "result" of type "Nothing". (Type check passed).
[32m2024-08-18 15:33:52 -0400[0m - dagster - [34mDEBUG[0m - earthquake_pipeline - 11e06b76-6e73-46c7-823e-d9ec432509a1 - 52140 - raw_earthquake - STEP_SUCCESS - Finished execution of step "raw_earthquake" in 41.67s.
