[32m2024-08-18 15:45:12 -0400[0m - dagster - [34mDEBUG[0m - earthquake_pipeline - 391aa4f7-b8ae-4b9f-8bd2-ec3c841ec18e - 53627 - LOGS_CAPTURED - Started capturing logs in process (pid: 53627).
[32m2024-08-18 15:45:12 -0400[0m - dagster - [34mDEBUG[0m - earthquake_pipeline - 391aa4f7-b8ae-4b9f-8bd2-ec3c841ec18e - 53627 - raw_earthquake - STEP_START - Started execution of step "raw_earthquake".
[32m2024-08-18 15:45:12 -0400[0m - dagster - [34mINFO[0m - earthquake_pipeline - 391aa4f7-b8ae-4b9f-8bd2-ec3c841ec18e - raw_earthquake - Triggering Airbyte sync for connection ID: 6ea9dba8-00d9-497d-a0ec-e9b30bf2363a
[32m2024-08-18 15:45:12 -0400[0m - dagster - [34mINFO[0m - earthquake_pipeline - 391aa4f7-b8ae-4b9f-8bd2-ec3c841ec18e - raw_earthquake - Checking Airbyte server health at http://localhost:8001/api/public/v1/health
[32m2024-08-18 15:45:12 -0400[0m - dagster - [34mINFO[0m - earthquake_pipeline - 391aa4f7-b8ae-4b9f-8bd2-ec3c841ec18e - raw_earthquake - Airbyte connection is valid.
[32m2024-08-18 15:45:12 -0400[0m - dagster - [34mINFO[0m - earthquake_pipeline - 391aa4f7-b8ae-4b9f-8bd2-ec3c841ec18e - raw_earthquake - Triggering Airbyte sync job with connection ID: 6ea9dba8-00d9-497d-a0ec-e9b30bf2363a at http://localhost:8001/api/public/v1/jobs
[32m2024-08-18 15:45:13 -0400[0m - dagster - [34mDEBUG[0m - earthquake_pipeline - 391aa4f7-b8ae-4b9f-8bd2-ec3c841ec18e - raw_earthquake - Sync job trigger response: Status code: 200 - Response text: {"jobId":305,"status":"running","jobType":"sync","startTime":"2024-08-18T19:45:12Z","connectionId":"6ea9dba8-00d9-497d-a0ec-e9b30bf2363a","duration":"PT0S"}
[32m2024-08-18 15:45:13 -0400[0m - dagster - [34mINFO[0m - earthquake_pipeline - 391aa4f7-b8ae-4b9f-8bd2-ec3c841ec18e - raw_earthquake - Sync job triggered successfully. Job ID: 305
[32m2024-08-18 15:45:13 -0400[0m - dagster - [34mINFO[0m - earthquake_pipeline - 391aa4f7-b8ae-4b9f-8bd2-ec3c841ec18e - raw_earthquake - Checking status of Airbyte sync job with Job ID: 305
[32m2024-08-18 15:45:13 -0400[0m - dagster - [34mDEBUG[0m - earthquake_pipeline - 391aa4f7-b8ae-4b9f-8bd2-ec3c841ec18e - raw_earthquake - Requesting job status from http://localhost:8001/api/public/v1/jobs/305
[32m2024-08-18 15:45:13 -0400[0m - dagster - [34mDEBUG[0m - earthquake_pipeline - 391aa4f7-b8ae-4b9f-8bd2-ec3c841ec18e - raw_earthquake - Job status response: Status code: 200 - Response text: {"jobId":305,"status":"running","jobType":"sync","startTime":"2024-08-18T19:45:12Z","connectionId":"6ea9dba8-00d9-497d-a0ec-e9b30bf2363a","duration":"PT0S","bytesSynced":0,"rowsSynced":0}
[32m2024-08-18 15:45:13 -0400[0m - dagster - [34mINFO[0m - earthquake_pipeline - 391aa4f7-b8ae-4b9f-8bd2-ec3c841ec18e - raw_earthquake - Job 305 is still in progress. Checking again in 10 seconds.
[32m2024-08-18 15:45:23 -0400[0m - dagster - [34mDEBUG[0m - earthquake_pipeline - 391aa4f7-b8ae-4b9f-8bd2-ec3c841ec18e - raw_earthquake - Requesting job status from http://localhost:8001/api/public/v1/jobs/305
[32m2024-08-18 15:45:23 -0400[0m - dagster - [34mDEBUG[0m - earthquake_pipeline - 391aa4f7-b8ae-4b9f-8bd2-ec3c841ec18e - raw_earthquake - Job status response: Status code: 200 - Response text: {"jobId":305,"status":"running","jobType":"sync","startTime":"2024-08-18T19:45:12Z","connectionId":"6ea9dba8-00d9-497d-a0ec-e9b30bf2363a","duration":"PT0S","bytesSynced":0,"rowsSynced":0}
[32m2024-08-18 15:45:23 -0400[0m - dagster - [34mINFO[0m - earthquake_pipeline - 391aa4f7-b8ae-4b9f-8bd2-ec3c841ec18e - raw_earthquake - Job 305 is still in progress. Checking again in 10 seconds.
[32m2024-08-18 15:45:33 -0400[0m - dagster - [34mDEBUG[0m - earthquake_pipeline - 391aa4f7-b8ae-4b9f-8bd2-ec3c841ec18e - raw_earthquake - Requesting job status from http://localhost:8001/api/public/v1/jobs/305
[32m2024-08-18 15:45:33 -0400[0m - dagster - [34mDEBUG[0m - earthquake_pipeline - 391aa4f7-b8ae-4b9f-8bd2-ec3c841ec18e - raw_earthquake - Job status response: Status code: 200 - Response text: {"jobId":305,"status":"running","jobType":"sync","startTime":"2024-08-18T19:45:12Z","connectionId":"6ea9dba8-00d9-497d-a0ec-e9b30bf2363a","duration":"PT0S","bytesSynced":0,"rowsSynced":0}
[32m2024-08-18 15:45:33 -0400[0m - dagster - [34mINFO[0m - earthquake_pipeline - 391aa4f7-b8ae-4b9f-8bd2-ec3c841ec18e - raw_earthquake - Job 305 is still in progress. Checking again in 10 seconds.
[32m2024-08-18 15:45:44 -0400[0m - dagster - [34mDEBUG[0m - earthquake_pipeline - 391aa4f7-b8ae-4b9f-8bd2-ec3c841ec18e - raw_earthquake - Requesting job status from http://localhost:8001/api/public/v1/jobs/305
[32m2024-08-18 15:45:44 -0400[0m - dagster - [34mDEBUG[0m - earthquake_pipeline - 391aa4f7-b8ae-4b9f-8bd2-ec3c841ec18e - raw_earthquake - Job status response: Status code: 200 - Response text: {"jobId":305,"status":"running","jobType":"sync","startTime":"2024-08-18T19:45:12Z","connectionId":"6ea9dba8-00d9-497d-a0ec-e9b30bf2363a","duration":"PT0S","bytesSynced":0,"rowsSynced":0}
[32m2024-08-18 15:45:44 -0400[0m - dagster - [34mINFO[0m - earthquake_pipeline - 391aa4f7-b8ae-4b9f-8bd2-ec3c841ec18e - raw_earthquake - Job 305 is still in progress. Checking again in 10 seconds.
[32m2024-08-18 15:45:54 -0400[0m - dagster - [34mDEBUG[0m - earthquake_pipeline - 391aa4f7-b8ae-4b9f-8bd2-ec3c841ec18e - raw_earthquake - Requesting job status from http://localhost:8001/api/public/v1/jobs/305
[32m2024-08-18 15:45:54 -0400[0m - dagster - [34mDEBUG[0m - earthquake_pipeline - 391aa4f7-b8ae-4b9f-8bd2-ec3c841ec18e - raw_earthquake - Job status response: Status code: 200 - Response text: {"jobId":305,"status":"succeeded","jobType":"sync","startTime":"2024-08-18T19:45:12Z","connectionId":"6ea9dba8-00d9-497d-a0ec-e9b30bf2363a","lastUpdatedAt":"2024-08-18T19:45:48Z","duration":"PT36S","bytesSynced":139711,"rowsSynced":1}
[32m2024-08-18 15:45:54 -0400[0m - dagster - [34mINFO[0m - earthquake_pipeline - 391aa4f7-b8ae-4b9f-8bd2-ec3c841ec18e - raw_earthquake - Airbyte sync job 305 completed successfully.
[32m2024-08-18 15:45:54 -0400[0m - dagster - [34mDEBUG[0m - earthquake_pipeline - 391aa4f7-b8ae-4b9f-8bd2-ec3c841ec18e - 53627 - raw_earthquake - STEP_OUTPUT - Yielded output "result" of type "Nothing". (Type check passed).
[32m2024-08-18 15:45:54 -0400[0m - dagster - [34mDEBUG[0m - earthquake_pipeline - 391aa4f7-b8ae-4b9f-8bd2-ec3c841ec18e - 53627 - raw_earthquake - STEP_SUCCESS - Finished execution of step "raw_earthquake" in 42.5s.
