[32m2024-08-17 11:25:45 -0400[0m - dagster - [34mDEBUG[0m - earthquake_pipeline - f43864fd-f56e-4d66-9875-a4bd719a5f65 - 73859 - LOGS_CAPTURED - Started capturing logs in process (pid: 73859).
[32m2024-08-17 11:25:45 -0400[0m - dagster - [34mDEBUG[0m - earthquake_pipeline - f43864fd-f56e-4d66-9875-a4bd719a5f65 - 73859 - raw_earthquake - STEP_START - Started execution of step "raw_earthquake".
[32m2024-08-17 11:25:45 -0400[0m - dagster - [34mINFO[0m - earthquake_pipeline - f43864fd-f56e-4d66-9875-a4bd719a5f65 - raw_earthquake - Triggering Airbyte sync for connection ID: 6ea9dba8-00d9-497d-a0ec-e9b30bf2363a
[32m2024-08-17 11:25:45 -0400[0m - dagster - [34mINFO[0m - earthquake_pipeline - f43864fd-f56e-4d66-9875-a4bd719a5f65 - raw_earthquake - Checking Airbyte server health at http://localhost:8001/api/public/v1/health
[32m2024-08-17 11:25:45 -0400[0m - dagster - [34mINFO[0m - earthquake_pipeline - f43864fd-f56e-4d66-9875-a4bd719a5f65 - raw_earthquake - Airbyte connection is valid.
[32m2024-08-17 11:25:45 -0400[0m - dagster - [34mINFO[0m - earthquake_pipeline - f43864fd-f56e-4d66-9875-a4bd719a5f65 - raw_earthquake - Triggering Airbyte sync job with connection ID: 6ea9dba8-00d9-497d-a0ec-e9b30bf2363a at http://localhost:8001/api/public/v1/jobs
[32m2024-08-17 11:25:49 -0400[0m - dagster - [34mDEBUG[0m - earthquake_pipeline - f43864fd-f56e-4d66-9875-a4bd719a5f65 - raw_earthquake - Sync job trigger response: Status code: 200 - Response text: {"jobId":261,"status":"running","jobType":"sync","startTime":"2024-08-17T15:25:48Z","connectionId":"6ea9dba8-00d9-497d-a0ec-e9b30bf2363a","duration":"PT0S"}
[32m2024-08-17 11:25:49 -0400[0m - dagster - [34mINFO[0m - earthquake_pipeline - f43864fd-f56e-4d66-9875-a4bd719a5f65 - raw_earthquake - Sync job triggered successfully. Job ID: 261
[32m2024-08-17 11:25:49 -0400[0m - dagster - [34mINFO[0m - earthquake_pipeline - f43864fd-f56e-4d66-9875-a4bd719a5f65 - raw_earthquake - Checking status of Airbyte sync job with Job ID: 261
[32m2024-08-17 11:25:49 -0400[0m - dagster - [34mDEBUG[0m - earthquake_pipeline - f43864fd-f56e-4d66-9875-a4bd719a5f65 - raw_earthquake - Requesting job status from http://localhost:8001/api/public/v1/jobs/261
[32m2024-08-17 11:25:49 -0400[0m - dagster - [34mDEBUG[0m - earthquake_pipeline - f43864fd-f56e-4d66-9875-a4bd719a5f65 - raw_earthquake - Job status response: Status code: 200 - Response text: {"jobId":261,"status":"running","jobType":"sync","startTime":"2024-08-17T15:25:48Z","connectionId":"6ea9dba8-00d9-497d-a0ec-e9b30bf2363a","duration":"PT0S","bytesSynced":0,"rowsSynced":0}
[32m2024-08-17 11:25:49 -0400[0m - dagster - [34mINFO[0m - earthquake_pipeline - f43864fd-f56e-4d66-9875-a4bd719a5f65 - raw_earthquake - Job 261 is still in progress. Checking again in 10 seconds.
[32m2024-08-17 11:25:59 -0400[0m - dagster - [34mDEBUG[0m - earthquake_pipeline - f43864fd-f56e-4d66-9875-a4bd719a5f65 - raw_earthquake - Requesting job status from http://localhost:8001/api/public/v1/jobs/261
[32m2024-08-17 11:25:59 -0400[0m - dagster - [34mDEBUG[0m - earthquake_pipeline - f43864fd-f56e-4d66-9875-a4bd719a5f65 - raw_earthquake - Job status response: Status code: 200 - Response text: {"jobId":261,"status":"running","jobType":"sync","startTime":"2024-08-17T15:25:48Z","connectionId":"6ea9dba8-00d9-497d-a0ec-e9b30bf2363a","duration":"PT0S","bytesSynced":0,"rowsSynced":0}
[32m2024-08-17 11:25:59 -0400[0m - dagster - [34mINFO[0m - earthquake_pipeline - f43864fd-f56e-4d66-9875-a4bd719a5f65 - raw_earthquake - Job 261 is still in progress. Checking again in 10 seconds.
[32m2024-08-17 11:26:09 -0400[0m - dagster - [34mDEBUG[0m - earthquake_pipeline - f43864fd-f56e-4d66-9875-a4bd719a5f65 - raw_earthquake - Requesting job status from http://localhost:8001/api/public/v1/jobs/261
[32m2024-08-17 11:26:10 -0400[0m - dagster - [34mDEBUG[0m - earthquake_pipeline - f43864fd-f56e-4d66-9875-a4bd719a5f65 - raw_earthquake - Job status response: Status code: 200 - Response text: {"jobId":261,"status":"running","jobType":"sync","startTime":"2024-08-17T15:25:48Z","connectionId":"6ea9dba8-00d9-497d-a0ec-e9b30bf2363a","duration":"PT0S","bytesSynced":0,"rowsSynced":0}
[32m2024-08-17 11:26:10 -0400[0m - dagster - [34mINFO[0m - earthquake_pipeline - f43864fd-f56e-4d66-9875-a4bd719a5f65 - raw_earthquake - Job 261 is still in progress. Checking again in 10 seconds.
[32m2024-08-17 11:26:20 -0400[0m - dagster - [34mDEBUG[0m - earthquake_pipeline - f43864fd-f56e-4d66-9875-a4bd719a5f65 - raw_earthquake - Requesting job status from http://localhost:8001/api/public/v1/jobs/261
[32m2024-08-17 11:26:20 -0400[0m - dagster - [34mDEBUG[0m - earthquake_pipeline - f43864fd-f56e-4d66-9875-a4bd719a5f65 - raw_earthquake - Job status response: Status code: 200 - Response text: {"jobId":261,"status":"running","jobType":"sync","startTime":"2024-08-17T15:25:48Z","connectionId":"6ea9dba8-00d9-497d-a0ec-e9b30bf2363a","duration":"PT0S","bytesSynced":0,"rowsSynced":0}
[32m2024-08-17 11:26:20 -0400[0m - dagster - [34mINFO[0m - earthquake_pipeline - f43864fd-f56e-4d66-9875-a4bd719a5f65 - raw_earthquake - Job 261 is still in progress. Checking again in 10 seconds.
[32m2024-08-17 11:26:30 -0400[0m - dagster - [34mDEBUG[0m - earthquake_pipeline - f43864fd-f56e-4d66-9875-a4bd719a5f65 - raw_earthquake - Requesting job status from http://localhost:8001/api/public/v1/jobs/261
[32m2024-08-17 11:26:30 -0400[0m - dagster - [34mDEBUG[0m - earthquake_pipeline - f43864fd-f56e-4d66-9875-a4bd719a5f65 - raw_earthquake - Job status response: Status code: 200 - Response text: {"jobId":261,"status":"succeeded","jobType":"sync","startTime":"2024-08-17T15:25:48Z","connectionId":"6ea9dba8-00d9-497d-a0ec-e9b30bf2363a","lastUpdatedAt":"2024-08-17T15:26:26Z","duration":"PT38S","bytesSynced":167398,"rowsSynced":1}
[32m2024-08-17 11:26:30 -0400[0m - dagster - [34mINFO[0m - earthquake_pipeline - f43864fd-f56e-4d66-9875-a4bd719a5f65 - raw_earthquake - Airbyte sync job 261 completed successfully.
[32m2024-08-17 11:26:30 -0400[0m - dagster - [34mDEBUG[0m - earthquake_pipeline - f43864fd-f56e-4d66-9875-a4bd719a5f65 - 73859 - raw_earthquake - STEP_OUTPUT - Yielded output "result" of type "Nothing". (Type check passed).
[32m2024-08-17 11:26:30 -0400[0m - dagster - [34mDEBUG[0m - earthquake_pipeline - f43864fd-f56e-4d66-9875-a4bd719a5f65 - 73859 - raw_earthquake - STEP_SUCCESS - Finished execution of step "raw_earthquake" in 44.79s.
