[32m2024-08-18 14:42:01 -0400[0m - dagster - [34mDEBUG[0m - earthquake_pipeline - 4beb7971-5470-403a-bee5-caee4765ce48 - 47834 - LOGS_CAPTURED - Started capturing logs in process (pid: 47834).
[32m2024-08-18 14:42:01 -0400[0m - dagster - [34mDEBUG[0m - earthquake_pipeline - 4beb7971-5470-403a-bee5-caee4765ce48 - 47834 - raw_earthquake - STEP_START - Started execution of step "raw_earthquake".
[32m2024-08-18 14:42:01 -0400[0m - dagster - [34mINFO[0m - earthquake_pipeline - 4beb7971-5470-403a-bee5-caee4765ce48 - raw_earthquake - Triggering Airbyte sync for connection ID: 6ea9dba8-00d9-497d-a0ec-e9b30bf2363a
[32m2024-08-18 14:42:01 -0400[0m - dagster - [34mINFO[0m - earthquake_pipeline - 4beb7971-5470-403a-bee5-caee4765ce48 - raw_earthquake - Checking Airbyte server health at http://localhost:8001/api/public/v1/health
[32m2024-08-18 14:42:01 -0400[0m - dagster - [34mINFO[0m - earthquake_pipeline - 4beb7971-5470-403a-bee5-caee4765ce48 - raw_earthquake - Airbyte connection is valid.
[32m2024-08-18 14:42:01 -0400[0m - dagster - [34mINFO[0m - earthquake_pipeline - 4beb7971-5470-403a-bee5-caee4765ce48 - raw_earthquake - Triggering Airbyte sync job with connection ID: 6ea9dba8-00d9-497d-a0ec-e9b30bf2363a at http://localhost:8001/api/public/v1/jobs
[32m2024-08-18 14:42:06 -0400[0m - dagster - [34mDEBUG[0m - earthquake_pipeline - 4beb7971-5470-403a-bee5-caee4765ce48 - raw_earthquake - Sync job trigger response: Status code: 200 - Response text: {"jobId":279,"status":"running","jobType":"sync","startTime":"2024-08-18T18:42:04Z","connectionId":"6ea9dba8-00d9-497d-a0ec-e9b30bf2363a","duration":"PT1S"}
[32m2024-08-18 14:42:06 -0400[0m - dagster - [34mINFO[0m - earthquake_pipeline - 4beb7971-5470-403a-bee5-caee4765ce48 - raw_earthquake - Sync job triggered successfully. Job ID: 279
[32m2024-08-18 14:42:06 -0400[0m - dagster - [34mINFO[0m - earthquake_pipeline - 4beb7971-5470-403a-bee5-caee4765ce48 - raw_earthquake - Checking status of Airbyte sync job with Job ID: 279
[32m2024-08-18 14:42:06 -0400[0m - dagster - [34mDEBUG[0m - earthquake_pipeline - 4beb7971-5470-403a-bee5-caee4765ce48 - raw_earthquake - Requesting job status from http://localhost:8001/api/public/v1/jobs/279
[32m2024-08-18 14:42:06 -0400[0m - dagster - [34mDEBUG[0m - earthquake_pipeline - 4beb7971-5470-403a-bee5-caee4765ce48 - raw_earthquake - Job status response: Status code: 200 - Response text: {"jobId":279,"status":"running","jobType":"sync","startTime":"2024-08-18T18:42:04Z","connectionId":"6ea9dba8-00d9-497d-a0ec-e9b30bf2363a","duration":"PT1S","bytesSynced":0,"rowsSynced":0}
[32m2024-08-18 14:42:06 -0400[0m - dagster - [34mINFO[0m - earthquake_pipeline - 4beb7971-5470-403a-bee5-caee4765ce48 - raw_earthquake - Job 279 is still in progress. Checking again in 10 seconds.
[32m2024-08-18 14:42:16 -0400[0m - dagster - [34mDEBUG[0m - earthquake_pipeline - 4beb7971-5470-403a-bee5-caee4765ce48 - raw_earthquake - Requesting job status from http://localhost:8001/api/public/v1/jobs/279
[32m2024-08-18 14:42:16 -0400[0m - dagster - [34mDEBUG[0m - earthquake_pipeline - 4beb7971-5470-403a-bee5-caee4765ce48 - raw_earthquake - Job status response: Status code: 200 - Response text: {"jobId":279,"status":"running","jobType":"sync","startTime":"2024-08-18T18:42:04Z","connectionId":"6ea9dba8-00d9-497d-a0ec-e9b30bf2363a","duration":"PT1S","bytesSynced":0,"rowsSynced":0}
[32m2024-08-18 14:42:16 -0400[0m - dagster - [34mINFO[0m - earthquake_pipeline - 4beb7971-5470-403a-bee5-caee4765ce48 - raw_earthquake - Job 279 is still in progress. Checking again in 10 seconds.
[32m2024-08-18 14:42:26 -0400[0m - dagster - [34mDEBUG[0m - earthquake_pipeline - 4beb7971-5470-403a-bee5-caee4765ce48 - raw_earthquake - Requesting job status from http://localhost:8001/api/public/v1/jobs/279
[32m2024-08-18 14:42:26 -0400[0m - dagster - [34mDEBUG[0m - earthquake_pipeline - 4beb7971-5470-403a-bee5-caee4765ce48 - raw_earthquake - Job status response: Status code: 200 - Response text: {"jobId":279,"status":"running","jobType":"sync","startTime":"2024-08-18T18:42:04Z","connectionId":"6ea9dba8-00d9-497d-a0ec-e9b30bf2363a","duration":"PT1S","bytesSynced":0,"rowsSynced":0}
[32m2024-08-18 14:42:26 -0400[0m - dagster - [34mINFO[0m - earthquake_pipeline - 4beb7971-5470-403a-bee5-caee4765ce48 - raw_earthquake - Job 279 is still in progress. Checking again in 10 seconds.
[32m2024-08-18 14:42:36 -0400[0m - dagster - [34mDEBUG[0m - earthquake_pipeline - 4beb7971-5470-403a-bee5-caee4765ce48 - raw_earthquake - Requesting job status from http://localhost:8001/api/public/v1/jobs/279
[32m2024-08-18 14:42:36 -0400[0m - dagster - [34mDEBUG[0m - earthquake_pipeline - 4beb7971-5470-403a-bee5-caee4765ce48 - raw_earthquake - Job status response: Status code: 200 - Response text: {"jobId":279,"status":"running","jobType":"sync","startTime":"2024-08-18T18:42:04Z","connectionId":"6ea9dba8-00d9-497d-a0ec-e9b30bf2363a","duration":"PT1S","bytesSynced":0,"rowsSynced":0}
[32m2024-08-18 14:42:36 -0400[0m - dagster - [34mINFO[0m - earthquake_pipeline - 4beb7971-5470-403a-bee5-caee4765ce48 - raw_earthquake - Job 279 is still in progress. Checking again in 10 seconds.
[32m2024-08-18 14:42:47 -0400[0m - dagster - [34mDEBUG[0m - earthquake_pipeline - 4beb7971-5470-403a-bee5-caee4765ce48 - raw_earthquake - Requesting job status from http://localhost:8001/api/public/v1/jobs/279
[32m2024-08-18 14:42:47 -0400[0m - dagster - [34mDEBUG[0m - earthquake_pipeline - 4beb7971-5470-403a-bee5-caee4765ce48 - raw_earthquake - Job status response: Status code: 200 - Response text: {"jobId":279,"status":"succeeded","jobType":"sync","startTime":"2024-08-18T18:42:04Z","connectionId":"6ea9dba8-00d9-497d-a0ec-e9b30bf2363a","lastUpdatedAt":"2024-08-18T18:42:45Z","duration":"PT41S","bytesSynced":139934,"rowsSynced":1}
[32m2024-08-18 14:42:47 -0400[0m - dagster - [34mINFO[0m - earthquake_pipeline - 4beb7971-5470-403a-bee5-caee4765ce48 - raw_earthquake - Airbyte sync job 279 completed successfully.
[32m2024-08-18 14:42:47 -0400[0m - dagster - [34mDEBUG[0m - earthquake_pipeline - 4beb7971-5470-403a-bee5-caee4765ce48 - 47834 - raw_earthquake - STEP_OUTPUT - Yielded output "result" of type "Nothing". (Type check passed).
[32m2024-08-18 14:42:47 -0400[0m - dagster - [34mDEBUG[0m - earthquake_pipeline - 4beb7971-5470-403a-bee5-caee4765ce48 - 47834 - raw_earthquake - STEP_SUCCESS - Finished execution of step "raw_earthquake" in 45.48s.
