[32m2024-08-18 15:49:10 -0400[0m - dagster - [34mDEBUG[0m - earthquake_pipeline - 3af880d4-411e-4782-9f29-c26567d1ad6b - 54095 - LOGS_CAPTURED - Started capturing logs in process (pid: 54095).
[32m2024-08-18 15:49:10 -0400[0m - dagster - [34mDEBUG[0m - earthquake_pipeline - 3af880d4-411e-4782-9f29-c26567d1ad6b - 54095 - raw_earthquake - STEP_START - Started execution of step "raw_earthquake".
[32m2024-08-18 15:49:10 -0400[0m - dagster - [34mINFO[0m - earthquake_pipeline - 3af880d4-411e-4782-9f29-c26567d1ad6b - raw_earthquake - Triggering Airbyte sync for connection ID: 6ea9dba8-00d9-497d-a0ec-e9b30bf2363a
[32m2024-08-18 15:49:10 -0400[0m - dagster - [34mINFO[0m - earthquake_pipeline - 3af880d4-411e-4782-9f29-c26567d1ad6b - raw_earthquake - Checking Airbyte server health at http://localhost:8001/api/public/v1/health
[32m2024-08-18 15:49:10 -0400[0m - dagster - [34mINFO[0m - earthquake_pipeline - 3af880d4-411e-4782-9f29-c26567d1ad6b - raw_earthquake - Airbyte connection is valid.
[32m2024-08-18 15:49:10 -0400[0m - dagster - [34mINFO[0m - earthquake_pipeline - 3af880d4-411e-4782-9f29-c26567d1ad6b - raw_earthquake - Triggering Airbyte sync job with connection ID: 6ea9dba8-00d9-497d-a0ec-e9b30bf2363a at http://localhost:8001/api/public/v1/jobs
[32m2024-08-18 15:49:10 -0400[0m - dagster - [34mDEBUG[0m - earthquake_pipeline - 3af880d4-411e-4782-9f29-c26567d1ad6b - raw_earthquake - Sync job trigger response: Status code: 200 - Response text: {"jobId":309,"status":"running","jobType":"sync","startTime":"2024-08-18T19:49:10Z","connectionId":"6ea9dba8-00d9-497d-a0ec-e9b30bf2363a","duration":"PT0S"}
[32m2024-08-18 15:49:10 -0400[0m - dagster - [34mINFO[0m - earthquake_pipeline - 3af880d4-411e-4782-9f29-c26567d1ad6b - raw_earthquake - Sync job triggered successfully. Job ID: 309
[32m2024-08-18 15:49:10 -0400[0m - dagster - [34mINFO[0m - earthquake_pipeline - 3af880d4-411e-4782-9f29-c26567d1ad6b - raw_earthquake - Checking status of Airbyte sync job with Job ID: 309
[32m2024-08-18 15:49:10 -0400[0m - dagster - [34mDEBUG[0m - earthquake_pipeline - 3af880d4-411e-4782-9f29-c26567d1ad6b - raw_earthquake - Requesting job status from http://localhost:8001/api/public/v1/jobs/309
[32m2024-08-18 15:49:10 -0400[0m - dagster - [34mDEBUG[0m - earthquake_pipeline - 3af880d4-411e-4782-9f29-c26567d1ad6b - raw_earthquake - Job status response: Status code: 200 - Response text: {"jobId":309,"status":"running","jobType":"sync","startTime":"2024-08-18T19:49:10Z","connectionId":"6ea9dba8-00d9-497d-a0ec-e9b30bf2363a","duration":"PT0S","bytesSynced":0,"rowsSynced":0}
[32m2024-08-18 15:49:10 -0400[0m - dagster - [34mINFO[0m - earthquake_pipeline - 3af880d4-411e-4782-9f29-c26567d1ad6b - raw_earthquake - Job 309 is still in progress. Checking again in 10 seconds.
[32m2024-08-18 15:49:20 -0400[0m - dagster - [34mDEBUG[0m - earthquake_pipeline - 3af880d4-411e-4782-9f29-c26567d1ad6b - raw_earthquake - Requesting job status from http://localhost:8001/api/public/v1/jobs/309
[32m2024-08-18 15:49:21 -0400[0m - dagster - [34mDEBUG[0m - earthquake_pipeline - 3af880d4-411e-4782-9f29-c26567d1ad6b - raw_earthquake - Job status response: Status code: 200 - Response text: {"jobId":309,"status":"running","jobType":"sync","startTime":"2024-08-18T19:49:10Z","connectionId":"6ea9dba8-00d9-497d-a0ec-e9b30bf2363a","duration":"PT0S","bytesSynced":0,"rowsSynced":0}
[32m2024-08-18 15:49:21 -0400[0m - dagster - [34mINFO[0m - earthquake_pipeline - 3af880d4-411e-4782-9f29-c26567d1ad6b - raw_earthquake - Job 309 is still in progress. Checking again in 10 seconds.
[32m2024-08-18 15:49:31 -0400[0m - dagster - [34mDEBUG[0m - earthquake_pipeline - 3af880d4-411e-4782-9f29-c26567d1ad6b - raw_earthquake - Requesting job status from http://localhost:8001/api/public/v1/jobs/309
[32m2024-08-18 15:49:31 -0400[0m - dagster - [34mDEBUG[0m - earthquake_pipeline - 3af880d4-411e-4782-9f29-c26567d1ad6b - raw_earthquake - Job status response: Status code: 200 - Response text: {"jobId":309,"status":"running","jobType":"sync","startTime":"2024-08-18T19:49:10Z","connectionId":"6ea9dba8-00d9-497d-a0ec-e9b30bf2363a","duration":"PT0S","bytesSynced":0,"rowsSynced":0}
[32m2024-08-18 15:49:31 -0400[0m - dagster - [34mINFO[0m - earthquake_pipeline - 3af880d4-411e-4782-9f29-c26567d1ad6b - raw_earthquake - Job 309 is still in progress. Checking again in 10 seconds.
[32m2024-08-18 15:49:41 -0400[0m - dagster - [34mDEBUG[0m - earthquake_pipeline - 3af880d4-411e-4782-9f29-c26567d1ad6b - raw_earthquake - Requesting job status from http://localhost:8001/api/public/v1/jobs/309
[32m2024-08-18 15:49:41 -0400[0m - dagster - [34mDEBUG[0m - earthquake_pipeline - 3af880d4-411e-4782-9f29-c26567d1ad6b - raw_earthquake - Job status response: Status code: 200 - Response text: {"jobId":309,"status":"succeeded","jobType":"sync","startTime":"2024-08-18T19:49:10Z","connectionId":"6ea9dba8-00d9-497d-a0ec-e9b30bf2363a","lastUpdatedAt":"2024-08-18T19:49:41Z","duration":"PT31S","bytesSynced":139711,"rowsSynced":1}
[32m2024-08-18 15:49:41 -0400[0m - dagster - [34mINFO[0m - earthquake_pipeline - 3af880d4-411e-4782-9f29-c26567d1ad6b - raw_earthquake - Airbyte sync job 309 completed successfully.
[32m2024-08-18 15:49:41 -0400[0m - dagster - [34mDEBUG[0m - earthquake_pipeline - 3af880d4-411e-4782-9f29-c26567d1ad6b - 54095 - raw_earthquake - STEP_OUTPUT - Yielded output "result" of type "Nothing". (Type check passed).
[32m2024-08-18 15:49:41 -0400[0m - dagster - [34mDEBUG[0m - earthquake_pipeline - 3af880d4-411e-4782-9f29-c26567d1ad6b - 54095 - raw_earthquake - STEP_SUCCESS - Finished execution of step "raw_earthquake" in 31.38s.
