[32m2024-08-18 15:40:14 -0400[0m - dagster - [34mDEBUG[0m - earthquake_pipeline - 727a7be2-4bce-4007-96a8-655db105db0c - 53046 - LOGS_CAPTURED - Started capturing logs in process (pid: 53046).
[32m2024-08-18 15:40:14 -0400[0m - dagster - [34mDEBUG[0m - earthquake_pipeline - 727a7be2-4bce-4007-96a8-655db105db0c - 53046 - raw_earthquake - STEP_START - Started execution of step "raw_earthquake".
[32m2024-08-18 15:40:14 -0400[0m - dagster - [34mINFO[0m - earthquake_pipeline - 727a7be2-4bce-4007-96a8-655db105db0c - raw_earthquake - Triggering Airbyte sync for connection ID: 6ea9dba8-00d9-497d-a0ec-e9b30bf2363a
[32m2024-08-18 15:40:14 -0400[0m - dagster - [34mINFO[0m - earthquake_pipeline - 727a7be2-4bce-4007-96a8-655db105db0c - raw_earthquake - Checking Airbyte server health at http://localhost:8001/api/public/v1/health
[32m2024-08-18 15:40:14 -0400[0m - dagster - [34mINFO[0m - earthquake_pipeline - 727a7be2-4bce-4007-96a8-655db105db0c - raw_earthquake - Airbyte connection is valid.
[32m2024-08-18 15:40:14 -0400[0m - dagster - [34mINFO[0m - earthquake_pipeline - 727a7be2-4bce-4007-96a8-655db105db0c - raw_earthquake - Triggering Airbyte sync job with connection ID: 6ea9dba8-00d9-497d-a0ec-e9b30bf2363a at http://localhost:8001/api/public/v1/jobs
[32m2024-08-18 15:40:15 -0400[0m - dagster - [34mDEBUG[0m - earthquake_pipeline - 727a7be2-4bce-4007-96a8-655db105db0c - raw_earthquake - Sync job trigger response: Status code: 200 - Response text: {"jobId":300,"status":"running","jobType":"sync","startTime":"2024-08-18T19:40:14Z","connectionId":"6ea9dba8-00d9-497d-a0ec-e9b30bf2363a","duration":"PT1S"}
[32m2024-08-18 15:40:15 -0400[0m - dagster - [34mINFO[0m - earthquake_pipeline - 727a7be2-4bce-4007-96a8-655db105db0c - raw_earthquake - Sync job triggered successfully. Job ID: 300
[32m2024-08-18 15:40:15 -0400[0m - dagster - [34mINFO[0m - earthquake_pipeline - 727a7be2-4bce-4007-96a8-655db105db0c - raw_earthquake - Checking status of Airbyte sync job with Job ID: 300
[32m2024-08-18 15:40:15 -0400[0m - dagster - [34mDEBUG[0m - earthquake_pipeline - 727a7be2-4bce-4007-96a8-655db105db0c - raw_earthquake - Requesting job status from http://localhost:8001/api/public/v1/jobs/300
[32m2024-08-18 15:40:15 -0400[0m - dagster - [34mDEBUG[0m - earthquake_pipeline - 727a7be2-4bce-4007-96a8-655db105db0c - raw_earthquake - Job status response: Status code: 200 - Response text: {"jobId":300,"status":"running","jobType":"sync","startTime":"2024-08-18T19:40:14Z","connectionId":"6ea9dba8-00d9-497d-a0ec-e9b30bf2363a","duration":"PT1S","bytesSynced":0,"rowsSynced":0}
[32m2024-08-18 15:40:15 -0400[0m - dagster - [34mINFO[0m - earthquake_pipeline - 727a7be2-4bce-4007-96a8-655db105db0c - raw_earthquake - Job 300 is still in progress. Checking again in 10 seconds.
[32m2024-08-18 15:40:25 -0400[0m - dagster - [34mDEBUG[0m - earthquake_pipeline - 727a7be2-4bce-4007-96a8-655db105db0c - raw_earthquake - Requesting job status from http://localhost:8001/api/public/v1/jobs/300
[32m2024-08-18 15:40:26 -0400[0m - dagster - [34mDEBUG[0m - earthquake_pipeline - 727a7be2-4bce-4007-96a8-655db105db0c - raw_earthquake - Job status response: Status code: 200 - Response text: {"jobId":300,"status":"running","jobType":"sync","startTime":"2024-08-18T19:40:14Z","connectionId":"6ea9dba8-00d9-497d-a0ec-e9b30bf2363a","duration":"PT1S","bytesSynced":0,"rowsSynced":0}
[32m2024-08-18 15:40:26 -0400[0m - dagster - [34mINFO[0m - earthquake_pipeline - 727a7be2-4bce-4007-96a8-655db105db0c - raw_earthquake - Job 300 is still in progress. Checking again in 10 seconds.
[32m2024-08-18 15:40:36 -0400[0m - dagster - [34mDEBUG[0m - earthquake_pipeline - 727a7be2-4bce-4007-96a8-655db105db0c - raw_earthquake - Requesting job status from http://localhost:8001/api/public/v1/jobs/300
[32m2024-08-18 15:40:36 -0400[0m - dagster - [34mDEBUG[0m - earthquake_pipeline - 727a7be2-4bce-4007-96a8-655db105db0c - raw_earthquake - Job status response: Status code: 200 - Response text: {"jobId":300,"status":"running","jobType":"sync","startTime":"2024-08-18T19:40:14Z","connectionId":"6ea9dba8-00d9-497d-a0ec-e9b30bf2363a","duration":"PT1S","bytesSynced":0,"rowsSynced":0}
[32m2024-08-18 15:40:36 -0400[0m - dagster - [34mINFO[0m - earthquake_pipeline - 727a7be2-4bce-4007-96a8-655db105db0c - raw_earthquake - Job 300 is still in progress. Checking again in 10 seconds.
[32m2024-08-18 15:40:46 -0400[0m - dagster - [34mDEBUG[0m - earthquake_pipeline - 727a7be2-4bce-4007-96a8-655db105db0c - raw_earthquake - Requesting job status from http://localhost:8001/api/public/v1/jobs/300
[32m2024-08-18 15:40:46 -0400[0m - dagster - [34mDEBUG[0m - earthquake_pipeline - 727a7be2-4bce-4007-96a8-655db105db0c - raw_earthquake - Job status response: Status code: 200 - Response text: {"jobId":300,"status":"running","jobType":"sync","startTime":"2024-08-18T19:40:14Z","connectionId":"6ea9dba8-00d9-497d-a0ec-e9b30bf2363a","duration":"PT1S","bytesSynced":0,"rowsSynced":0}
[32m2024-08-18 15:40:46 -0400[0m - dagster - [34mINFO[0m - earthquake_pipeline - 727a7be2-4bce-4007-96a8-655db105db0c - raw_earthquake - Job 300 is still in progress. Checking again in 10 seconds.
[32m2024-08-18 15:40:56 -0400[0m - dagster - [34mDEBUG[0m - earthquake_pipeline - 727a7be2-4bce-4007-96a8-655db105db0c - raw_earthquake - Requesting job status from http://localhost:8001/api/public/v1/jobs/300
[32m2024-08-18 15:40:56 -0400[0m - dagster - [34mDEBUG[0m - earthquake_pipeline - 727a7be2-4bce-4007-96a8-655db105db0c - raw_earthquake - Job status response: Status code: 200 - Response text: {"jobId":300,"status":"succeeded","jobType":"sync","startTime":"2024-08-18T19:40:14Z","connectionId":"6ea9dba8-00d9-497d-a0ec-e9b30bf2363a","lastUpdatedAt":"2024-08-18T19:40:49Z","duration":"PT35S","bytesSynced":138975,"rowsSynced":1}
[32m2024-08-18 15:40:56 -0400[0m - dagster - [34mINFO[0m - earthquake_pipeline - 727a7be2-4bce-4007-96a8-655db105db0c - raw_earthquake - Airbyte sync job 300 completed successfully.
[32m2024-08-18 15:40:56 -0400[0m - dagster - [34mDEBUG[0m - earthquake_pipeline - 727a7be2-4bce-4007-96a8-655db105db0c - 53046 - raw_earthquake - STEP_OUTPUT - Yielded output "result" of type "Nothing". (Type check passed).
[32m2024-08-18 15:40:56 -0400[0m - dagster - [34mDEBUG[0m - earthquake_pipeline - 727a7be2-4bce-4007-96a8-655db105db0c - 53046 - raw_earthquake - STEP_SUCCESS - Finished execution of step "raw_earthquake" in 42.55s.
