[32m2024-08-18 15:21:14 -0400[0m - dagster - [34mDEBUG[0m - earthquake_pipeline - 7e2803c9-1734-4ca2-83d8-cac11335456f - 50593 - LOGS_CAPTURED - Started capturing logs in process (pid: 50593).
[32m2024-08-18 15:21:14 -0400[0m - dagster - [34mDEBUG[0m - earthquake_pipeline - 7e2803c9-1734-4ca2-83d8-cac11335456f - 50593 - raw_earthquake - STEP_START - Started execution of step "raw_earthquake".
[32m2024-08-18 15:21:14 -0400[0m - dagster - [34mINFO[0m - earthquake_pipeline - 7e2803c9-1734-4ca2-83d8-cac11335456f - raw_earthquake - Triggering Airbyte sync for connection ID: 6ea9dba8-00d9-497d-a0ec-e9b30bf2363a
[32m2024-08-18 15:21:14 -0400[0m - dagster - [34mINFO[0m - earthquake_pipeline - 7e2803c9-1734-4ca2-83d8-cac11335456f - raw_earthquake - Checking Airbyte server health at http://localhost:8001/api/public/v1/health
[32m2024-08-18 15:21:14 -0400[0m - dagster - [34mINFO[0m - earthquake_pipeline - 7e2803c9-1734-4ca2-83d8-cac11335456f - raw_earthquake - Airbyte connection is valid.
[32m2024-08-18 15:21:14 -0400[0m - dagster - [34mINFO[0m - earthquake_pipeline - 7e2803c9-1734-4ca2-83d8-cac11335456f - raw_earthquake - Triggering Airbyte sync job with connection ID: 6ea9dba8-00d9-497d-a0ec-e9b30bf2363a at http://localhost:8001/api/public/v1/jobs
[32m2024-08-18 15:21:17 -0400[0m - dagster - [34mDEBUG[0m - earthquake_pipeline - 7e2803c9-1734-4ca2-83d8-cac11335456f - raw_earthquake - Sync job trigger response: Status code: 200 - Response text: {"jobId":283,"status":"running","jobType":"sync","startTime":"2024-08-18T19:21:17Z","connectionId":"6ea9dba8-00d9-497d-a0ec-e9b30bf2363a","duration":"PT0S"}
[32m2024-08-18 15:21:17 -0400[0m - dagster - [34mINFO[0m - earthquake_pipeline - 7e2803c9-1734-4ca2-83d8-cac11335456f - raw_earthquake - Sync job triggered successfully. Job ID: 283
[32m2024-08-18 15:21:17 -0400[0m - dagster - [34mINFO[0m - earthquake_pipeline - 7e2803c9-1734-4ca2-83d8-cac11335456f - raw_earthquake - Checking status of Airbyte sync job with Job ID: 283
[32m2024-08-18 15:21:17 -0400[0m - dagster - [34mDEBUG[0m - earthquake_pipeline - 7e2803c9-1734-4ca2-83d8-cac11335456f - raw_earthquake - Requesting job status from http://localhost:8001/api/public/v1/jobs/283
[32m2024-08-18 15:21:17 -0400[0m - dagster - [34mDEBUG[0m - earthquake_pipeline - 7e2803c9-1734-4ca2-83d8-cac11335456f - raw_earthquake - Job status response: Status code: 200 - Response text: {"jobId":283,"status":"running","jobType":"sync","startTime":"2024-08-18T19:21:17Z","connectionId":"6ea9dba8-00d9-497d-a0ec-e9b30bf2363a","duration":"PT0S","bytesSynced":0,"rowsSynced":0}
[32m2024-08-18 15:21:17 -0400[0m - dagster - [34mINFO[0m - earthquake_pipeline - 7e2803c9-1734-4ca2-83d8-cac11335456f - raw_earthquake - Job 283 is still in progress. Checking again in 10 seconds.
[32m2024-08-18 15:21:27 -0400[0m - dagster - [34mDEBUG[0m - earthquake_pipeline - 7e2803c9-1734-4ca2-83d8-cac11335456f - raw_earthquake - Requesting job status from http://localhost:8001/api/public/v1/jobs/283
[32m2024-08-18 15:21:28 -0400[0m - dagster - [34mDEBUG[0m - earthquake_pipeline - 7e2803c9-1734-4ca2-83d8-cac11335456f - raw_earthquake - Job status response: Status code: 200 - Response text: {"jobId":283,"status":"running","jobType":"sync","startTime":"2024-08-18T19:21:17Z","connectionId":"6ea9dba8-00d9-497d-a0ec-e9b30bf2363a","duration":"PT0S","bytesSynced":0,"rowsSynced":0}
[32m2024-08-18 15:21:28 -0400[0m - dagster - [34mINFO[0m - earthquake_pipeline - 7e2803c9-1734-4ca2-83d8-cac11335456f - raw_earthquake - Job 283 is still in progress. Checking again in 10 seconds.
[32m2024-08-18 15:21:38 -0400[0m - dagster - [34mDEBUG[0m - earthquake_pipeline - 7e2803c9-1734-4ca2-83d8-cac11335456f - raw_earthquake - Requesting job status from http://localhost:8001/api/public/v1/jobs/283
[32m2024-08-18 15:21:38 -0400[0m - dagster - [34mDEBUG[0m - earthquake_pipeline - 7e2803c9-1734-4ca2-83d8-cac11335456f - raw_earthquake - Job status response: Status code: 200 - Response text: {"jobId":283,"status":"running","jobType":"sync","startTime":"2024-08-18T19:21:17Z","connectionId":"6ea9dba8-00d9-497d-a0ec-e9b30bf2363a","duration":"PT0S","bytesSynced":0,"rowsSynced":0}
[32m2024-08-18 15:21:38 -0400[0m - dagster - [34mINFO[0m - earthquake_pipeline - 7e2803c9-1734-4ca2-83d8-cac11335456f - raw_earthquake - Job 283 is still in progress. Checking again in 10 seconds.
[32m2024-08-18 15:21:49 -0400[0m - dagster - [34mDEBUG[0m - earthquake_pipeline - 7e2803c9-1734-4ca2-83d8-cac11335456f - raw_earthquake - Requesting job status from http://localhost:8001/api/public/v1/jobs/283
[32m2024-08-18 15:21:49 -0400[0m - dagster - [34mDEBUG[0m - earthquake_pipeline - 7e2803c9-1734-4ca2-83d8-cac11335456f - raw_earthquake - Job status response: Status code: 200 - Response text: {"jobId":283,"status":"running","jobType":"sync","startTime":"2024-08-18T19:21:17Z","connectionId":"6ea9dba8-00d9-497d-a0ec-e9b30bf2363a","duration":"PT0S","bytesSynced":0,"rowsSynced":0}
[32m2024-08-18 15:21:49 -0400[0m - dagster - [34mINFO[0m - earthquake_pipeline - 7e2803c9-1734-4ca2-83d8-cac11335456f - raw_earthquake - Job 283 is still in progress. Checking again in 10 seconds.
[32m2024-08-18 15:21:59 -0400[0m - dagster - [34mDEBUG[0m - earthquake_pipeline - 7e2803c9-1734-4ca2-83d8-cac11335456f - raw_earthquake - Requesting job status from http://localhost:8001/api/public/v1/jobs/283
[32m2024-08-18 15:21:59 -0400[0m - dagster - [34mDEBUG[0m - earthquake_pipeline - 7e2803c9-1734-4ca2-83d8-cac11335456f - raw_earthquake - Job status response: Status code: 200 - Response text: {"jobId":283,"status":"running","jobType":"sync","startTime":"2024-08-18T19:21:17Z","connectionId":"6ea9dba8-00d9-497d-a0ec-e9b30bf2363a","duration":"PT0S","bytesSynced":139041,"rowsSynced":1}
[32m2024-08-18 15:21:59 -0400[0m - dagster - [34mINFO[0m - earthquake_pipeline - 7e2803c9-1734-4ca2-83d8-cac11335456f - raw_earthquake - Job 283 is still in progress. Checking again in 10 seconds.
[32m2024-08-18 15:22:09 -0400[0m - dagster - [34mDEBUG[0m - earthquake_pipeline - 7e2803c9-1734-4ca2-83d8-cac11335456f - raw_earthquake - Requesting job status from http://localhost:8001/api/public/v1/jobs/283
[32m2024-08-18 15:22:09 -0400[0m - dagster - [34mDEBUG[0m - earthquake_pipeline - 7e2803c9-1734-4ca2-83d8-cac11335456f - raw_earthquake - Job status response: Status code: 200 - Response text: {"jobId":283,"status":"succeeded","jobType":"sync","startTime":"2024-08-18T19:21:17Z","connectionId":"6ea9dba8-00d9-497d-a0ec-e9b30bf2363a","lastUpdatedAt":"2024-08-18T19:21:59Z","duration":"PT42S","bytesSynced":139041,"rowsSynced":1}
[32m2024-08-18 15:22:09 -0400[0m - dagster - [34mINFO[0m - earthquake_pipeline - 7e2803c9-1734-4ca2-83d8-cac11335456f - raw_earthquake - Airbyte sync job 283 completed successfully.
[32m2024-08-18 15:22:09 -0400[0m - dagster - [34mDEBUG[0m - earthquake_pipeline - 7e2803c9-1734-4ca2-83d8-cac11335456f - 50593 - raw_earthquake - STEP_OUTPUT - Yielded output "result" of type "Nothing". (Type check passed).
[32m2024-08-18 15:22:09 -0400[0m - dagster - [34mDEBUG[0m - earthquake_pipeline - 7e2803c9-1734-4ca2-83d8-cac11335456f - 50593 - raw_earthquake - STEP_SUCCESS - Finished execution of step "raw_earthquake" in 55.33s.
