[32m2024-08-18 15:24:16 -0400[0m - dagster - [34mDEBUG[0m - earthquake_pipeline - 58e40289-c057-4ed7-afa4-95854dae4ae2 - 50952 - LOGS_CAPTURED - Started capturing logs in process (pid: 50952).
[32m2024-08-18 15:24:16 -0400[0m - dagster - [34mDEBUG[0m - earthquake_pipeline - 58e40289-c057-4ed7-afa4-95854dae4ae2 - 50952 - raw_earthquake - STEP_START - Started execution of step "raw_earthquake".
[32m2024-08-18 15:24:16 -0400[0m - dagster - [34mINFO[0m - earthquake_pipeline - 58e40289-c057-4ed7-afa4-95854dae4ae2 - raw_earthquake - Triggering Airbyte sync for connection ID: 6ea9dba8-00d9-497d-a0ec-e9b30bf2363a
[32m2024-08-18 15:24:16 -0400[0m - dagster - [34mINFO[0m - earthquake_pipeline - 58e40289-c057-4ed7-afa4-95854dae4ae2 - raw_earthquake - Checking Airbyte server health at http://localhost:8001/api/public/v1/health
[32m2024-08-18 15:24:16 -0400[0m - dagster - [34mINFO[0m - earthquake_pipeline - 58e40289-c057-4ed7-afa4-95854dae4ae2 - raw_earthquake - Airbyte connection is valid.
[32m2024-08-18 15:24:16 -0400[0m - dagster - [34mINFO[0m - earthquake_pipeline - 58e40289-c057-4ed7-afa4-95854dae4ae2 - raw_earthquake - Triggering Airbyte sync job with connection ID: 6ea9dba8-00d9-497d-a0ec-e9b30bf2363a at http://localhost:8001/api/public/v1/jobs
[32m2024-08-18 15:24:21 -0400[0m - dagster - [34mDEBUG[0m - earthquake_pipeline - 58e40289-c057-4ed7-afa4-95854dae4ae2 - raw_earthquake - Sync job trigger response: Status code: 200 - Response text: {"jobId":286,"status":"running","jobType":"sync","startTime":"2024-08-18T19:24:20Z","connectionId":"6ea9dba8-00d9-497d-a0ec-e9b30bf2363a","duration":"PT0S"}
[32m2024-08-18 15:24:21 -0400[0m - dagster - [34mINFO[0m - earthquake_pipeline - 58e40289-c057-4ed7-afa4-95854dae4ae2 - raw_earthquake - Sync job triggered successfully. Job ID: 286
[32m2024-08-18 15:24:21 -0400[0m - dagster - [34mINFO[0m - earthquake_pipeline - 58e40289-c057-4ed7-afa4-95854dae4ae2 - raw_earthquake - Checking status of Airbyte sync job with Job ID: 286
[32m2024-08-18 15:24:21 -0400[0m - dagster - [34mDEBUG[0m - earthquake_pipeline - 58e40289-c057-4ed7-afa4-95854dae4ae2 - raw_earthquake - Requesting job status from http://localhost:8001/api/public/v1/jobs/286
[32m2024-08-18 15:24:21 -0400[0m - dagster - [34mDEBUG[0m - earthquake_pipeline - 58e40289-c057-4ed7-afa4-95854dae4ae2 - raw_earthquake - Job status response: Status code: 200 - Response text: {"jobId":286,"status":"running","jobType":"sync","startTime":"2024-08-18T19:24:20Z","connectionId":"6ea9dba8-00d9-497d-a0ec-e9b30bf2363a","duration":"PT0S","bytesSynced":0,"rowsSynced":0}
[32m2024-08-18 15:24:21 -0400[0m - dagster - [34mINFO[0m - earthquake_pipeline - 58e40289-c057-4ed7-afa4-95854dae4ae2 - raw_earthquake - Job 286 is still in progress. Checking again in 10 seconds.
[32m2024-08-18 15:24:31 -0400[0m - dagster - [34mDEBUG[0m - earthquake_pipeline - 58e40289-c057-4ed7-afa4-95854dae4ae2 - raw_earthquake - Requesting job status from http://localhost:8001/api/public/v1/jobs/286
[32m2024-08-18 15:24:31 -0400[0m - dagster - [34mDEBUG[0m - earthquake_pipeline - 58e40289-c057-4ed7-afa4-95854dae4ae2 - raw_earthquake - Job status response: Status code: 200 - Response text: {"jobId":286,"status":"running","jobType":"sync","startTime":"2024-08-18T19:24:20Z","connectionId":"6ea9dba8-00d9-497d-a0ec-e9b30bf2363a","duration":"PT0S","bytesSynced":0,"rowsSynced":0}
[32m2024-08-18 15:24:31 -0400[0m - dagster - [34mINFO[0m - earthquake_pipeline - 58e40289-c057-4ed7-afa4-95854dae4ae2 - raw_earthquake - Job 286 is still in progress. Checking again in 10 seconds.
[32m2024-08-18 15:24:41 -0400[0m - dagster - [34mDEBUG[0m - earthquake_pipeline - 58e40289-c057-4ed7-afa4-95854dae4ae2 - raw_earthquake - Requesting job status from http://localhost:8001/api/public/v1/jobs/286
[32m2024-08-18 15:24:42 -0400[0m - dagster - [34mDEBUG[0m - earthquake_pipeline - 58e40289-c057-4ed7-afa4-95854dae4ae2 - raw_earthquake - Job status response: Status code: 200 - Response text: {"jobId":286,"status":"running","jobType":"sync","startTime":"2024-08-18T19:24:20Z","connectionId":"6ea9dba8-00d9-497d-a0ec-e9b30bf2363a","duration":"PT0S","bytesSynced":0,"rowsSynced":0}
[32m2024-08-18 15:24:42 -0400[0m - dagster - [34mINFO[0m - earthquake_pipeline - 58e40289-c057-4ed7-afa4-95854dae4ae2 - raw_earthquake - Job 286 is still in progress. Checking again in 10 seconds.
[32m2024-08-18 15:24:52 -0400[0m - dagster - [34mDEBUG[0m - earthquake_pipeline - 58e40289-c057-4ed7-afa4-95854dae4ae2 - raw_earthquake - Requesting job status from http://localhost:8001/api/public/v1/jobs/286
[32m2024-08-18 15:24:52 -0400[0m - dagster - [34mDEBUG[0m - earthquake_pipeline - 58e40289-c057-4ed7-afa4-95854dae4ae2 - raw_earthquake - Job status response: Status code: 200 - Response text: {"jobId":286,"status":"running","jobType":"sync","startTime":"2024-08-18T19:24:20Z","connectionId":"6ea9dba8-00d9-497d-a0ec-e9b30bf2363a","duration":"PT0S","bytesSynced":0,"rowsSynced":0}
[32m2024-08-18 15:24:52 -0400[0m - dagster - [34mINFO[0m - earthquake_pipeline - 58e40289-c057-4ed7-afa4-95854dae4ae2 - raw_earthquake - Job 286 is still in progress. Checking again in 10 seconds.
[32m2024-08-18 15:25:02 -0400[0m - dagster - [34mDEBUG[0m - earthquake_pipeline - 58e40289-c057-4ed7-afa4-95854dae4ae2 - raw_earthquake - Requesting job status from http://localhost:8001/api/public/v1/jobs/286
[32m2024-08-18 15:25:02 -0400[0m - dagster - [34mDEBUG[0m - earthquake_pipeline - 58e40289-c057-4ed7-afa4-95854dae4ae2 - raw_earthquake - Job status response: Status code: 200 - Response text: {"jobId":286,"status":"running","jobType":"sync","startTime":"2024-08-18T19:24:20Z","connectionId":"6ea9dba8-00d9-497d-a0ec-e9b30bf2363a","duration":"PT0S","bytesSynced":0,"rowsSynced":0}
[32m2024-08-18 15:25:02 -0400[0m - dagster - [34mINFO[0m - earthquake_pipeline - 58e40289-c057-4ed7-afa4-95854dae4ae2 - raw_earthquake - Job 286 is still in progress. Checking again in 10 seconds.
[32m2024-08-18 15:25:12 -0400[0m - dagster - [34mDEBUG[0m - earthquake_pipeline - 58e40289-c057-4ed7-afa4-95854dae4ae2 - raw_earthquake - Requesting job status from http://localhost:8001/api/public/v1/jobs/286
[32m2024-08-18 15:25:13 -0400[0m - dagster - [34mDEBUG[0m - earthquake_pipeline - 58e40289-c057-4ed7-afa4-95854dae4ae2 - raw_earthquake - Job status response: Status code: 200 - Response text: {"jobId":286,"status":"succeeded","jobType":"sync","startTime":"2024-08-18T19:24:20Z","connectionId":"6ea9dba8-00d9-497d-a0ec-e9b30bf2363a","lastUpdatedAt":"2024-08-18T19:25:10Z","duration":"PT50S","bytesSynced":139041,"rowsSynced":1}
[32m2024-08-18 15:25:13 -0400[0m - dagster - [34mINFO[0m - earthquake_pipeline - 58e40289-c057-4ed7-afa4-95854dae4ae2 - raw_earthquake - Airbyte sync job 286 completed successfully.
[32m2024-08-18 15:25:13 -0400[0m - dagster - [34mDEBUG[0m - earthquake_pipeline - 58e40289-c057-4ed7-afa4-95854dae4ae2 - 50952 - raw_earthquake - STEP_OUTPUT - Yielded output "result" of type "Nothing". (Type check passed).
[32m2024-08-18 15:25:13 -0400[0m - dagster - [34mDEBUG[0m - earthquake_pipeline - 58e40289-c057-4ed7-afa4-95854dae4ae2 - 50952 - raw_earthquake - STEP_SUCCESS - Finished execution of step "raw_earthquake" in 56.87s.
