[32m2024-08-18 15:27:18 -0400[0m - dagster - [34mDEBUG[0m - earthquake_pipeline - 5abb5432-45ba-44a4-8b14-8ebe35bf7016 - 51410 - LOGS_CAPTURED - Started capturing logs in process (pid: 51410).
[32m2024-08-18 15:27:18 -0400[0m - dagster - [34mDEBUG[0m - earthquake_pipeline - 5abb5432-45ba-44a4-8b14-8ebe35bf7016 - 51410 - raw_earthquake - STEP_START - Started execution of step "raw_earthquake".
[32m2024-08-18 15:27:18 -0400[0m - dagster - [34mINFO[0m - earthquake_pipeline - 5abb5432-45ba-44a4-8b14-8ebe35bf7016 - raw_earthquake - Triggering Airbyte sync for connection ID: 6ea9dba8-00d9-497d-a0ec-e9b30bf2363a
[32m2024-08-18 15:27:19 -0400[0m - dagster - [34mINFO[0m - earthquake_pipeline - 5abb5432-45ba-44a4-8b14-8ebe35bf7016 - raw_earthquake - Checking Airbyte server health at http://localhost:8001/api/public/v1/health
[32m2024-08-18 15:27:19 -0400[0m - dagster - [34mINFO[0m - earthquake_pipeline - 5abb5432-45ba-44a4-8b14-8ebe35bf7016 - raw_earthquake - Airbyte connection is valid.
[32m2024-08-18 15:27:19 -0400[0m - dagster - [34mINFO[0m - earthquake_pipeline - 5abb5432-45ba-44a4-8b14-8ebe35bf7016 - raw_earthquake - Triggering Airbyte sync job with connection ID: 6ea9dba8-00d9-497d-a0ec-e9b30bf2363a at http://localhost:8001/api/public/v1/jobs
[32m2024-08-18 15:27:29 -0400[0m - dagster - [34mDEBUG[0m - earthquake_pipeline - 5abb5432-45ba-44a4-8b14-8ebe35bf7016 - raw_earthquake - Sync job trigger response: Status code: 200 - Response text: {"jobId":288,"status":"running","jobType":"sync","startTime":"2024-08-18T19:27:24Z","connectionId":"6ea9dba8-00d9-497d-a0ec-e9b30bf2363a","duration":"PT0S"}
[32m2024-08-18 15:27:29 -0400[0m - dagster - [34mINFO[0m - earthquake_pipeline - 5abb5432-45ba-44a4-8b14-8ebe35bf7016 - raw_earthquake - Sync job triggered successfully. Job ID: 288
[32m2024-08-18 15:27:29 -0400[0m - dagster - [34mINFO[0m - earthquake_pipeline - 5abb5432-45ba-44a4-8b14-8ebe35bf7016 - raw_earthquake - Checking status of Airbyte sync job with Job ID: 288
[32m2024-08-18 15:27:29 -0400[0m - dagster - [34mDEBUG[0m - earthquake_pipeline - 5abb5432-45ba-44a4-8b14-8ebe35bf7016 - raw_earthquake - Requesting job status from http://localhost:8001/api/public/v1/jobs/288
[32m2024-08-18 15:27:29 -0400[0m - dagster - [34mDEBUG[0m - earthquake_pipeline - 5abb5432-45ba-44a4-8b14-8ebe35bf7016 - raw_earthquake - Job status response: Status code: 200 - Response text: {"jobId":288,"status":"running","jobType":"sync","startTime":"2024-08-18T19:27:24Z","connectionId":"6ea9dba8-00d9-497d-a0ec-e9b30bf2363a","duration":"PT0S","bytesSynced":0,"rowsSynced":0}
[32m2024-08-18 15:27:29 -0400[0m - dagster - [34mINFO[0m - earthquake_pipeline - 5abb5432-45ba-44a4-8b14-8ebe35bf7016 - raw_earthquake - Job 288 is still in progress. Checking again in 10 seconds.
[32m2024-08-18 15:27:39 -0400[0m - dagster - [34mDEBUG[0m - earthquake_pipeline - 5abb5432-45ba-44a4-8b14-8ebe35bf7016 - raw_earthquake - Requesting job status from http://localhost:8001/api/public/v1/jobs/288
[32m2024-08-18 15:27:39 -0400[0m - dagster - [34mDEBUG[0m - earthquake_pipeline - 5abb5432-45ba-44a4-8b14-8ebe35bf7016 - raw_earthquake - Job status response: Status code: 200 - Response text: {"jobId":288,"status":"running","jobType":"sync","startTime":"2024-08-18T19:27:24Z","connectionId":"6ea9dba8-00d9-497d-a0ec-e9b30bf2363a","duration":"PT0S","bytesSynced":0,"rowsSynced":0}
[32m2024-08-18 15:27:39 -0400[0m - dagster - [34mINFO[0m - earthquake_pipeline - 5abb5432-45ba-44a4-8b14-8ebe35bf7016 - raw_earthquake - Job 288 is still in progress. Checking again in 10 seconds.
[32m2024-08-18 15:27:49 -0400[0m - dagster - [34mDEBUG[0m - earthquake_pipeline - 5abb5432-45ba-44a4-8b14-8ebe35bf7016 - raw_earthquake - Requesting job status from http://localhost:8001/api/public/v1/jobs/288
[32m2024-08-18 15:27:50 -0400[0m - dagster - [34mDEBUG[0m - earthquake_pipeline - 5abb5432-45ba-44a4-8b14-8ebe35bf7016 - raw_earthquake - Job status response: Status code: 200 - Response text: {"jobId":288,"status":"running","jobType":"sync","startTime":"2024-08-18T19:27:24Z","connectionId":"6ea9dba8-00d9-497d-a0ec-e9b30bf2363a","duration":"PT0S","bytesSynced":0,"rowsSynced":0}
[32m2024-08-18 15:27:50 -0400[0m - dagster - [34mINFO[0m - earthquake_pipeline - 5abb5432-45ba-44a4-8b14-8ebe35bf7016 - raw_earthquake - Job 288 is still in progress. Checking again in 10 seconds.
[32m2024-08-18 15:28:00 -0400[0m - dagster - [34mDEBUG[0m - earthquake_pipeline - 5abb5432-45ba-44a4-8b14-8ebe35bf7016 - raw_earthquake - Requesting job status from http://localhost:8001/api/public/v1/jobs/288
[32m2024-08-18 15:28:01 -0400[0m - dagster - [34mDEBUG[0m - earthquake_pipeline - 5abb5432-45ba-44a4-8b14-8ebe35bf7016 - raw_earthquake - Job status response: Status code: 200 - Response text: {"jobId":288,"status":"running","jobType":"sync","startTime":"2024-08-18T19:27:24Z","connectionId":"6ea9dba8-00d9-497d-a0ec-e9b30bf2363a","duration":"PT0S","bytesSynced":0,"rowsSynced":0}
[32m2024-08-18 15:28:01 -0400[0m - dagster - [34mINFO[0m - earthquake_pipeline - 5abb5432-45ba-44a4-8b14-8ebe35bf7016 - raw_earthquake - Job 288 is still in progress. Checking again in 10 seconds.
[32m2024-08-18 15:28:11 -0400[0m - dagster - [34mDEBUG[0m - earthquake_pipeline - 5abb5432-45ba-44a4-8b14-8ebe35bf7016 - raw_earthquake - Requesting job status from http://localhost:8001/api/public/v1/jobs/288
[32m2024-08-18 15:28:11 -0400[0m - dagster - [34mDEBUG[0m - earthquake_pipeline - 5abb5432-45ba-44a4-8b14-8ebe35bf7016 - raw_earthquake - Job status response: Status code: 200 - Response text: {"jobId":288,"status":"running","jobType":"sync","startTime":"2024-08-18T19:27:24Z","connectionId":"6ea9dba8-00d9-497d-a0ec-e9b30bf2363a","duration":"PT0S","bytesSynced":0,"rowsSynced":0}
[32m2024-08-18 15:28:11 -0400[0m - dagster - [34mINFO[0m - earthquake_pipeline - 5abb5432-45ba-44a4-8b14-8ebe35bf7016 - raw_earthquake - Job 288 is still in progress. Checking again in 10 seconds.
[32m2024-08-18 15:28:22 -0400[0m - dagster - [34mDEBUG[0m - earthquake_pipeline - 5abb5432-45ba-44a4-8b14-8ebe35bf7016 - raw_earthquake - Requesting job status from http://localhost:8001/api/public/v1/jobs/288
[32m2024-08-18 15:28:22 -0400[0m - dagster - [34mDEBUG[0m - earthquake_pipeline - 5abb5432-45ba-44a4-8b14-8ebe35bf7016 - raw_earthquake - Job status response: Status code: 200 - Response text: {"jobId":288,"status":"running","jobType":"sync","startTime":"2024-08-18T19:27:24Z","connectionId":"6ea9dba8-00d9-497d-a0ec-e9b30bf2363a","duration":"PT0S","bytesSynced":0,"rowsSynced":0}
[32m2024-08-18 15:28:22 -0400[0m - dagster - [34mINFO[0m - earthquake_pipeline - 5abb5432-45ba-44a4-8b14-8ebe35bf7016 - raw_earthquake - Job 288 is still in progress. Checking again in 10 seconds.
[32m2024-08-18 15:28:32 -0400[0m - dagster - [34mDEBUG[0m - earthquake_pipeline - 5abb5432-45ba-44a4-8b14-8ebe35bf7016 - raw_earthquake - Requesting job status from http://localhost:8001/api/public/v1/jobs/288
[32m2024-08-18 15:28:32 -0400[0m - dagster - [34mDEBUG[0m - earthquake_pipeline - 5abb5432-45ba-44a4-8b14-8ebe35bf7016 - raw_earthquake - Job status response: Status code: 200 - Response text: {"jobId":288,"status":"running","jobType":"sync","startTime":"2024-08-18T19:27:24Z","connectionId":"6ea9dba8-00d9-497d-a0ec-e9b30bf2363a","duration":"PT0S","bytesSynced":277287,"rowsSynced":2}
[32m2024-08-18 15:28:32 -0400[0m - dagster - [34mINFO[0m - earthquake_pipeline - 5abb5432-45ba-44a4-8b14-8ebe35bf7016 - raw_earthquake - Job 288 is still in progress. Checking again in 10 seconds.
[32m2024-08-18 15:28:42 -0400[0m - dagster - [34mDEBUG[0m - earthquake_pipeline - 5abb5432-45ba-44a4-8b14-8ebe35bf7016 - raw_earthquake - Requesting job status from http://localhost:8001/api/public/v1/jobs/288
[32m2024-08-18 15:28:42 -0400[0m - dagster - [34mDEBUG[0m - earthquake_pipeline - 5abb5432-45ba-44a4-8b14-8ebe35bf7016 - raw_earthquake - Job status response: Status code: 200 - Response text: {"jobId":288,"status":"succeeded","jobType":"sync","startTime":"2024-08-18T19:27:24Z","connectionId":"6ea9dba8-00d9-497d-a0ec-e9b30bf2363a","lastUpdatedAt":"2024-08-18T19:28:32Z","duration":"PT1M8S","bytesSynced":277287,"rowsSynced":2}
[32m2024-08-18 15:28:42 -0400[0m - dagster - [34mINFO[0m - earthquake_pipeline - 5abb5432-45ba-44a4-8b14-8ebe35bf7016 - raw_earthquake - Airbyte sync job 288 completed successfully.
[32m2024-08-18 15:28:42 -0400[0m - dagster - [34mDEBUG[0m - earthquake_pipeline - 5abb5432-45ba-44a4-8b14-8ebe35bf7016 - 51410 - raw_earthquake - STEP_OUTPUT - Yielded output "result" of type "Nothing". (Type check passed).
[32m2024-08-18 15:28:42 -0400[0m - dagster - [34mDEBUG[0m - earthquake_pipeline - 5abb5432-45ba-44a4-8b14-8ebe35bf7016 - 51410 - raw_earthquake - STEP_SUCCESS - Finished execution of step "raw_earthquake" in 1m23s.
