[32m2024-08-18 15:32:14 -0400[0m - dagster - [34mDEBUG[0m - earthquake_pipeline - cccc9216-2fd9-4678-a2d7-2daa97f3fbcf - 52030 - LOGS_CAPTURED - Started capturing logs in process (pid: 52030).
[32m2024-08-18 15:32:14 -0400[0m - dagster - [34mDEBUG[0m - earthquake_pipeline - cccc9216-2fd9-4678-a2d7-2daa97f3fbcf - 52030 - raw_earthquake - STEP_START - Started execution of step "raw_earthquake".
[32m2024-08-18 15:32:14 -0400[0m - dagster - [34mINFO[0m - earthquake_pipeline - cccc9216-2fd9-4678-a2d7-2daa97f3fbcf - raw_earthquake - Triggering Airbyte sync for connection ID: 6ea9dba8-00d9-497d-a0ec-e9b30bf2363a
[32m2024-08-18 15:32:14 -0400[0m - dagster - [34mINFO[0m - earthquake_pipeline - cccc9216-2fd9-4678-a2d7-2daa97f3fbcf - raw_earthquake - Checking Airbyte server health at http://localhost:8001/api/public/v1/health
[32m2024-08-18 15:32:14 -0400[0m - dagster - [34mINFO[0m - earthquake_pipeline - cccc9216-2fd9-4678-a2d7-2daa97f3fbcf - raw_earthquake - Airbyte connection is valid.
[32m2024-08-18 15:32:14 -0400[0m - dagster - [34mINFO[0m - earthquake_pipeline - cccc9216-2fd9-4678-a2d7-2daa97f3fbcf - raw_earthquake - Triggering Airbyte sync job with connection ID: 6ea9dba8-00d9-497d-a0ec-e9b30bf2363a at http://localhost:8001/api/public/v1/jobs
[32m2024-08-18 15:32:15 -0400[0m - dagster - [34mDEBUG[0m - earthquake_pipeline - cccc9216-2fd9-4678-a2d7-2daa97f3fbcf - raw_earthquake - Sync job trigger response: Status code: 200 - Response text: {"jobId":292,"status":"running","jobType":"sync","startTime":"2024-08-18T19:32:14Z","connectionId":"6ea9dba8-00d9-497d-a0ec-e9b30bf2363a","duration":"PT0S"}
[32m2024-08-18 15:32:15 -0400[0m - dagster - [34mINFO[0m - earthquake_pipeline - cccc9216-2fd9-4678-a2d7-2daa97f3fbcf - raw_earthquake - Sync job triggered successfully. Job ID: 292
[32m2024-08-18 15:32:15 -0400[0m - dagster - [34mINFO[0m - earthquake_pipeline - cccc9216-2fd9-4678-a2d7-2daa97f3fbcf - raw_earthquake - Checking status of Airbyte sync job with Job ID: 292
[32m2024-08-18 15:32:15 -0400[0m - dagster - [34mDEBUG[0m - earthquake_pipeline - cccc9216-2fd9-4678-a2d7-2daa97f3fbcf - raw_earthquake - Requesting job status from http://localhost:8001/api/public/v1/jobs/292
[32m2024-08-18 15:32:15 -0400[0m - dagster - [34mDEBUG[0m - earthquake_pipeline - cccc9216-2fd9-4678-a2d7-2daa97f3fbcf - raw_earthquake - Job status response: Status code: 200 - Response text: {"jobId":292,"status":"running","jobType":"sync","startTime":"2024-08-18T19:32:14Z","connectionId":"6ea9dba8-00d9-497d-a0ec-e9b30bf2363a","duration":"PT0S","bytesSynced":0,"rowsSynced":0}
[32m2024-08-18 15:32:15 -0400[0m - dagster - [34mINFO[0m - earthquake_pipeline - cccc9216-2fd9-4678-a2d7-2daa97f3fbcf - raw_earthquake - Job 292 is still in progress. Checking again in 10 seconds.
[32m2024-08-18 15:32:25 -0400[0m - dagster - [34mDEBUG[0m - earthquake_pipeline - cccc9216-2fd9-4678-a2d7-2daa97f3fbcf - raw_earthquake - Requesting job status from http://localhost:8001/api/public/v1/jobs/292
[32m2024-08-18 15:32:25 -0400[0m - dagster - [34mDEBUG[0m - earthquake_pipeline - cccc9216-2fd9-4678-a2d7-2daa97f3fbcf - raw_earthquake - Job status response: Status code: 200 - Response text: {"jobId":292,"status":"running","jobType":"sync","startTime":"2024-08-18T19:32:14Z","connectionId":"6ea9dba8-00d9-497d-a0ec-e9b30bf2363a","duration":"PT0S","bytesSynced":0,"rowsSynced":0}
[32m2024-08-18 15:32:25 -0400[0m - dagster - [34mINFO[0m - earthquake_pipeline - cccc9216-2fd9-4678-a2d7-2daa97f3fbcf - raw_earthquake - Job 292 is still in progress. Checking again in 10 seconds.
[32m2024-08-18 15:32:35 -0400[0m - dagster - [34mDEBUG[0m - earthquake_pipeline - cccc9216-2fd9-4678-a2d7-2daa97f3fbcf - raw_earthquake - Requesting job status from http://localhost:8001/api/public/v1/jobs/292
[32m2024-08-18 15:32:35 -0400[0m - dagster - [34mDEBUG[0m - earthquake_pipeline - cccc9216-2fd9-4678-a2d7-2daa97f3fbcf - raw_earthquake - Job status response: Status code: 200 - Response text: {"jobId":292,"status":"running","jobType":"sync","startTime":"2024-08-18T19:32:14Z","connectionId":"6ea9dba8-00d9-497d-a0ec-e9b30bf2363a","duration":"PT0S","bytesSynced":0,"rowsSynced":0}
[32m2024-08-18 15:32:35 -0400[0m - dagster - [34mINFO[0m - earthquake_pipeline - cccc9216-2fd9-4678-a2d7-2daa97f3fbcf - raw_earthquake - Job 292 is still in progress. Checking again in 10 seconds.
[32m2024-08-18 15:32:45 -0400[0m - dagster - [34mDEBUG[0m - earthquake_pipeline - cccc9216-2fd9-4678-a2d7-2daa97f3fbcf - raw_earthquake - Requesting job status from http://localhost:8001/api/public/v1/jobs/292
[32m2024-08-18 15:32:45 -0400[0m - dagster - [34mDEBUG[0m - earthquake_pipeline - cccc9216-2fd9-4678-a2d7-2daa97f3fbcf - raw_earthquake - Job status response: Status code: 200 - Response text: {"jobId":292,"status":"running","jobType":"sync","startTime":"2024-08-18T19:32:14Z","connectionId":"6ea9dba8-00d9-497d-a0ec-e9b30bf2363a","duration":"PT0S","bytesSynced":138995,"rowsSynced":1}
[32m2024-08-18 15:32:45 -0400[0m - dagster - [34mINFO[0m - earthquake_pipeline - cccc9216-2fd9-4678-a2d7-2daa97f3fbcf - raw_earthquake - Job 292 is still in progress. Checking again in 10 seconds.
[32m2024-08-18 15:32:55 -0400[0m - dagster - [34mDEBUG[0m - earthquake_pipeline - cccc9216-2fd9-4678-a2d7-2daa97f3fbcf - raw_earthquake - Requesting job status from http://localhost:8001/api/public/v1/jobs/292
[32m2024-08-18 15:32:55 -0400[0m - dagster - [34mDEBUG[0m - earthquake_pipeline - cccc9216-2fd9-4678-a2d7-2daa97f3fbcf - raw_earthquake - Job status response: Status code: 200 - Response text: {"jobId":292,"status":"succeeded","jobType":"sync","startTime":"2024-08-18T19:32:14Z","connectionId":"6ea9dba8-00d9-497d-a0ec-e9b30bf2363a","lastUpdatedAt":"2024-08-18T19:32:46Z","duration":"PT32S","bytesSynced":138995,"rowsSynced":1}
[32m2024-08-18 15:32:55 -0400[0m - dagster - [34mINFO[0m - earthquake_pipeline - cccc9216-2fd9-4678-a2d7-2daa97f3fbcf - raw_earthquake - Airbyte sync job 292 completed successfully.
[32m2024-08-18 15:32:55 -0400[0m - dagster - [34mDEBUG[0m - earthquake_pipeline - cccc9216-2fd9-4678-a2d7-2daa97f3fbcf - 52030 - raw_earthquake - STEP_OUTPUT - Yielded output "result" of type "Nothing". (Type check passed).
[32m2024-08-18 15:32:55 -0400[0m - dagster - [34mDEBUG[0m - earthquake_pipeline - cccc9216-2fd9-4678-a2d7-2daa97f3fbcf - 52030 - raw_earthquake - STEP_SUCCESS - Finished execution of step "raw_earthquake" in 41.22s.
