[32m2024-08-18 15:50:10 -0400[0m - dagster - [34mDEBUG[0m - earthquake_pipeline - 7ca8ab8c-3f70-4f0b-a064-fd28c59cc5cf - 54213 - LOGS_CAPTURED - Started capturing logs in process (pid: 54213).
[32m2024-08-18 15:50:10 -0400[0m - dagster - [34mDEBUG[0m - earthquake_pipeline - 7ca8ab8c-3f70-4f0b-a064-fd28c59cc5cf - 54213 - raw_earthquake - STEP_START - Started execution of step "raw_earthquake".
[32m2024-08-18 15:50:10 -0400[0m - dagster - [34mINFO[0m - earthquake_pipeline - 7ca8ab8c-3f70-4f0b-a064-fd28c59cc5cf - raw_earthquake - Triggering Airbyte sync for connection ID: 6ea9dba8-00d9-497d-a0ec-e9b30bf2363a
[32m2024-08-18 15:50:10 -0400[0m - dagster - [34mINFO[0m - earthquake_pipeline - 7ca8ab8c-3f70-4f0b-a064-fd28c59cc5cf - raw_earthquake - Checking Airbyte server health at http://localhost:8001/api/public/v1/health
[32m2024-08-18 15:50:10 -0400[0m - dagster - [34mINFO[0m - earthquake_pipeline - 7ca8ab8c-3f70-4f0b-a064-fd28c59cc5cf - raw_earthquake - Airbyte connection is valid.
[32m2024-08-18 15:50:10 -0400[0m - dagster - [34mINFO[0m - earthquake_pipeline - 7ca8ab8c-3f70-4f0b-a064-fd28c59cc5cf - raw_earthquake - Triggering Airbyte sync job with connection ID: 6ea9dba8-00d9-497d-a0ec-e9b30bf2363a at http://localhost:8001/api/public/v1/jobs
[32m2024-08-18 15:50:11 -0400[0m - dagster - [34mDEBUG[0m - earthquake_pipeline - 7ca8ab8c-3f70-4f0b-a064-fd28c59cc5cf - raw_earthquake - Sync job trigger response: Status code: 200 - Response text: {"jobId":310,"status":"running","jobType":"sync","startTime":"2024-08-18T19:50:10Z","connectionId":"6ea9dba8-00d9-497d-a0ec-e9b30bf2363a","duration":"PT0S"}
[32m2024-08-18 15:50:11 -0400[0m - dagster - [34mINFO[0m - earthquake_pipeline - 7ca8ab8c-3f70-4f0b-a064-fd28c59cc5cf - raw_earthquake - Sync job triggered successfully. Job ID: 310
[32m2024-08-18 15:50:11 -0400[0m - dagster - [34mINFO[0m - earthquake_pipeline - 7ca8ab8c-3f70-4f0b-a064-fd28c59cc5cf - raw_earthquake - Checking status of Airbyte sync job with Job ID: 310
[32m2024-08-18 15:50:11 -0400[0m - dagster - [34mDEBUG[0m - earthquake_pipeline - 7ca8ab8c-3f70-4f0b-a064-fd28c59cc5cf - raw_earthquake - Requesting job status from http://localhost:8001/api/public/v1/jobs/310
[32m2024-08-18 15:50:11 -0400[0m - dagster - [34mDEBUG[0m - earthquake_pipeline - 7ca8ab8c-3f70-4f0b-a064-fd28c59cc5cf - raw_earthquake - Job status response: Status code: 200 - Response text: {"jobId":310,"status":"running","jobType":"sync","startTime":"2024-08-18T19:50:10Z","connectionId":"6ea9dba8-00d9-497d-a0ec-e9b30bf2363a","duration":"PT0S","bytesSynced":0,"rowsSynced":0}
[32m2024-08-18 15:50:11 -0400[0m - dagster - [34mINFO[0m - earthquake_pipeline - 7ca8ab8c-3f70-4f0b-a064-fd28c59cc5cf - raw_earthquake - Job 310 is still in progress. Checking again in 10 seconds.
[32m2024-08-18 15:50:21 -0400[0m - dagster - [34mDEBUG[0m - earthquake_pipeline - 7ca8ab8c-3f70-4f0b-a064-fd28c59cc5cf - raw_earthquake - Requesting job status from http://localhost:8001/api/public/v1/jobs/310
[32m2024-08-18 15:50:21 -0400[0m - dagster - [34mDEBUG[0m - earthquake_pipeline - 7ca8ab8c-3f70-4f0b-a064-fd28c59cc5cf - raw_earthquake - Job status response: Status code: 200 - Response text: {"jobId":310,"status":"running","jobType":"sync","startTime":"2024-08-18T19:50:10Z","connectionId":"6ea9dba8-00d9-497d-a0ec-e9b30bf2363a","duration":"PT0S","bytesSynced":0,"rowsSynced":0}
[32m2024-08-18 15:50:21 -0400[0m - dagster - [34mINFO[0m - earthquake_pipeline - 7ca8ab8c-3f70-4f0b-a064-fd28c59cc5cf - raw_earthquake - Job 310 is still in progress. Checking again in 10 seconds.
[32m2024-08-18 15:50:31 -0400[0m - dagster - [34mDEBUG[0m - earthquake_pipeline - 7ca8ab8c-3f70-4f0b-a064-fd28c59cc5cf - raw_earthquake - Requesting job status from http://localhost:8001/api/public/v1/jobs/310
[32m2024-08-18 15:50:31 -0400[0m - dagster - [34mDEBUG[0m - earthquake_pipeline - 7ca8ab8c-3f70-4f0b-a064-fd28c59cc5cf - raw_earthquake - Job status response: Status code: 200 - Response text: {"jobId":310,"status":"running","jobType":"sync","startTime":"2024-08-18T19:50:10Z","connectionId":"6ea9dba8-00d9-497d-a0ec-e9b30bf2363a","duration":"PT0S","bytesSynced":0,"rowsSynced":0}
[32m2024-08-18 15:50:31 -0400[0m - dagster - [34mINFO[0m - earthquake_pipeline - 7ca8ab8c-3f70-4f0b-a064-fd28c59cc5cf - raw_earthquake - Job 310 is still in progress. Checking again in 10 seconds.
[32m2024-08-18 15:50:41 -0400[0m - dagster - [34mDEBUG[0m - earthquake_pipeline - 7ca8ab8c-3f70-4f0b-a064-fd28c59cc5cf - raw_earthquake - Requesting job status from http://localhost:8001/api/public/v1/jobs/310
[32m2024-08-18 15:50:41 -0400[0m - dagster - [34mDEBUG[0m - earthquake_pipeline - 7ca8ab8c-3f70-4f0b-a064-fd28c59cc5cf - raw_earthquake - Job status response: Status code: 200 - Response text: {"jobId":310,"status":"running","jobType":"sync","startTime":"2024-08-18T19:50:10Z","connectionId":"6ea9dba8-00d9-497d-a0ec-e9b30bf2363a","duration":"PT0S","bytesSynced":139711,"rowsSynced":1}
[32m2024-08-18 15:50:41 -0400[0m - dagster - [34mINFO[0m - earthquake_pipeline - 7ca8ab8c-3f70-4f0b-a064-fd28c59cc5cf - raw_earthquake - Job 310 is still in progress. Checking again in 10 seconds.
[32m2024-08-18 15:50:51 -0400[0m - dagster - [34mDEBUG[0m - earthquake_pipeline - 7ca8ab8c-3f70-4f0b-a064-fd28c59cc5cf - raw_earthquake - Requesting job status from http://localhost:8001/api/public/v1/jobs/310
[32m2024-08-18 15:50:51 -0400[0m - dagster - [34mDEBUG[0m - earthquake_pipeline - 7ca8ab8c-3f70-4f0b-a064-fd28c59cc5cf - raw_earthquake - Job status response: Status code: 200 - Response text: {"jobId":310,"status":"succeeded","jobType":"sync","startTime":"2024-08-18T19:50:10Z","connectionId":"6ea9dba8-00d9-497d-a0ec-e9b30bf2363a","lastUpdatedAt":"2024-08-18T19:50:42Z","duration":"PT32S","bytesSynced":139711,"rowsSynced":1}
[32m2024-08-18 15:50:51 -0400[0m - dagster - [34mINFO[0m - earthquake_pipeline - 7ca8ab8c-3f70-4f0b-a064-fd28c59cc5cf - raw_earthquake - Airbyte sync job 310 completed successfully.
[32m2024-08-18 15:50:51 -0400[0m - dagster - [34mDEBUG[0m - earthquake_pipeline - 7ca8ab8c-3f70-4f0b-a064-fd28c59cc5cf - 54213 - raw_earthquake - STEP_OUTPUT - Yielded output "result" of type "Nothing". (Type check passed).
[32m2024-08-18 15:50:51 -0400[0m - dagster - [34mDEBUG[0m - earthquake_pipeline - 7ca8ab8c-3f70-4f0b-a064-fd28c59cc5cf - 54213 - raw_earthquake - STEP_SUCCESS - Finished execution of step "raw_earthquake" in 41.15s.
