Running with dbt=1.7.2
Registered adapter: snowflake=1.7.2
Found 20 models, 1 source, 0 exposures, 0 metrics, 430 macros, 0 groups, 0 semantic models

Concurrency: 10 threads (target='dev')

1 of 20 START sql table model dbt.stg_flatten_raw .............................. [RUN]
1 of 20 OK created sql table model dbt.stg_flatten_raw ......................... [[32mSUCCESS 1[0m in 19.65s]
2 of 20 START sql table model dbt.stg_dedup_raw ................................ [RUN]
2 of 20 OK created sql table model dbt.stg_dedup_raw ........................... [[32mSUCCESS 1[0m in 5.65s]
3 of 20 START sql table model dbt.dim_event .................................... [RUN]
4 of 20 START sql table model dbt.dim_location ................................. [RUN]
5 of 20 START sql table model dbt.dim_time ..................................... [RUN]
5 of 20 OK created sql table model dbt.dim_time ................................ [[32mSUCCESS 1[0m in 2.37s]
4 of 20 OK created sql table model dbt.dim_location ............................ [[32mSUCCESS 1[0m in 2.57s]
3 of 20 OK created sql table model dbt.dim_event ............................... [[32mSUCCESS 1[0m in 4.37s]
6 of 20 START sql table model dbt.fact_earthquake .............................. [RUN]
6 of 20 OK created sql table model dbt.fact_earthquake ......................... [[32mSUCCESS 1[0m in 3.83s]
7 of 20 START sql table model dbt.agg_avg_magnitude_by_location ................ [RUN]
8 of 20 START sql table model dbt.agg_earthquake_counts_by_month ............... [RUN]
9 of 20 START sql table model dbt.agg_earthquakes_by_depth_range ............... [RUN]
10 of 20 START sql table model dbt.agg_earthquakes_by_location_time ............ [RUN]
11 of 20 START sql table model dbt.agg_magnitude_and_tsunami_by_location ....... [RUN]
12 of 20 START sql table model dbt.agg_total_alerts_by_event_type .............. [RUN]
13 of 20 START sql table model dbt.agg_total_earthquakes_by_alert_level ........ [RUN]
9 of 20 ERROR creating sql table model dbt.agg_earthquakes_by_depth_range ...... [[31mERROR[0m in 0.73s]
8 of 20 ERROR creating sql table model dbt.agg_earthquake_counts_by_month ...... [[31mERROR[0m in 0.73s]
10 of 20 ERROR creating sql table model dbt.agg_earthquakes_by_location_time ... [[31mERROR[0m in 0.73s]
14 of 20 SKIP relation dbt.presentation_earthquakes_by_depth_range ............. [[33mSKIP[0m]
11 of 20 ERROR creating sql table model dbt.agg_magnitude_and_tsunami_by_location  [[31mERROR[0m in 0.75s]
15 of 20 SKIP relation dbt.presentation_earthquake_counts_by_month ............. [[33mSKIP[0m]
16 of 20 SKIP relation dbt.presentation_earthquakes_by_location_time ........... [[33mSKIP[0m]
17 of 20 SKIP relation dbt.presentation_magnitude_and_tsunami_by_location ...... [[33mSKIP[0m]
7 of 20 ERROR creating sql table model dbt.agg_avg_magnitude_by_location ....... [[31mERROR[0m in 0.82s]
18 of 20 SKIP relation dbt.presentation_avg_magnitude_by_location .............. [[33mSKIP[0m]
13 of 20 ERROR creating sql table model dbt.agg_total_earthquakes_by_alert_level  [[31mERROR[0m in 0.96s]
12 of 20 ERROR creating sql table model dbt.agg_total_alerts_by_event_type ..... [[31mERROR[0m in 0.96s]
19 of 20 SKIP relation dbt.presentation_total_earthquakes_by_alert_level ....... [[33mSKIP[0m]
20 of 20 SKIP relation dbt.presentation_total_alerts_by_event_type ............. [[33mSKIP[0m]

Finished running 13 table models, 7 view models in 0 hours 0 minutes and 36.12 seconds (36.12s).

[31mCompleted with 7 errors and 0 warnings:[0m

  Database Error in model agg_earthquakes_by_depth_range (models/mart/agg_earthquakes_by_depth_range.sql)
  001003 (42000): SQL compilation error:
  syntax error line 20 at position 17 unexpected ';'.
  compiled Code at target/dbt_warehouse-fb95d2d-d7687d4/run/dbt_earthquake/models/mart/agg_earthquakes_by_depth_range.sql

  Database Error in model agg_earthquake_counts_by_month (models/mart/agg_earthquake_counts_by_month.sql)
  001003 (42000): SQL compilation error:
  syntax error line 23 at position 9 unexpected ';'.
  compiled Code at target/dbt_warehouse-fb95d2d-d7687d4/run/dbt_earthquake/models/mart/agg_earthquake_counts_by_month.sql

  Database Error in model agg_earthquakes_by_location_time (models/mart/agg_earthquakes_by_location_time.sql)
  001003 (42000): SQL compilation error:
  syntax error line 32 at position 28 unexpected ';'.
  compiled Code at target/dbt_warehouse-fb95d2d-d7687d4/run/dbt_earthquake/models/mart/agg_earthquakes_by_location_time.sql

  Database Error in model agg_magnitude_and_tsunami_by_location (models/mart/agg_magnitude_and_tsunami_by_location.sql)
  001003 (42000): SQL compilation error:
  syntax error line 16 at position 22 unexpected ';'.
  compiled Code at target/dbt_warehouse-fb95d2d-d7687d4/run/dbt_earthquake/models/mart/agg_magnitude_and_tsunami_by_location.sql

  Database Error in model agg_avg_magnitude_by_location (models/mart/agg_avg_magnitude_by_location.sql)
  001003 (42000): SQL compilation error:
  syntax error line 15 at position 22 unexpected ';'.
  compiled Code at target/dbt_warehouse-fb95d2d-d7687d4/run/dbt_earthquake/models/mart/agg_avg_magnitude_by_location.sql

  Database Error in model agg_total_earthquakes_by_alert_level (models/mart/agg_total_earthquakes_by_alert_level.sql)
  001003 (42000): SQL compilation error:
  syntax error line 11 at position 26 unexpected ';'.
  compiled Code at target/dbt_warehouse-fb95d2d-d7687d4/run/dbt_earthquake/models/mart/agg_total_earthquakes_by_alert_level.sql

  Database Error in model agg_total_alerts_by_event_type (models/mart/agg_total_alerts_by_event_type.sql)
  001003 (42000): SQL compilation error:
  syntax error line 13 at position 21 unexpected ';'.
  compiled Code at target/dbt_warehouse-fb95d2d-d7687d4/run/dbt_earthquake/models/mart/agg_total_alerts_by_event_type.sql

Done. PASS=6 WARN=0 ERROR=7 SKIP=7 TOTAL=20
