[32m2024-08-18 15:51:11 -0400[0m - dagster - [34mDEBUG[0m - earthquake_pipeline - 80673a62-eb92-4228-99fb-d3d5698d0611 - 54346 - LOGS_CAPTURED - Started capturing logs in process (pid: 54346).
[32m2024-08-18 15:51:11 -0400[0m - dagster - [34mDEBUG[0m - earthquake_pipeline - 80673a62-eb92-4228-99fb-d3d5698d0611 - 54346 - raw_earthquake - STEP_START - Started execution of step "raw_earthquake".
[32m2024-08-18 15:51:11 -0400[0m - dagster - [34mINFO[0m - earthquake_pipeline - 80673a62-eb92-4228-99fb-d3d5698d0611 - raw_earthquake - Triggering Airbyte sync for connection ID: 6ea9dba8-00d9-497d-a0ec-e9b30bf2363a
[32m2024-08-18 15:51:11 -0400[0m - dagster - [34mINFO[0m - earthquake_pipeline - 80673a62-eb92-4228-99fb-d3d5698d0611 - raw_earthquake - Checking Airbyte server health at http://localhost:8001/api/public/v1/health
[32m2024-08-18 15:51:11 -0400[0m - dagster - [34mINFO[0m - earthquake_pipeline - 80673a62-eb92-4228-99fb-d3d5698d0611 - raw_earthquake - Airbyte connection is valid.
[32m2024-08-18 15:51:11 -0400[0m - dagster - [34mINFO[0m - earthquake_pipeline - 80673a62-eb92-4228-99fb-d3d5698d0611 - raw_earthquake - Triggering Airbyte sync job with connection ID: 6ea9dba8-00d9-497d-a0ec-e9b30bf2363a at http://localhost:8001/api/public/v1/jobs
[32m2024-08-18 15:51:12 -0400[0m - dagster - [34mDEBUG[0m - earthquake_pipeline - 80673a62-eb92-4228-99fb-d3d5698d0611 - raw_earthquake - Sync job trigger response: Status code: 200 - Response text: {"jobId":311,"status":"running","jobType":"sync","startTime":"2024-08-18T19:51:11Z","connectionId":"6ea9dba8-00d9-497d-a0ec-e9b30bf2363a","duration":"PT1S"}
[32m2024-08-18 15:51:12 -0400[0m - dagster - [34mINFO[0m - earthquake_pipeline - 80673a62-eb92-4228-99fb-d3d5698d0611 - raw_earthquake - Sync job triggered successfully. Job ID: 311
[32m2024-08-18 15:51:12 -0400[0m - dagster - [34mINFO[0m - earthquake_pipeline - 80673a62-eb92-4228-99fb-d3d5698d0611 - raw_earthquake - Checking status of Airbyte sync job with Job ID: 311
[32m2024-08-18 15:51:12 -0400[0m - dagster - [34mDEBUG[0m - earthquake_pipeline - 80673a62-eb92-4228-99fb-d3d5698d0611 - raw_earthquake - Requesting job status from http://localhost:8001/api/public/v1/jobs/311
[32m2024-08-18 15:51:12 -0400[0m - dagster - [34mDEBUG[0m - earthquake_pipeline - 80673a62-eb92-4228-99fb-d3d5698d0611 - raw_earthquake - Job status response: Status code: 200 - Response text: {"jobId":311,"status":"running","jobType":"sync","startTime":"2024-08-18T19:51:11Z","connectionId":"6ea9dba8-00d9-497d-a0ec-e9b30bf2363a","duration":"PT1S","bytesSynced":0,"rowsSynced":0}
[32m2024-08-18 15:51:12 -0400[0m - dagster - [34mINFO[0m - earthquake_pipeline - 80673a62-eb92-4228-99fb-d3d5698d0611 - raw_earthquake - Job 311 is still in progress. Checking again in 10 seconds.
[32m2024-08-18 15:51:22 -0400[0m - dagster - [34mDEBUG[0m - earthquake_pipeline - 80673a62-eb92-4228-99fb-d3d5698d0611 - raw_earthquake - Requesting job status from http://localhost:8001/api/public/v1/jobs/311
[32m2024-08-18 15:51:22 -0400[0m - dagster - [34mDEBUG[0m - earthquake_pipeline - 80673a62-eb92-4228-99fb-d3d5698d0611 - raw_earthquake - Job status response: Status code: 200 - Response text: {"jobId":311,"status":"running","jobType":"sync","startTime":"2024-08-18T19:51:11Z","connectionId":"6ea9dba8-00d9-497d-a0ec-e9b30bf2363a","duration":"PT1S","bytesSynced":0,"rowsSynced":0}
[32m2024-08-18 15:51:22 -0400[0m - dagster - [34mINFO[0m - earthquake_pipeline - 80673a62-eb92-4228-99fb-d3d5698d0611 - raw_earthquake - Job 311 is still in progress. Checking again in 10 seconds.
[32m2024-08-18 15:51:32 -0400[0m - dagster - [34mDEBUG[0m - earthquake_pipeline - 80673a62-eb92-4228-99fb-d3d5698d0611 - raw_earthquake - Requesting job status from http://localhost:8001/api/public/v1/jobs/311
[32m2024-08-18 15:51:32 -0400[0m - dagster - [34mDEBUG[0m - earthquake_pipeline - 80673a62-eb92-4228-99fb-d3d5698d0611 - raw_earthquake - Job status response: Status code: 200 - Response text: {"jobId":311,"status":"running","jobType":"sync","startTime":"2024-08-18T19:51:11Z","connectionId":"6ea9dba8-00d9-497d-a0ec-e9b30bf2363a","duration":"PT1S","bytesSynced":0,"rowsSynced":0}
[32m2024-08-18 15:51:32 -0400[0m - dagster - [34mINFO[0m - earthquake_pipeline - 80673a62-eb92-4228-99fb-d3d5698d0611 - raw_earthquake - Job 311 is still in progress. Checking again in 10 seconds.
[32m2024-08-18 15:51:42 -0400[0m - dagster - [34mDEBUG[0m - earthquake_pipeline - 80673a62-eb92-4228-99fb-d3d5698d0611 - raw_earthquake - Requesting job status from http://localhost:8001/api/public/v1/jobs/311
[32m2024-08-18 15:51:42 -0400[0m - dagster - [34mDEBUG[0m - earthquake_pipeline - 80673a62-eb92-4228-99fb-d3d5698d0611 - raw_earthquake - Job status response: Status code: 200 - Response text: {"jobId":311,"status":"running","jobType":"sync","startTime":"2024-08-18T19:51:11Z","connectionId":"6ea9dba8-00d9-497d-a0ec-e9b30bf2363a","duration":"PT1S","bytesSynced":139711,"rowsSynced":1}
[32m2024-08-18 15:51:42 -0400[0m - dagster - [34mINFO[0m - earthquake_pipeline - 80673a62-eb92-4228-99fb-d3d5698d0611 - raw_earthquake - Job 311 is still in progress. Checking again in 10 seconds.
[32m2024-08-18 15:51:53 -0400[0m - dagster - [34mDEBUG[0m - earthquake_pipeline - 80673a62-eb92-4228-99fb-d3d5698d0611 - raw_earthquake - Requesting job status from http://localhost:8001/api/public/v1/jobs/311
[32m2024-08-18 15:51:53 -0400[0m - dagster - [34mDEBUG[0m - earthquake_pipeline - 80673a62-eb92-4228-99fb-d3d5698d0611 - raw_earthquake - Job status response: Status code: 200 - Response text: {"jobId":311,"status":"succeeded","jobType":"sync","startTime":"2024-08-18T19:51:11Z","connectionId":"6ea9dba8-00d9-497d-a0ec-e9b30bf2363a","lastUpdatedAt":"2024-08-18T19:51:44Z","duration":"PT33S","bytesSynced":139711,"rowsSynced":1}
[32m2024-08-18 15:51:53 -0400[0m - dagster - [34mINFO[0m - earthquake_pipeline - 80673a62-eb92-4228-99fb-d3d5698d0611 - raw_earthquake - Airbyte sync job 311 completed successfully.
[32m2024-08-18 15:51:53 -0400[0m - dagster - [34mDEBUG[0m - earthquake_pipeline - 80673a62-eb92-4228-99fb-d3d5698d0611 - 54346 - raw_earthquake - STEP_OUTPUT - Yielded output "result" of type "Nothing". (Type check passed).
[32m2024-08-18 15:51:53 -0400[0m - dagster - [34mDEBUG[0m - earthquake_pipeline - 80673a62-eb92-4228-99fb-d3d5698d0611 - 54346 - raw_earthquake - STEP_SUCCESS - Finished execution of step "raw_earthquake" in 41.78s.
