[32m2024-08-18 15:46:10 -0400[0m - dagster - [34mDEBUG[0m - earthquake_pipeline - 8e5e6322-4408-4dce-9a8b-b8689b0e321f - 53752 - LOGS_CAPTURED - Started capturing logs in process (pid: 53752).
[32m2024-08-18 15:46:10 -0400[0m - dagster - [34mDEBUG[0m - earthquake_pipeline - 8e5e6322-4408-4dce-9a8b-b8689b0e321f - 53752 - raw_earthquake - STEP_START - Started execution of step "raw_earthquake".
[32m2024-08-18 15:46:10 -0400[0m - dagster - [34mINFO[0m - earthquake_pipeline - 8e5e6322-4408-4dce-9a8b-b8689b0e321f - raw_earthquake - Triggering Airbyte sync for connection ID: 6ea9dba8-00d9-497d-a0ec-e9b30bf2363a
[32m2024-08-18 15:46:10 -0400[0m - dagster - [34mINFO[0m - earthquake_pipeline - 8e5e6322-4408-4dce-9a8b-b8689b0e321f - raw_earthquake - Checking Airbyte server health at http://localhost:8001/api/public/v1/health
[32m2024-08-18 15:46:10 -0400[0m - dagster - [34mINFO[0m - earthquake_pipeline - 8e5e6322-4408-4dce-9a8b-b8689b0e321f - raw_earthquake - Airbyte connection is valid.
[32m2024-08-18 15:46:10 -0400[0m - dagster - [34mINFO[0m - earthquake_pipeline - 8e5e6322-4408-4dce-9a8b-b8689b0e321f - raw_earthquake - Triggering Airbyte sync job with connection ID: 6ea9dba8-00d9-497d-a0ec-e9b30bf2363a at http://localhost:8001/api/public/v1/jobs
[32m2024-08-18 15:46:10 -0400[0m - dagster - [34mDEBUG[0m - earthquake_pipeline - 8e5e6322-4408-4dce-9a8b-b8689b0e321f - raw_earthquake - Sync job trigger response: Status code: 200 - Response text: {"jobId":306,"status":"running","jobType":"sync","startTime":"2024-08-18T19:46:10Z","connectionId":"6ea9dba8-00d9-497d-a0ec-e9b30bf2363a","duration":"PT0S"}
[32m2024-08-18 15:46:10 -0400[0m - dagster - [34mINFO[0m - earthquake_pipeline - 8e5e6322-4408-4dce-9a8b-b8689b0e321f - raw_earthquake - Sync job triggered successfully. Job ID: 306
[32m2024-08-18 15:46:11 -0400[0m - dagster - [34mINFO[0m - earthquake_pipeline - 8e5e6322-4408-4dce-9a8b-b8689b0e321f - raw_earthquake - Checking status of Airbyte sync job with Job ID: 306
[32m2024-08-18 15:46:11 -0400[0m - dagster - [34mDEBUG[0m - earthquake_pipeline - 8e5e6322-4408-4dce-9a8b-b8689b0e321f - raw_earthquake - Requesting job status from http://localhost:8001/api/public/v1/jobs/306
[32m2024-08-18 15:46:11 -0400[0m - dagster - [34mDEBUG[0m - earthquake_pipeline - 8e5e6322-4408-4dce-9a8b-b8689b0e321f - raw_earthquake - Job status response: Status code: 200 - Response text: {"jobId":306,"status":"running","jobType":"sync","startTime":"2024-08-18T19:46:10Z","connectionId":"6ea9dba8-00d9-497d-a0ec-e9b30bf2363a","duration":"PT0S","bytesSynced":0,"rowsSynced":0}
[32m2024-08-18 15:46:11 -0400[0m - dagster - [34mINFO[0m - earthquake_pipeline - 8e5e6322-4408-4dce-9a8b-b8689b0e321f - raw_earthquake - Job 306 is still in progress. Checking again in 10 seconds.
[32m2024-08-18 15:46:21 -0400[0m - dagster - [34mDEBUG[0m - earthquake_pipeline - 8e5e6322-4408-4dce-9a8b-b8689b0e321f - raw_earthquake - Requesting job status from http://localhost:8001/api/public/v1/jobs/306
[32m2024-08-18 15:46:21 -0400[0m - dagster - [34mDEBUG[0m - earthquake_pipeline - 8e5e6322-4408-4dce-9a8b-b8689b0e321f - raw_earthquake - Job status response: Status code: 200 - Response text: {"jobId":306,"status":"running","jobType":"sync","startTime":"2024-08-18T19:46:10Z","connectionId":"6ea9dba8-00d9-497d-a0ec-e9b30bf2363a","duration":"PT0S","bytesSynced":0,"rowsSynced":0}
[32m2024-08-18 15:46:21 -0400[0m - dagster - [34mINFO[0m - earthquake_pipeline - 8e5e6322-4408-4dce-9a8b-b8689b0e321f - raw_earthquake - Job 306 is still in progress. Checking again in 10 seconds.
[32m2024-08-18 15:46:31 -0400[0m - dagster - [34mDEBUG[0m - earthquake_pipeline - 8e5e6322-4408-4dce-9a8b-b8689b0e321f - raw_earthquake - Requesting job status from http://localhost:8001/api/public/v1/jobs/306
[32m2024-08-18 15:46:31 -0400[0m - dagster - [34mDEBUG[0m - earthquake_pipeline - 8e5e6322-4408-4dce-9a8b-b8689b0e321f - raw_earthquake - Job status response: Status code: 200 - Response text: {"jobId":306,"status":"running","jobType":"sync","startTime":"2024-08-18T19:46:10Z","connectionId":"6ea9dba8-00d9-497d-a0ec-e9b30bf2363a","duration":"PT0S","bytesSynced":0,"rowsSynced":0}
[32m2024-08-18 15:46:31 -0400[0m - dagster - [34mINFO[0m - earthquake_pipeline - 8e5e6322-4408-4dce-9a8b-b8689b0e321f - raw_earthquake - Job 306 is still in progress. Checking again in 10 seconds.
[32m2024-08-18 15:46:41 -0400[0m - dagster - [34mDEBUG[0m - earthquake_pipeline - 8e5e6322-4408-4dce-9a8b-b8689b0e321f - raw_earthquake - Requesting job status from http://localhost:8001/api/public/v1/jobs/306
[32m2024-08-18 15:46:41 -0400[0m - dagster - [34mDEBUG[0m - earthquake_pipeline - 8e5e6322-4408-4dce-9a8b-b8689b0e321f - raw_earthquake - Job status response: Status code: 200 - Response text: {"jobId":306,"status":"running","jobType":"sync","startTime":"2024-08-18T19:46:10Z","connectionId":"6ea9dba8-00d9-497d-a0ec-e9b30bf2363a","duration":"PT0S","bytesSynced":139711,"rowsSynced":1}
[32m2024-08-18 15:46:41 -0400[0m - dagster - [34mINFO[0m - earthquake_pipeline - 8e5e6322-4408-4dce-9a8b-b8689b0e321f - raw_earthquake - Job 306 is still in progress. Checking again in 10 seconds.
[32m2024-08-18 15:46:51 -0400[0m - dagster - [34mDEBUG[0m - earthquake_pipeline - 8e5e6322-4408-4dce-9a8b-b8689b0e321f - raw_earthquake - Requesting job status from http://localhost:8001/api/public/v1/jobs/306
[32m2024-08-18 15:46:51 -0400[0m - dagster - [34mDEBUG[0m - earthquake_pipeline - 8e5e6322-4408-4dce-9a8b-b8689b0e321f - raw_earthquake - Job status response: Status code: 200 - Response text: {"jobId":306,"status":"succeeded","jobType":"sync","startTime":"2024-08-18T19:46:10Z","connectionId":"6ea9dba8-00d9-497d-a0ec-e9b30bf2363a","lastUpdatedAt":"2024-08-18T19:46:42Z","duration":"PT32S","bytesSynced":139711,"rowsSynced":1}
[32m2024-08-18 15:46:51 -0400[0m - dagster - [34mINFO[0m - earthquake_pipeline - 8e5e6322-4408-4dce-9a8b-b8689b0e321f - raw_earthquake - Airbyte sync job 306 completed successfully.
[32m2024-08-18 15:46:51 -0400[0m - dagster - [34mDEBUG[0m - earthquake_pipeline - 8e5e6322-4408-4dce-9a8b-b8689b0e321f - 53752 - raw_earthquake - STEP_OUTPUT - Yielded output "result" of type "Nothing". (Type check passed).
[32m2024-08-18 15:46:51 -0400[0m - dagster - [34mDEBUG[0m - earthquake_pipeline - 8e5e6322-4408-4dce-9a8b-b8689b0e321f - 53752 - raw_earthquake - STEP_SUCCESS - Finished execution of step "raw_earthquake" in 41.27s.
