[32m2024-08-18 15:25:16 -0400[0m - dagster - [34mDEBUG[0m - earthquake_pipeline - f2cff6ca-0d6d-4a49-b41a-dca3b9db3467 - 51104 - LOGS_CAPTURED - Started capturing logs in process (pid: 51104).
[32m2024-08-18 15:25:16 -0400[0m - dagster - [34mDEBUG[0m - earthquake_pipeline - f2cff6ca-0d6d-4a49-b41a-dca3b9db3467 - 51104 - raw_earthquake - STEP_START - Started execution of step "raw_earthquake".
[32m2024-08-18 15:25:16 -0400[0m - dagster - [34mINFO[0m - earthquake_pipeline - f2cff6ca-0d6d-4a49-b41a-dca3b9db3467 - raw_earthquake - Triggering Airbyte sync for connection ID: 6ea9dba8-00d9-497d-a0ec-e9b30bf2363a
[32m2024-08-18 15:25:16 -0400[0m - dagster - [34mINFO[0m - earthquake_pipeline - f2cff6ca-0d6d-4a49-b41a-dca3b9db3467 - raw_earthquake - Checking Airbyte server health at http://localhost:8001/api/public/v1/health
[32m2024-08-18 15:25:16 -0400[0m - dagster - [34mINFO[0m - earthquake_pipeline - f2cff6ca-0d6d-4a49-b41a-dca3b9db3467 - raw_earthquake - Airbyte connection is valid.
[32m2024-08-18 15:25:16 -0400[0m - dagster - [34mINFO[0m - earthquake_pipeline - f2cff6ca-0d6d-4a49-b41a-dca3b9db3467 - raw_earthquake - Triggering Airbyte sync job with connection ID: 6ea9dba8-00d9-497d-a0ec-e9b30bf2363a at http://localhost:8001/api/public/v1/jobs
[32m2024-08-18 15:25:23 -0400[0m - dagster - [34mDEBUG[0m - earthquake_pipeline - f2cff6ca-0d6d-4a49-b41a-dca3b9db3467 - raw_earthquake - Sync job trigger response: Status code: 200 - Response text: {"jobId":287,"status":"running","jobType":"sync","startTime":"2024-08-18T19:25:18Z","connectionId":"6ea9dba8-00d9-497d-a0ec-e9b30bf2363a","duration":"PT1S"}
[32m2024-08-18 15:25:23 -0400[0m - dagster - [34mINFO[0m - earthquake_pipeline - f2cff6ca-0d6d-4a49-b41a-dca3b9db3467 - raw_earthquake - Sync job triggered successfully. Job ID: 287
[32m2024-08-18 15:25:23 -0400[0m - dagster - [34mINFO[0m - earthquake_pipeline - f2cff6ca-0d6d-4a49-b41a-dca3b9db3467 - raw_earthquake - Checking status of Airbyte sync job with Job ID: 287
[32m2024-08-18 15:25:23 -0400[0m - dagster - [34mDEBUG[0m - earthquake_pipeline - f2cff6ca-0d6d-4a49-b41a-dca3b9db3467 - raw_earthquake - Requesting job status from http://localhost:8001/api/public/v1/jobs/287
[32m2024-08-18 15:25:23 -0400[0m - dagster - [34mDEBUG[0m - earthquake_pipeline - f2cff6ca-0d6d-4a49-b41a-dca3b9db3467 - raw_earthquake - Job status response: Status code: 200 - Response text: {"jobId":287,"status":"running","jobType":"sync","startTime":"2024-08-18T19:25:18Z","connectionId":"6ea9dba8-00d9-497d-a0ec-e9b30bf2363a","duration":"PT1S","bytesSynced":0,"rowsSynced":0}
[32m2024-08-18 15:25:23 -0400[0m - dagster - [34mINFO[0m - earthquake_pipeline - f2cff6ca-0d6d-4a49-b41a-dca3b9db3467 - raw_earthquake - Job 287 is still in progress. Checking again in 10 seconds.
[32m2024-08-18 15:25:33 -0400[0m - dagster - [34mDEBUG[0m - earthquake_pipeline - f2cff6ca-0d6d-4a49-b41a-dca3b9db3467 - raw_earthquake - Requesting job status from http://localhost:8001/api/public/v1/jobs/287
[32m2024-08-18 15:25:34 -0400[0m - dagster - [34mDEBUG[0m - earthquake_pipeline - f2cff6ca-0d6d-4a49-b41a-dca3b9db3467 - raw_earthquake - Job status response: Status code: 200 - Response text: {"jobId":287,"status":"running","jobType":"sync","startTime":"2024-08-18T19:25:18Z","connectionId":"6ea9dba8-00d9-497d-a0ec-e9b30bf2363a","duration":"PT1S","bytesSynced":0,"rowsSynced":0}
[32m2024-08-18 15:25:34 -0400[0m - dagster - [34mINFO[0m - earthquake_pipeline - f2cff6ca-0d6d-4a49-b41a-dca3b9db3467 - raw_earthquake - Job 287 is still in progress. Checking again in 10 seconds.
[32m2024-08-18 15:25:45 -0400[0m - dagster - [34mDEBUG[0m - earthquake_pipeline - f2cff6ca-0d6d-4a49-b41a-dca3b9db3467 - raw_earthquake - Requesting job status from http://localhost:8001/api/public/v1/jobs/287
[32m2024-08-18 15:25:49 -0400[0m - dagster - [34mDEBUG[0m - earthquake_pipeline - f2cff6ca-0d6d-4a49-b41a-dca3b9db3467 - raw_earthquake - Job status response: Status code: 200 - Response text: {"jobId":287,"status":"running","jobType":"sync","startTime":"2024-08-18T19:25:18Z","connectionId":"6ea9dba8-00d9-497d-a0ec-e9b30bf2363a","duration":"PT1S","bytesSynced":0,"rowsSynced":0}
[32m2024-08-18 15:25:49 -0400[0m - dagster - [34mINFO[0m - earthquake_pipeline - f2cff6ca-0d6d-4a49-b41a-dca3b9db3467 - raw_earthquake - Job 287 is still in progress. Checking again in 10 seconds.
[32m2024-08-18 15:26:05 -0400[0m - dagster - [34mDEBUG[0m - earthquake_pipeline - f2cff6ca-0d6d-4a49-b41a-dca3b9db3467 - raw_earthquake - Requesting job status from http://localhost:8001/api/public/v1/jobs/287
[32m2024-08-18 15:26:06 -0400[0m - dagster - [34mDEBUG[0m - earthquake_pipeline - f2cff6ca-0d6d-4a49-b41a-dca3b9db3467 - raw_earthquake - Job status response: Status code: 200 - Response text: {"jobId":287,"status":"running","jobType":"sync","startTime":"2024-08-18T19:25:18Z","connectionId":"6ea9dba8-00d9-497d-a0ec-e9b30bf2363a","duration":"PT1S","bytesSynced":0,"rowsSynced":0}
[32m2024-08-18 15:26:06 -0400[0m - dagster - [34mINFO[0m - earthquake_pipeline - f2cff6ca-0d6d-4a49-b41a-dca3b9db3467 - raw_earthquake - Job 287 is still in progress. Checking again in 10 seconds.
[32m2024-08-18 15:26:16 -0400[0m - dagster - [34mDEBUG[0m - earthquake_pipeline - f2cff6ca-0d6d-4a49-b41a-dca3b9db3467 - raw_earthquake - Requesting job status from http://localhost:8001/api/public/v1/jobs/287
[32m2024-08-18 15:26:17 -0400[0m - dagster - [34mDEBUG[0m - earthquake_pipeline - f2cff6ca-0d6d-4a49-b41a-dca3b9db3467 - raw_earthquake - Job status response: Status code: 200 - Response text: {"jobId":287,"status":"running","jobType":"sync","startTime":"2024-08-18T19:25:18Z","connectionId":"6ea9dba8-00d9-497d-a0ec-e9b30bf2363a","duration":"PT1S","bytesSynced":0,"rowsSynced":0}
[32m2024-08-18 15:26:17 -0400[0m - dagster - [34mINFO[0m - earthquake_pipeline - f2cff6ca-0d6d-4a49-b41a-dca3b9db3467 - raw_earthquake - Job 287 is still in progress. Checking again in 10 seconds.
[32m2024-08-18 15:26:28 -0400[0m - dagster - [34mDEBUG[0m - earthquake_pipeline - f2cff6ca-0d6d-4a49-b41a-dca3b9db3467 - raw_earthquake - Requesting job status from http://localhost:8001/api/public/v1/jobs/287
[32m2024-08-18 15:26:28 -0400[0m - dagster - [34mDEBUG[0m - earthquake_pipeline - f2cff6ca-0d6d-4a49-b41a-dca3b9db3467 - raw_earthquake - Job status response: Status code: 200 - Response text: {"jobId":287,"status":"running","jobType":"sync","startTime":"2024-08-18T19:25:18Z","connectionId":"6ea9dba8-00d9-497d-a0ec-e9b30bf2363a","duration":"PT1S","bytesSynced":0,"rowsSynced":0}
[32m2024-08-18 15:26:28 -0400[0m - dagster - [34mINFO[0m - earthquake_pipeline - f2cff6ca-0d6d-4a49-b41a-dca3b9db3467 - raw_earthquake - Job 287 is still in progress. Checking again in 10 seconds.
[32m2024-08-18 15:26:39 -0400[0m - dagster - [34mDEBUG[0m - earthquake_pipeline - f2cff6ca-0d6d-4a49-b41a-dca3b9db3467 - raw_earthquake - Requesting job status from http://localhost:8001/api/public/v1/jobs/287
[32m2024-08-18 15:26:39 -0400[0m - dagster - [34mDEBUG[0m - earthquake_pipeline - f2cff6ca-0d6d-4a49-b41a-dca3b9db3467 - raw_earthquake - Job status response: Status code: 200 - Response text: {"jobId":287,"status":"running","jobType":"sync","startTime":"2024-08-18T19:25:18Z","connectionId":"6ea9dba8-00d9-497d-a0ec-e9b30bf2363a","duration":"PT1S","bytesSynced":0,"rowsSynced":0}
[32m2024-08-18 15:26:39 -0400[0m - dagster - [34mINFO[0m - earthquake_pipeline - f2cff6ca-0d6d-4a49-b41a-dca3b9db3467 - raw_earthquake - Job 287 is still in progress. Checking again in 10 seconds.
[32m2024-08-18 15:26:50 -0400[0m - dagster - [34mDEBUG[0m - earthquake_pipeline - f2cff6ca-0d6d-4a49-b41a-dca3b9db3467 - raw_earthquake - Requesting job status from http://localhost:8001/api/public/v1/jobs/287
[32m2024-08-18 15:26:50 -0400[0m - dagster - [34mDEBUG[0m - earthquake_pipeline - f2cff6ca-0d6d-4a49-b41a-dca3b9db3467 - raw_earthquake - Job status response: Status code: 200 - Response text: {"jobId":287,"status":"succeeded","jobType":"sync","startTime":"2024-08-18T19:25:18Z","connectionId":"6ea9dba8-00d9-497d-a0ec-e9b30bf2363a","lastUpdatedAt":"2024-08-18T19:26:49Z","duration":"PT1M31S","bytesSynced":138292,"rowsSynced":1}
[32m2024-08-18 15:26:50 -0400[0m - dagster - [34mINFO[0m - earthquake_pipeline - f2cff6ca-0d6d-4a49-b41a-dca3b9db3467 - raw_earthquake - Airbyte sync job 287 completed successfully.
[32m2024-08-18 15:26:51 -0400[0m - dagster - [34mDEBUG[0m - earthquake_pipeline - f2cff6ca-0d6d-4a49-b41a-dca3b9db3467 - 51104 - raw_earthquake - STEP_OUTPUT - Yielded output "result" of type "Nothing". (Type check passed).
[32m2024-08-18 15:26:51 -0400[0m - dagster - [34mDEBUG[0m - earthquake_pipeline - f2cff6ca-0d6d-4a49-b41a-dca3b9db3467 - 51104 - raw_earthquake - STEP_SUCCESS - Finished execution of step "raw_earthquake" in 1m34s.
