[32m2024-08-18 14:26:54 -0400[0m - dagster - [34mDEBUG[0m - earthquake_pipeline - f5039106-3da9-4879-94c3-7e8c8be59419 - 46747 - LOGS_CAPTURED - Started capturing logs in process (pid: 46747).
[32m2024-08-18 14:26:54 -0400[0m - dagster - [34mDEBUG[0m - earthquake_pipeline - f5039106-3da9-4879-94c3-7e8c8be59419 - 46747 - raw_earthquake - STEP_START - Started execution of step "raw_earthquake".
[32m2024-08-18 14:26:54 -0400[0m - dagster - [34mINFO[0m - earthquake_pipeline - f5039106-3da9-4879-94c3-7e8c8be59419 - raw_earthquake - Triggering Airbyte sync for connection ID: 6ea9dba8-00d9-497d-a0ec-e9b30bf2363a
[32m2024-08-18 14:26:54 -0400[0m - dagster - [34mINFO[0m - earthquake_pipeline - f5039106-3da9-4879-94c3-7e8c8be59419 - raw_earthquake - Checking Airbyte server health at http://localhost:8001/api/public/v1/health
[32m2024-08-18 14:26:54 -0400[0m - dagster - [34mINFO[0m - earthquake_pipeline - f5039106-3da9-4879-94c3-7e8c8be59419 - raw_earthquake - Airbyte connection is valid.
[32m2024-08-18 14:26:54 -0400[0m - dagster - [34mINFO[0m - earthquake_pipeline - f5039106-3da9-4879-94c3-7e8c8be59419 - raw_earthquake - Triggering Airbyte sync job with connection ID: 6ea9dba8-00d9-497d-a0ec-e9b30bf2363a at http://localhost:8001/api/public/v1/jobs
[32m2024-08-18 14:26:57 -0400[0m - dagster - [34mDEBUG[0m - earthquake_pipeline - f5039106-3da9-4879-94c3-7e8c8be59419 - raw_earthquake - Sync job trigger response: Status code: 200 - Response text: {"jobId":278,"status":"running","jobType":"sync","startTime":"2024-08-18T18:26:56Z","connectionId":"6ea9dba8-00d9-497d-a0ec-e9b30bf2363a","duration":"PT1S"}
[32m2024-08-18 14:26:57 -0400[0m - dagster - [34mINFO[0m - earthquake_pipeline - f5039106-3da9-4879-94c3-7e8c8be59419 - raw_earthquake - Sync job triggered successfully. Job ID: 278
[32m2024-08-18 14:26:57 -0400[0m - dagster - [34mINFO[0m - earthquake_pipeline - f5039106-3da9-4879-94c3-7e8c8be59419 - raw_earthquake - Checking status of Airbyte sync job with Job ID: 278
[32m2024-08-18 14:26:57 -0400[0m - dagster - [34mDEBUG[0m - earthquake_pipeline - f5039106-3da9-4879-94c3-7e8c8be59419 - raw_earthquake - Requesting job status from http://localhost:8001/api/public/v1/jobs/278
[32m2024-08-18 14:26:58 -0400[0m - dagster - [34mDEBUG[0m - earthquake_pipeline - f5039106-3da9-4879-94c3-7e8c8be59419 - raw_earthquake - Job status response: Status code: 200 - Response text: {"jobId":278,"status":"running","jobType":"sync","startTime":"2024-08-18T18:26:56Z","connectionId":"6ea9dba8-00d9-497d-a0ec-e9b30bf2363a","duration":"PT1S","bytesSynced":0,"rowsSynced":0}
[32m2024-08-18 14:26:58 -0400[0m - dagster - [34mINFO[0m - earthquake_pipeline - f5039106-3da9-4879-94c3-7e8c8be59419 - raw_earthquake - Job 278 is still in progress. Checking again in 10 seconds.
[32m2024-08-18 14:27:08 -0400[0m - dagster - [34mDEBUG[0m - earthquake_pipeline - f5039106-3da9-4879-94c3-7e8c8be59419 - raw_earthquake - Requesting job status from http://localhost:8001/api/public/v1/jobs/278
[32m2024-08-18 14:27:08 -0400[0m - dagster - [34mDEBUG[0m - earthquake_pipeline - f5039106-3da9-4879-94c3-7e8c8be59419 - raw_earthquake - Job status response: Status code: 200 - Response text: {"jobId":278,"status":"running","jobType":"sync","startTime":"2024-08-18T18:26:56Z","connectionId":"6ea9dba8-00d9-497d-a0ec-e9b30bf2363a","duration":"PT1S","bytesSynced":0,"rowsSynced":0}
[32m2024-08-18 14:27:08 -0400[0m - dagster - [34mINFO[0m - earthquake_pipeline - f5039106-3da9-4879-94c3-7e8c8be59419 - raw_earthquake - Job 278 is still in progress. Checking again in 10 seconds.
[32m2024-08-18 14:27:18 -0400[0m - dagster - [34mDEBUG[0m - earthquake_pipeline - f5039106-3da9-4879-94c3-7e8c8be59419 - raw_earthquake - Requesting job status from http://localhost:8001/api/public/v1/jobs/278
[32m2024-08-18 14:27:19 -0400[0m - dagster - [34mDEBUG[0m - earthquake_pipeline - f5039106-3da9-4879-94c3-7e8c8be59419 - raw_earthquake - Job status response: Status code: 200 - Response text: {"jobId":278,"status":"running","jobType":"sync","startTime":"2024-08-18T18:26:56Z","connectionId":"6ea9dba8-00d9-497d-a0ec-e9b30bf2363a","duration":"PT1S","bytesSynced":0,"rowsSynced":0}
[32m2024-08-18 14:27:19 -0400[0m - dagster - [34mINFO[0m - earthquake_pipeline - f5039106-3da9-4879-94c3-7e8c8be59419 - raw_earthquake - Job 278 is still in progress. Checking again in 10 seconds.
[32m2024-08-18 14:27:29 -0400[0m - dagster - [34mDEBUG[0m - earthquake_pipeline - f5039106-3da9-4879-94c3-7e8c8be59419 - raw_earthquake - Requesting job status from http://localhost:8001/api/public/v1/jobs/278
[32m2024-08-18 14:27:30 -0400[0m - dagster - [34mDEBUG[0m - earthquake_pipeline - f5039106-3da9-4879-94c3-7e8c8be59419 - raw_earthquake - Job status response: Status code: 200 - Response text: {"jobId":278,"status":"running","jobType":"sync","startTime":"2024-08-18T18:26:56Z","connectionId":"6ea9dba8-00d9-497d-a0ec-e9b30bf2363a","duration":"PT1S","bytesSynced":0,"rowsSynced":0}
[32m2024-08-18 14:27:30 -0400[0m - dagster - [34mINFO[0m - earthquake_pipeline - f5039106-3da9-4879-94c3-7e8c8be59419 - raw_earthquake - Job 278 is still in progress. Checking again in 10 seconds.
[32m2024-08-18 14:27:40 -0400[0m - dagster - [34mDEBUG[0m - earthquake_pipeline - f5039106-3da9-4879-94c3-7e8c8be59419 - raw_earthquake - Requesting job status from http://localhost:8001/api/public/v1/jobs/278
[32m2024-08-18 14:27:40 -0400[0m - dagster - [34mDEBUG[0m - earthquake_pipeline - f5039106-3da9-4879-94c3-7e8c8be59419 - raw_earthquake - Job status response: Status code: 200 - Response text: {"jobId":278,"status":"running","jobType":"sync","startTime":"2024-08-18T18:26:56Z","connectionId":"6ea9dba8-00d9-497d-a0ec-e9b30bf2363a","duration":"PT1S","bytesSynced":0,"rowsSynced":0}
[32m2024-08-18 14:27:40 -0400[0m - dagster - [34mINFO[0m - earthquake_pipeline - f5039106-3da9-4879-94c3-7e8c8be59419 - raw_earthquake - Job 278 is still in progress. Checking again in 10 seconds.
[32m2024-08-18 14:27:50 -0400[0m - dagster - [34mDEBUG[0m - earthquake_pipeline - f5039106-3da9-4879-94c3-7e8c8be59419 - raw_earthquake - Requesting job status from http://localhost:8001/api/public/v1/jobs/278
[32m2024-08-18 14:27:50 -0400[0m - dagster - [34mDEBUG[0m - earthquake_pipeline - f5039106-3da9-4879-94c3-7e8c8be59419 - raw_earthquake - Job status response: Status code: 200 - Response text: {"jobId":278,"status":"succeeded","jobType":"sync","startTime":"2024-08-18T18:26:56Z","connectionId":"6ea9dba8-00d9-497d-a0ec-e9b30bf2363a","lastUpdatedAt":"2024-08-18T18:27:42Z","duration":"PT46S","bytesSynced":141392,"rowsSynced":1}
[32m2024-08-18 14:27:50 -0400[0m - dagster - [34mINFO[0m - earthquake_pipeline - f5039106-3da9-4879-94c3-7e8c8be59419 - raw_earthquake - Airbyte sync job 278 completed successfully.
[32m2024-08-18 14:27:50 -0400[0m - dagster - [34mDEBUG[0m - earthquake_pipeline - f5039106-3da9-4879-94c3-7e8c8be59419 - 46747 - raw_earthquake - STEP_OUTPUT - Yielded output "result" of type "Nothing". (Type check passed).
[32m2024-08-18 14:27:50 -0400[0m - dagster - [34mDEBUG[0m - earthquake_pipeline - f5039106-3da9-4879-94c3-7e8c8be59419 - 46747 - raw_earthquake - STEP_SUCCESS - Finished execution of step "raw_earthquake" in 56.24s.
