[32m2024-08-18 15:39:12 -0400[0m - dagster - [34mDEBUG[0m - earthquake_pipeline - 988a7c85-44a0-42b0-97f5-1cb20df85e7c - 52881 - LOGS_CAPTURED - Started capturing logs in process (pid: 52881).
[32m2024-08-18 15:39:12 -0400[0m - dagster - [34mDEBUG[0m - earthquake_pipeline - 988a7c85-44a0-42b0-97f5-1cb20df85e7c - 52881 - raw_earthquake - STEP_START - Started execution of step "raw_earthquake".
[32m2024-08-18 15:39:12 -0400[0m - dagster - [34mINFO[0m - earthquake_pipeline - 988a7c85-44a0-42b0-97f5-1cb20df85e7c - raw_earthquake - Triggering Airbyte sync for connection ID: 6ea9dba8-00d9-497d-a0ec-e9b30bf2363a
[32m2024-08-18 15:39:12 -0400[0m - dagster - [34mINFO[0m - earthquake_pipeline - 988a7c85-44a0-42b0-97f5-1cb20df85e7c - raw_earthquake - Checking Airbyte server health at http://localhost:8001/api/public/v1/health
[32m2024-08-18 15:39:12 -0400[0m - dagster - [34mINFO[0m - earthquake_pipeline - 988a7c85-44a0-42b0-97f5-1cb20df85e7c - raw_earthquake - Airbyte connection is valid.
[32m2024-08-18 15:39:12 -0400[0m - dagster - [34mINFO[0m - earthquake_pipeline - 988a7c85-44a0-42b0-97f5-1cb20df85e7c - raw_earthquake - Triggering Airbyte sync job with connection ID: 6ea9dba8-00d9-497d-a0ec-e9b30bf2363a at http://localhost:8001/api/public/v1/jobs
[32m2024-08-18 15:39:13 -0400[0m - dagster - [34mDEBUG[0m - earthquake_pipeline - 988a7c85-44a0-42b0-97f5-1cb20df85e7c - raw_earthquake - Sync job trigger response: Status code: 200 - Response text: {"jobId":299,"status":"running","jobType":"sync","startTime":"2024-08-18T19:39:13Z","connectionId":"6ea9dba8-00d9-497d-a0ec-e9b30bf2363a","duration":"PT0S"}
[32m2024-08-18 15:39:13 -0400[0m - dagster - [34mINFO[0m - earthquake_pipeline - 988a7c85-44a0-42b0-97f5-1cb20df85e7c - raw_earthquake - Sync job triggered successfully. Job ID: 299
[32m2024-08-18 15:39:13 -0400[0m - dagster - [34mINFO[0m - earthquake_pipeline - 988a7c85-44a0-42b0-97f5-1cb20df85e7c - raw_earthquake - Checking status of Airbyte sync job with Job ID: 299
[32m2024-08-18 15:39:13 -0400[0m - dagster - [34mDEBUG[0m - earthquake_pipeline - 988a7c85-44a0-42b0-97f5-1cb20df85e7c - raw_earthquake - Requesting job status from http://localhost:8001/api/public/v1/jobs/299
[32m2024-08-18 15:39:13 -0400[0m - dagster - [34mDEBUG[0m - earthquake_pipeline - 988a7c85-44a0-42b0-97f5-1cb20df85e7c - raw_earthquake - Job status response: Status code: 200 - Response text: {"jobId":299,"status":"running","jobType":"sync","startTime":"2024-08-18T19:39:13Z","connectionId":"6ea9dba8-00d9-497d-a0ec-e9b30bf2363a","duration":"PT0S","bytesSynced":0,"rowsSynced":0}
[32m2024-08-18 15:39:13 -0400[0m - dagster - [34mINFO[0m - earthquake_pipeline - 988a7c85-44a0-42b0-97f5-1cb20df85e7c - raw_earthquake - Job 299 is still in progress. Checking again in 10 seconds.
[32m2024-08-18 15:39:23 -0400[0m - dagster - [34mDEBUG[0m - earthquake_pipeline - 988a7c85-44a0-42b0-97f5-1cb20df85e7c - raw_earthquake - Requesting job status from http://localhost:8001/api/public/v1/jobs/299
[32m2024-08-18 15:39:24 -0400[0m - dagster - [34mDEBUG[0m - earthquake_pipeline - 988a7c85-44a0-42b0-97f5-1cb20df85e7c - raw_earthquake - Job status response: Status code: 200 - Response text: {"jobId":299,"status":"running","jobType":"sync","startTime":"2024-08-18T19:39:13Z","connectionId":"6ea9dba8-00d9-497d-a0ec-e9b30bf2363a","duration":"PT0S","bytesSynced":0,"rowsSynced":0}
[32m2024-08-18 15:39:24 -0400[0m - dagster - [34mINFO[0m - earthquake_pipeline - 988a7c85-44a0-42b0-97f5-1cb20df85e7c - raw_earthquake - Job 299 is still in progress. Checking again in 10 seconds.
[32m2024-08-18 15:39:34 -0400[0m - dagster - [34mDEBUG[0m - earthquake_pipeline - 988a7c85-44a0-42b0-97f5-1cb20df85e7c - raw_earthquake - Requesting job status from http://localhost:8001/api/public/v1/jobs/299
[32m2024-08-18 15:39:34 -0400[0m - dagster - [34mDEBUG[0m - earthquake_pipeline - 988a7c85-44a0-42b0-97f5-1cb20df85e7c - raw_earthquake - Job status response: Status code: 200 - Response text: {"jobId":299,"status":"running","jobType":"sync","startTime":"2024-08-18T19:39:13Z","connectionId":"6ea9dba8-00d9-497d-a0ec-e9b30bf2363a","duration":"PT0S","bytesSynced":0,"rowsSynced":0}
[32m2024-08-18 15:39:34 -0400[0m - dagster - [34mINFO[0m - earthquake_pipeline - 988a7c85-44a0-42b0-97f5-1cb20df85e7c - raw_earthquake - Job 299 is still in progress. Checking again in 10 seconds.
[32m2024-08-18 15:39:44 -0400[0m - dagster - [34mDEBUG[0m - earthquake_pipeline - 988a7c85-44a0-42b0-97f5-1cb20df85e7c - raw_earthquake - Requesting job status from http://localhost:8001/api/public/v1/jobs/299
[32m2024-08-18 15:39:44 -0400[0m - dagster - [34mDEBUG[0m - earthquake_pipeline - 988a7c85-44a0-42b0-97f5-1cb20df85e7c - raw_earthquake - Job status response: Status code: 200 - Response text: {"jobId":299,"status":"running","jobType":"sync","startTime":"2024-08-18T19:39:13Z","connectionId":"6ea9dba8-00d9-497d-a0ec-e9b30bf2363a","duration":"PT0S","bytesSynced":0,"rowsSynced":0}
[32m2024-08-18 15:39:44 -0400[0m - dagster - [34mINFO[0m - earthquake_pipeline - 988a7c85-44a0-42b0-97f5-1cb20df85e7c - raw_earthquake - Job 299 is still in progress. Checking again in 10 seconds.
[32m2024-08-18 15:39:54 -0400[0m - dagster - [34mDEBUG[0m - earthquake_pipeline - 988a7c85-44a0-42b0-97f5-1cb20df85e7c - raw_earthquake - Requesting job status from http://localhost:8001/api/public/v1/jobs/299
[32m2024-08-18 15:39:54 -0400[0m - dagster - [34mDEBUG[0m - earthquake_pipeline - 988a7c85-44a0-42b0-97f5-1cb20df85e7c - raw_earthquake - Job status response: Status code: 200 - Response text: {"jobId":299,"status":"succeeded","jobType":"sync","startTime":"2024-08-18T19:39:13Z","connectionId":"6ea9dba8-00d9-497d-a0ec-e9b30bf2363a","lastUpdatedAt":"2024-08-18T19:39:49Z","duration":"PT36S","bytesSynced":139700,"rowsSynced":1}
[32m2024-08-18 15:39:54 -0400[0m - dagster - [34mINFO[0m - earthquake_pipeline - 988a7c85-44a0-42b0-97f5-1cb20df85e7c - raw_earthquake - Airbyte sync job 299 completed successfully.
[32m2024-08-18 15:39:54 -0400[0m - dagster - [34mDEBUG[0m - earthquake_pipeline - 988a7c85-44a0-42b0-97f5-1cb20df85e7c - 52881 - raw_earthquake - STEP_OUTPUT - Yielded output "result" of type "Nothing". (Type check passed).
[32m2024-08-18 15:39:55 -0400[0m - dagster - [34mDEBUG[0m - earthquake_pipeline - 988a7c85-44a0-42b0-97f5-1cb20df85e7c - 52881 - raw_earthquake - STEP_SUCCESS - Finished execution of step "raw_earthquake" in 42.71s.
