[32m2024-08-18 14:46:26 -0400[0m - dagster - [34mDEBUG[0m - earthquake_pipeline - 48b12d6d-7882-46bc-a71d-47751526ca24 - 48120 - LOGS_CAPTURED - Started capturing logs in process (pid: 48120).
[32m2024-08-18 14:46:26 -0400[0m - dagster - [34mDEBUG[0m - earthquake_pipeline - 48b12d6d-7882-46bc-a71d-47751526ca24 - 48120 - raw_earthquake - STEP_START - Started execution of step "raw_earthquake".
[32m2024-08-18 14:46:26 -0400[0m - dagster - [34mINFO[0m - earthquake_pipeline - 48b12d6d-7882-46bc-a71d-47751526ca24 - raw_earthquake - Triggering Airbyte sync for connection ID: 6ea9dba8-00d9-497d-a0ec-e9b30bf2363a
[32m2024-08-18 14:46:26 -0400[0m - dagster - [34mINFO[0m - earthquake_pipeline - 48b12d6d-7882-46bc-a71d-47751526ca24 - raw_earthquake - Checking Airbyte server health at http://localhost:8001/api/public/v1/health
[32m2024-08-18 14:46:27 -0400[0m - dagster - [34mINFO[0m - earthquake_pipeline - 48b12d6d-7882-46bc-a71d-47751526ca24 - raw_earthquake - Airbyte connection is valid.
[32m2024-08-18 14:46:27 -0400[0m - dagster - [34mINFO[0m - earthquake_pipeline - 48b12d6d-7882-46bc-a71d-47751526ca24 - raw_earthquake - Triggering Airbyte sync job with connection ID: 6ea9dba8-00d9-497d-a0ec-e9b30bf2363a at http://localhost:8001/api/public/v1/jobs
[32m2024-08-18 14:46:31 -0400[0m - dagster - [34mDEBUG[0m - earthquake_pipeline - 48b12d6d-7882-46bc-a71d-47751526ca24 - raw_earthquake - Sync job trigger response: Status code: 200 - Response text: {"jobId":280,"status":"running","jobType":"sync","startTime":"2024-08-18T18:46:30Z","connectionId":"6ea9dba8-00d9-497d-a0ec-e9b30bf2363a","duration":"PT0S"}
[32m2024-08-18 14:46:31 -0400[0m - dagster - [34mINFO[0m - earthquake_pipeline - 48b12d6d-7882-46bc-a71d-47751526ca24 - raw_earthquake - Sync job triggered successfully. Job ID: 280
[32m2024-08-18 14:46:31 -0400[0m - dagster - [34mINFO[0m - earthquake_pipeline - 48b12d6d-7882-46bc-a71d-47751526ca24 - raw_earthquake - Checking status of Airbyte sync job with Job ID: 280
[32m2024-08-18 14:46:31 -0400[0m - dagster - [34mDEBUG[0m - earthquake_pipeline - 48b12d6d-7882-46bc-a71d-47751526ca24 - raw_earthquake - Requesting job status from http://localhost:8001/api/public/v1/jobs/280
[32m2024-08-18 14:46:31 -0400[0m - dagster - [34mDEBUG[0m - earthquake_pipeline - 48b12d6d-7882-46bc-a71d-47751526ca24 - raw_earthquake - Job status response: Status code: 200 - Response text: {"jobId":280,"status":"running","jobType":"sync","startTime":"2024-08-18T18:46:30Z","connectionId":"6ea9dba8-00d9-497d-a0ec-e9b30bf2363a","duration":"PT0S","bytesSynced":0,"rowsSynced":0}
[32m2024-08-18 14:46:31 -0400[0m - dagster - [34mINFO[0m - earthquake_pipeline - 48b12d6d-7882-46bc-a71d-47751526ca24 - raw_earthquake - Job 280 is still in progress. Checking again in 10 seconds.
[32m2024-08-18 14:46:41 -0400[0m - dagster - [34mDEBUG[0m - earthquake_pipeline - 48b12d6d-7882-46bc-a71d-47751526ca24 - raw_earthquake - Requesting job status from http://localhost:8001/api/public/v1/jobs/280
[32m2024-08-18 14:46:41 -0400[0m - dagster - [34mDEBUG[0m - earthquake_pipeline - 48b12d6d-7882-46bc-a71d-47751526ca24 - raw_earthquake - Job status response: Status code: 200 - Response text: {"jobId":280,"status":"running","jobType":"sync","startTime":"2024-08-18T18:46:30Z","connectionId":"6ea9dba8-00d9-497d-a0ec-e9b30bf2363a","duration":"PT0S","bytesSynced":0,"rowsSynced":0}
[32m2024-08-18 14:46:41 -0400[0m - dagster - [34mINFO[0m - earthquake_pipeline - 48b12d6d-7882-46bc-a71d-47751526ca24 - raw_earthquake - Job 280 is still in progress. Checking again in 10 seconds.
[32m2024-08-18 14:46:51 -0400[0m - dagster - [34mDEBUG[0m - earthquake_pipeline - 48b12d6d-7882-46bc-a71d-47751526ca24 - raw_earthquake - Requesting job status from http://localhost:8001/api/public/v1/jobs/280
[32m2024-08-18 14:46:52 -0400[0m - dagster - [34mDEBUG[0m - earthquake_pipeline - 48b12d6d-7882-46bc-a71d-47751526ca24 - raw_earthquake - Job status response: Status code: 200 - Response text: {"jobId":280,"status":"running","jobType":"sync","startTime":"2024-08-18T18:46:30Z","connectionId":"6ea9dba8-00d9-497d-a0ec-e9b30bf2363a","duration":"PT0S","bytesSynced":0,"rowsSynced":0}
[32m2024-08-18 14:46:52 -0400[0m - dagster - [34mINFO[0m - earthquake_pipeline - 48b12d6d-7882-46bc-a71d-47751526ca24 - raw_earthquake - Job 280 is still in progress. Checking again in 10 seconds.
[32m2024-08-18 14:47:02 -0400[0m - dagster - [34mDEBUG[0m - earthquake_pipeline - 48b12d6d-7882-46bc-a71d-47751526ca24 - raw_earthquake - Requesting job status from http://localhost:8001/api/public/v1/jobs/280
[32m2024-08-18 14:47:02 -0400[0m - dagster - [34mDEBUG[0m - earthquake_pipeline - 48b12d6d-7882-46bc-a71d-47751526ca24 - raw_earthquake - Job status response: Status code: 200 - Response text: {"jobId":280,"status":"running","jobType":"sync","startTime":"2024-08-18T18:46:30Z","connectionId":"6ea9dba8-00d9-497d-a0ec-e9b30bf2363a","duration":"PT0S","bytesSynced":0,"rowsSynced":0}
[32m2024-08-18 14:47:02 -0400[0m - dagster - [34mINFO[0m - earthquake_pipeline - 48b12d6d-7882-46bc-a71d-47751526ca24 - raw_earthquake - Job 280 is still in progress. Checking again in 10 seconds.
[32m2024-08-18 14:47:12 -0400[0m - dagster - [34mDEBUG[0m - earthquake_pipeline - 48b12d6d-7882-46bc-a71d-47751526ca24 - raw_earthquake - Requesting job status from http://localhost:8001/api/public/v1/jobs/280
[32m2024-08-18 14:47:12 -0400[0m - dagster - [34mDEBUG[0m - earthquake_pipeline - 48b12d6d-7882-46bc-a71d-47751526ca24 - raw_earthquake - Job status response: Status code: 200 - Response text: {"jobId":280,"status":"running","jobType":"sync","startTime":"2024-08-18T18:46:30Z","connectionId":"6ea9dba8-00d9-497d-a0ec-e9b30bf2363a","duration":"PT0S","bytesSynced":139197,"rowsSynced":1}
[32m2024-08-18 14:47:12 -0400[0m - dagster - [34mINFO[0m - earthquake_pipeline - 48b12d6d-7882-46bc-a71d-47751526ca24 - raw_earthquake - Job 280 is still in progress. Checking again in 10 seconds.
[32m2024-08-18 14:47:22 -0400[0m - dagster - [34mDEBUG[0m - earthquake_pipeline - 48b12d6d-7882-46bc-a71d-47751526ca24 - raw_earthquake - Requesting job status from http://localhost:8001/api/public/v1/jobs/280
[32m2024-08-18 14:47:22 -0400[0m - dagster - [34mDEBUG[0m - earthquake_pipeline - 48b12d6d-7882-46bc-a71d-47751526ca24 - raw_earthquake - Job status response: Status code: 200 - Response text: {"jobId":280,"status":"succeeded","jobType":"sync","startTime":"2024-08-18T18:46:30Z","connectionId":"6ea9dba8-00d9-497d-a0ec-e9b30bf2363a","lastUpdatedAt":"2024-08-18T18:47:12Z","duration":"PT42S","bytesSynced":139197,"rowsSynced":1}
[32m2024-08-18 14:47:22 -0400[0m - dagster - [34mINFO[0m - earthquake_pipeline - 48b12d6d-7882-46bc-a71d-47751526ca24 - raw_earthquake - Airbyte sync job 280 completed successfully.
[32m2024-08-18 14:47:22 -0400[0m - dagster - [34mDEBUG[0m - earthquake_pipeline - 48b12d6d-7882-46bc-a71d-47751526ca24 - 48120 - raw_earthquake - STEP_OUTPUT - Yielded output "result" of type "Nothing". (Type check passed).
[32m2024-08-18 14:47:22 -0400[0m - dagster - [34mDEBUG[0m - earthquake_pipeline - 48b12d6d-7882-46bc-a71d-47751526ca24 - 48120 - raw_earthquake - STEP_SUCCESS - Finished execution of step "raw_earthquake" in 55.65s.
