[32m2024-08-18 14:19:55 -0400[0m - dagster - [34mDEBUG[0m - earthquake_pipeline - 38e16bc7-213a-451e-998c-149f802426d0 - 46266 - LOGS_CAPTURED - Started capturing logs in process (pid: 46266).
[32m2024-08-18 14:19:55 -0400[0m - dagster - [34mDEBUG[0m - earthquake_pipeline - 38e16bc7-213a-451e-998c-149f802426d0 - 46266 - raw_earthquake - STEP_START - Started execution of step "raw_earthquake".
[32m2024-08-18 14:19:55 -0400[0m - dagster - [34mINFO[0m - earthquake_pipeline - 38e16bc7-213a-451e-998c-149f802426d0 - raw_earthquake - Triggering Airbyte sync for connection ID: 6ea9dba8-00d9-497d-a0ec-e9b30bf2363a
[32m2024-08-18 14:19:55 -0400[0m - dagster - [34mINFO[0m - earthquake_pipeline - 38e16bc7-213a-451e-998c-149f802426d0 - raw_earthquake - Checking Airbyte server health at http://localhost:8001/api/public/v1/health
[32m2024-08-18 14:19:55 -0400[0m - dagster - [34mINFO[0m - earthquake_pipeline - 38e16bc7-213a-451e-998c-149f802426d0 - raw_earthquake - Airbyte connection is valid.
[32m2024-08-18 14:19:55 -0400[0m - dagster - [34mINFO[0m - earthquake_pipeline - 38e16bc7-213a-451e-998c-149f802426d0 - raw_earthquake - Triggering Airbyte sync job with connection ID: 6ea9dba8-00d9-497d-a0ec-e9b30bf2363a at http://localhost:8001/api/public/v1/jobs
[32m2024-08-18 14:19:59 -0400[0m - dagster - [34mDEBUG[0m - earthquake_pipeline - 38e16bc7-213a-451e-998c-149f802426d0 - raw_earthquake - Sync job trigger response: Status code: 200 - Response text: {"jobId":277,"status":"running","jobType":"sync","startTime":"2024-08-18T18:19:58Z","connectionId":"6ea9dba8-00d9-497d-a0ec-e9b30bf2363a","duration":"PT0S"}
[32m2024-08-18 14:19:59 -0400[0m - dagster - [34mINFO[0m - earthquake_pipeline - 38e16bc7-213a-451e-998c-149f802426d0 - raw_earthquake - Sync job triggered successfully. Job ID: 277
[32m2024-08-18 14:19:59 -0400[0m - dagster - [34mINFO[0m - earthquake_pipeline - 38e16bc7-213a-451e-998c-149f802426d0 - raw_earthquake - Checking status of Airbyte sync job with Job ID: 277
[32m2024-08-18 14:19:59 -0400[0m - dagster - [34mDEBUG[0m - earthquake_pipeline - 38e16bc7-213a-451e-998c-149f802426d0 - raw_earthquake - Requesting job status from http://localhost:8001/api/public/v1/jobs/277
[32m2024-08-18 14:19:59 -0400[0m - dagster - [34mDEBUG[0m - earthquake_pipeline - 38e16bc7-213a-451e-998c-149f802426d0 - raw_earthquake - Job status response: Status code: 200 - Response text: {"jobId":277,"status":"running","jobType":"sync","startTime":"2024-08-18T18:19:58Z","connectionId":"6ea9dba8-00d9-497d-a0ec-e9b30bf2363a","duration":"PT0S","bytesSynced":0,"rowsSynced":0}
[32m2024-08-18 14:19:59 -0400[0m - dagster - [34mINFO[0m - earthquake_pipeline - 38e16bc7-213a-451e-998c-149f802426d0 - raw_earthquake - Job 277 is still in progress. Checking again in 10 seconds.
[32m2024-08-18 14:20:09 -0400[0m - dagster - [34mDEBUG[0m - earthquake_pipeline - 38e16bc7-213a-451e-998c-149f802426d0 - raw_earthquake - Requesting job status from http://localhost:8001/api/public/v1/jobs/277
[32m2024-08-18 14:20:09 -0400[0m - dagster - [34mDEBUG[0m - earthquake_pipeline - 38e16bc7-213a-451e-998c-149f802426d0 - raw_earthquake - Job status response: Status code: 200 - Response text: {"jobId":277,"status":"running","jobType":"sync","startTime":"2024-08-18T18:19:58Z","connectionId":"6ea9dba8-00d9-497d-a0ec-e9b30bf2363a","duration":"PT0S","bytesSynced":0,"rowsSynced":0}
[32m2024-08-18 14:20:09 -0400[0m - dagster - [34mINFO[0m - earthquake_pipeline - 38e16bc7-213a-451e-998c-149f802426d0 - raw_earthquake - Job 277 is still in progress. Checking again in 10 seconds.
[32m2024-08-18 14:20:19 -0400[0m - dagster - [34mDEBUG[0m - earthquake_pipeline - 38e16bc7-213a-451e-998c-149f802426d0 - raw_earthquake - Requesting job status from http://localhost:8001/api/public/v1/jobs/277
[32m2024-08-18 14:20:20 -0400[0m - dagster - [34mDEBUG[0m - earthquake_pipeline - 38e16bc7-213a-451e-998c-149f802426d0 - raw_earthquake - Job status response: Status code: 200 - Response text: {"jobId":277,"status":"running","jobType":"sync","startTime":"2024-08-18T18:19:58Z","connectionId":"6ea9dba8-00d9-497d-a0ec-e9b30bf2363a","duration":"PT0S","bytesSynced":0,"rowsSynced":0}
[32m2024-08-18 14:20:20 -0400[0m - dagster - [34mINFO[0m - earthquake_pipeline - 38e16bc7-213a-451e-998c-149f802426d0 - raw_earthquake - Job 277 is still in progress. Checking again in 10 seconds.
[32m2024-08-18 14:20:30 -0400[0m - dagster - [34mDEBUG[0m - earthquake_pipeline - 38e16bc7-213a-451e-998c-149f802426d0 - raw_earthquake - Requesting job status from http://localhost:8001/api/public/v1/jobs/277
[32m2024-08-18 14:20:30 -0400[0m - dagster - [34mDEBUG[0m - earthquake_pipeline - 38e16bc7-213a-451e-998c-149f802426d0 - raw_earthquake - Job status response: Status code: 200 - Response text: {"jobId":277,"status":"running","jobType":"sync","startTime":"2024-08-18T18:19:58Z","connectionId":"6ea9dba8-00d9-497d-a0ec-e9b30bf2363a","duration":"PT0S","bytesSynced":0,"rowsSynced":0}
[32m2024-08-18 14:20:30 -0400[0m - dagster - [34mINFO[0m - earthquake_pipeline - 38e16bc7-213a-451e-998c-149f802426d0 - raw_earthquake - Job 277 is still in progress. Checking again in 10 seconds.
[32m2024-08-18 14:20:40 -0400[0m - dagster - [34mDEBUG[0m - earthquake_pipeline - 38e16bc7-213a-451e-998c-149f802426d0 - raw_earthquake - Requesting job status from http://localhost:8001/api/public/v1/jobs/277
[32m2024-08-18 14:20:40 -0400[0m - dagster - [34mDEBUG[0m - earthquake_pipeline - 38e16bc7-213a-451e-998c-149f802426d0 - raw_earthquake - Job status response: Status code: 200 - Response text: {"jobId":277,"status":"running","jobType":"sync","startTime":"2024-08-18T18:19:58Z","connectionId":"6ea9dba8-00d9-497d-a0ec-e9b30bf2363a","duration":"PT0S","bytesSynced":142096,"rowsSynced":1}
[32m2024-08-18 14:20:40 -0400[0m - dagster - [34mINFO[0m - earthquake_pipeline - 38e16bc7-213a-451e-998c-149f802426d0 - raw_earthquake - Job 277 is still in progress. Checking again in 10 seconds.
[32m2024-08-18 14:20:50 -0400[0m - dagster - [34mDEBUG[0m - earthquake_pipeline - 38e16bc7-213a-451e-998c-149f802426d0 - raw_earthquake - Requesting job status from http://localhost:8001/api/public/v1/jobs/277
[32m2024-08-18 14:20:50 -0400[0m - dagster - [34mDEBUG[0m - earthquake_pipeline - 38e16bc7-213a-451e-998c-149f802426d0 - raw_earthquake - Job status response: Status code: 200 - Response text: {"jobId":277,"status":"succeeded","jobType":"sync","startTime":"2024-08-18T18:19:58Z","connectionId":"6ea9dba8-00d9-497d-a0ec-e9b30bf2363a","lastUpdatedAt":"2024-08-18T18:20:40Z","duration":"PT42S","bytesSynced":142096,"rowsSynced":1}
[32m2024-08-18 14:20:50 -0400[0m - dagster - [34mINFO[0m - earthquake_pipeline - 38e16bc7-213a-451e-998c-149f802426d0 - raw_earthquake - Airbyte sync job 277 completed successfully.
[32m2024-08-18 14:20:50 -0400[0m - dagster - [34mDEBUG[0m - earthquake_pipeline - 38e16bc7-213a-451e-998c-149f802426d0 - 46266 - raw_earthquake - STEP_OUTPUT - Yielded output "result" of type "Nothing". (Type check passed).
[32m2024-08-18 14:20:50 -0400[0m - dagster - [34mDEBUG[0m - earthquake_pipeline - 38e16bc7-213a-451e-998c-149f802426d0 - 46266 - raw_earthquake - STEP_SUCCESS - Finished execution of step "raw_earthquake" in 55.31s.
